{"D:\\Web-Developement-Projects\\quasar\\vania-quasar\\src\\App.vue": {"path":"D:\\Web-Developement-Projects\\quasar\\vania-quasar\\src\\App.vue","statementMap":{"0":{"start":{"line":8,"column":0},"end":{"line":8,"column":null}}},"fnMap":{},"branchMap":{},"s":{"0":0},"f":{},"b":{}}
,"D:\\Web-Developement-Projects\\quasar\\vania-quasar\\src\\config.ts": {"path":"D:\\Web-Developement-Projects\\quasar\\vania-quasar\\src\\config.ts","statementMap":{"0":{"start":{"line":1,"column":15},"end":{"line":1,"column":null}},"1":{"start":{"line":16,"column":0},"end":{"line":16,"column":6}},"2":{"start":{"line":18,"column":0},"end":{"line":18,"column":15}}},"fnMap":{},"branchMap":{},"s":{"0":0,"1":0,"2":0},"f":{},"b":{}}
,"D:\\Web-Developement-Projects\\quasar\\vania-quasar\\src\\local-storage.js": {"path":"D:\\Web-Developement-Projects\\quasar\\vania-quasar\\src\\local-storage.js","statementMap":{"0":{"start":{"line":5,"column":31},"end":{"line":5,"column":43}},"1":{"start":{"line":6,"column":0},"end":{"line":9,"column":2}},"2":{"start":{"line":11,"column":30},"end":{"line":11,"column":42}},"3":{"start":{"line":12,"column":0},"end":{"line":12,"column":49}},"4":{"start":{"line":13,"column":0},"end":{"line":20,"column":2}},"5":{"start":{"line":14,"column":21},"end":{"line":14,"column":42}},"6":{"start":{"line":15,"column":2},"end":{"line":19,"column":3}},"7":{"start":{"line":16,"column":4},"end":{"line":16,"column":27}},"8":{"start":{"line":18,"column":4},"end":{"line":18,"column":27}},"9":{"start":{"line":23,"column":2},"end":{"line":23,"column":54}},"10":{"start":{"line":24,"column":2},"end":{"line":24,"column":28}},"11":{"start":{"line":27,"column":38},"end":{"line":27,"column":50}},"12":{"start":{"line":28,"column":0},"end":{"line":30,"column":2}},"13":{"start":{"line":33,"column":2},"end":{"line":33,"column":60}},"14":{"start":{"line":34,"column":2},"end":{"line":34,"column":38}},"15":{"start":{"line":37,"column":40},"end":{"line":37,"column":52}},"16":{"start":{"line":38,"column":0},"end":{"line":40,"column":2}},"17":{"start":{"line":43,"column":2},"end":{"line":43,"column":62}},"18":{"start":{"line":44,"column":2},"end":{"line":44,"column":40}},"19":{"start":{"line":47,"column":35},"end":{"line":47,"column":47}},"20":{"start":{"line":48,"column":0},"end":{"line":48,"column":60}},"21":{"start":{"line":51,"column":2},"end":{"line":51,"column":53}},"22":{"start":{"line":52,"column":2},"end":{"line":52,"column":31}},"23":{"start":{"line":55,"column":39},"end":{"line":55,"column":51}},"24":{"start":{"line":56,"column":0},"end":{"line":56,"column":68}},"25":{"start":{"line":59,"column":2},"end":{"line":59,"column":57}},"26":{"start":{"line":60,"column":2},"end":{"line":60,"column":35}},"27":{"start":{"line":64,"column":2},"end":{"line":64,"column":48}},"28":{"start":{"line":68,"column":2},"end":{"line":68,"column":59}},"29":{"start":{"line":72,"column":17},"end":{"line":72,"column":42}},"30":{"start":{"line":74,"column":2},"end":{"line":78,"column":3}},"31":{"start":{"line":75,"column":4},"end":{"line":75,"column":30}},"32":{"start":{"line":77,"column":4},"end":{"line":77,"column":24}},"33":{"start":{"line":79,"column":2},"end":{"line":79,"column":16}}},"fnMap":{"0":{"name":"(anonymous_0)","decl":{"start":{"line":13,"column":16},"end":{"line":13,"column":17}},"loc":{"start":{"line":13,"column":27},"end":{"line":20,"column":1}},"line":13},"1":{"name":"saveTempScale","decl":{"start":{"line":22,"column":16},"end":{"line":22,"column":29}},"loc":{"start":{"line":22,"column":37},"end":{"line":25,"column":1}},"line":22},"2":{"name":"saveTempReminder","decl":{"start":{"line":32,"column":16},"end":{"line":32,"column":32}},"loc":{"start":{"line":32,"column":43},"end":{"line":35,"column":1}},"line":32},"3":{"name":"savePeriodReminder","decl":{"start":{"line":42,"column":16},"end":{"line":42,"column":34}},"loc":{"start":{"line":42,"column":45},"end":{"line":45,"column":1}},"line":42},"4":{"name":"saveUseCervix","decl":{"start":{"line":50,"column":16},"end":{"line":50,"column":29}},"loc":{"start":{"line":50,"column":36},"end":{"line":53,"column":1}},"line":50},"5":{"name":"saveEncryptionFlag","decl":{"start":{"line":58,"column":16},"end":{"line":58,"column":34}},"loc":{"start":{"line":58,"column":41},"end":{"line":61,"column":1}},"line":58},"6":{"name":"getLicenseFlag","decl":{"start":{"line":63,"column":16},"end":{"line":63,"column":30}},"loc":{"start":{"line":63,"column":33},"end":{"line":65,"column":1}},"line":63},"7":{"name":"saveLicenseFlag","decl":{"start":{"line":67,"column":16},"end":{"line":67,"column":31}},"loc":{"start":{"line":67,"column":34},"end":{"line":69,"column":1}},"line":67},"8":{"name":"setObvWithInitValue","decl":{"start":{"line":71,"column":9},"end":{"line":71,"column":28}},"loc":{"start":{"line":71,"column":53},"end":{"line":80,"column":1}},"line":71}},"branchMap":{"0":{"loc":{"start":{"line":15,"column":2},"end":{"line":19,"column":3}},"type":"if","locations":[{"start":{"line":15,"column":2},"end":{"line":19,"column":3}},{"start":{"line":15,"column":2},"end":{"line":19,"column":3}}],"line":15},"1":{"loc":{"start":{"line":74,"column":2},"end":{"line":78,"column":3}},"type":"if","locations":[{"start":{"line":74,"column":2},"end":{"line":78,"column":3}},{"start":{"line":74,"column":2},"end":{"line":78,"column":3}}],"line":74}},"s":{"0":0,"1":0,"2":0,"3":0,"4":0,"5":0,"6":0,"7":0,"8":0,"9":0,"10":0,"11":0,"12":0,"13":0,"14":0,"15":0,"16":0,"17":0,"18":0,"19":0,"20":0,"21":0,"22":0,"23":0,"24":0,"25":0,"26":0,"27":0,"28":0,"29":0,"30":0,"31":0,"32":0,"33":0},"f":{"0":0,"1":0,"2":0,"3":0,"4":0,"5":0,"6":0,"7":0,"8":0},"b":{"0":[0,0],"1":[0,0]},"hash":"de7ebc52fb683df4880a6e216dd563cc422e0d2b"}
,"D:\\Web-Developement-Projects\\quasar\\vania-quasar\\src\\boot\\rx.ts": {"path":"D:\\Web-Developement-Projects\\quasar\\vania-quasar\\src\\boot\\rx.ts","statementMap":{"0":{"start":{"line":1,"column":0},"end":{"line":1,"column":null}},"1":{"start":{"line":2,"column":0},"end":{"line":2,"column":null}},"2":{"start":{"line":6,"column":0},"end":{"line":6,"column":15}},"3":{"start":{"line":6,"column":27},"end":{"line":6,"column":26}},"4":{"start":{"line":7,"column":2},"end":{"line":7,"column":5}}},"fnMap":{"0":{"name":"(anonymous_0)","decl":{"start":{"line":6,"column":15},"end":{"line":6,"column":18}},"loc":{"start":{"line":6,"column":27},"end":{"line":8,"column":null}}}},"branchMap":{},"s":{"0":0,"1":0,"2":0,"3":0,"4":0},"f":{"0":0},"b":{}}
,"D:\\Web-Developement-Projects\\quasar\\vania-quasar\\src\\components\\calendar-comp.vue": {"path":"D:\\Web-Developement-Projects\\quasar\\vania-quasar\\src\\components\\calendar-comp.vue","statementMap":{"0":{"start":{"line":30,"column":0},"end":{"line":30,"column":null}},"1":{"start":{"line":31,"column":0},"end":{"line":31,"column":null}},"2":{"start":{"line":32,"column":0},"end":{"line":32,"column":null}},"3":{"start":{"line":39,"column":0},"end":{"line":39,"column":null}},"4":{"start":{"line":36,"column":0},"end":{"line":36,"column":null}},"5":{"start":{"line":41,"column":0},"end":{"line":41,"column":null}},"6":{"start":{"line":42,"column":0},"end":{"line":42,"column":null}},"7":{"start":{"line":43,"column":0},"end":{"line":43,"column":null}},"8":{"start":{"line":45,"column":0},"end":{"line":45,"column":null}},"9":{"start":{"line":46,"column":0},"end":{"line":52,"column":null}},"10":{"start":{"line":48,"column":0},"end":{"line":48,"column":null}},"11":{"start":{"line":49,"column":0},"end":{"line":49,"column":null}},"12":{"start":{"line":51,"column":0},"end":{"line":51,"column":null}},"13":{"start":{"line":52,"column":0},"end":{"line":52,"column":null}},"14":{"start":{"line":57,"column":0},"end":{"line":57,"column":null}},"15":{"start":{"line":40,"column":0},"end":{"line":40,"column":null}},"16":{"start":{"line":39,"column":0},"end":{"line":36,"column":null}}},"fnMap":{"0":{"name":"(anonymous_2)","decl":{"start":{"line":39,"column":0},"end":{"line":39,"column":null}},"loc":{"start":{"line":39,"column":0},"end":{"line":39,"column":null}}},"1":{"name":"Calendar","decl":{"start":{"line":36,"column":0},"end":{"line":36,"column":null}},"loc":{"start":{"line":36,"column":0},"end":{"line":59,"column":null}}},"2":{"name":"(anonymous_5)","decl":{"start":{"line":46,"column":0},"end":{"line":46,"column":null}},"loc":{"start":{"line":46,"column":0},"end":{"line":50,"column":null}}},"3":{"name":"(anonymous_6)","decl":{"start":{"line":50,"column":0},"end":{"line":50,"column":null}},"loc":{"start":{"line":50,"column":0},"end":{"line":51,"column":null}}},"4":{"name":"(anonymous_7)","decl":{"start":{"line":51,"column":0},"end":{"line":51,"column":null}},"loc":{"start":{"line":51,"column":0},"end":{"line":52,"column":null}}}},"branchMap":{"0":{"loc":{"start":{"line":49,"column":0},"end":{"line":49,"column":null}},"type":"if","locations":[{"start":{"line":49,"column":0},"end":{"line":49,"column":null}},{"start":{"line":49,"column":0},"end":{"line":49,"column":null}}]},"1":{"loc":{"start":{"line":57,"column":0},"end":{"line":57,"column":null}},"type":"binary-expr","locations":[{"start":{"line":57,"column":0},"end":{"line":57,"column":null}},{"start":{"line":57,"column":0},"end":{"line":57,"column":null}}]}},"s":{"0":0,"1":0,"2":0,"3":0,"4":0,"5":0,"6":0,"7":0,"8":0,"9":0,"10":0,"11":0,"12":0,"13":0,"14":0,"15":0,"16":0},"f":{"0":0,"1":0,"2":0,"3":0,"4":0},"b":{"0":[0,0],"1":[0,0]}}
,"D:\\Web-Developement-Projects\\quasar\\vania-quasar\\src\\components\\calendar-footer.vue": {"path":"D:\\Web-Developement-Projects\\quasar\\vania-quasar\\src\\components\\calendar-footer.vue","statementMap":{"0":{"start":{"line":10,"column":0},"end":{"line":10,"column":null}}},"fnMap":{},"branchMap":{},"s":{"0":0},"f":{},"b":{}}
,"D:\\Web-Developement-Projects\\quasar\\vania-quasar\\src\\components\\calendar-header.vue": {"path":"D:\\Web-Developement-Projects\\quasar\\vania-quasar\\src\\components\\calendar-header.vue","statementMap":{"0":{"start":{"line":50,"column":0},"end":{"line":50,"column":null}},"1":{"start":{"line":51,"column":0},"end":{"line":51,"column":null}},"2":{"start":{"line":52,"column":0},"end":{"line":52,"column":null}},"3":{"start":{"line":70,"column":0},"end":{"line":70,"column":null}},"4":{"start":{"line":54,"column":0},"end":{"line":54,"column":null}},"5":{"start":{"line":72,"column":0},"end":{"line":72,"column":null}},"6":{"start":{"line":73,"column":0},"end":{"line":73,"column":null}},"7":{"start":{"line":74,"column":0},"end":{"line":74,"column":null}},"8":{"start":{"line":75,"column":0},"end":{"line":75,"column":null}},"9":{"start":{"line":79,"column":0},"end":{"line":79,"column":null}},"10":{"start":{"line":83,"column":0},"end":{"line":83,"column":null}},"11":{"start":{"line":87,"column":0},"end":{"line":87,"column":null}},"12":{"start":{"line":71,"column":0},"end":{"line":71,"column":null}},"13":{"start":{"line":78,"column":0},"end":{"line":78,"column":null}},"14":{"start":{"line":70,"column":0},"end":{"line":54,"column":null}}},"fnMap":{"0":{"name":"(anonymous_2)","decl":{"start":{"line":70,"column":0},"end":{"line":70,"column":null}},"loc":{"start":{"line":70,"column":0},"end":{"line":70,"column":null}}},"1":{"name":"CalendarHeader","decl":{"start":{"line":54,"column":0},"end":{"line":54,"column":null}},"loc":{"start":{"line":54,"column":0},"end":{"line":89,"column":null}}},"2":{"name":"_default","decl":{"start":{"line":71,"column":0},"end":{"line":71,"column":null}},"loc":{"start":{"line":71,"column":0},"end":{"line":71,"column":null}}}},"branchMap":{},"s":{"0":0,"1":0,"2":0,"3":0,"4":0,"5":0,"6":0,"7":0,"8":0,"9":0,"10":0,"11":0,"12":0,"13":0,"14":0},"f":{"0":0,"1":0,"2":0},"b":{}}
,"D:\\Web-Developement-Projects\\quasar\\vania-quasar\\src\\components\\custom-checkbox.vue": {"path":"D:\\Web-Developement-Projects\\quasar\\vania-quasar\\src\\components\\custom-checkbox.vue","statementMap":{"0":{"start":{"line":42,"column":0},"end":{"line":42,"column":null}},"1":{"start":{"line":46,"column":0},"end":{"line":46,"column":null}},"2":{"start":{"line":71,"column":0},"end":{"line":71,"column":null}},"3":{"start":{"line":72,"column":0},"end":{"line":72,"column":null}},"4":{"start":{"line":73,"column":0},"end":{"line":73,"column":null}},"5":{"start":{"line":60,"column":0},"end":{"line":60,"column":null}},"6":{"start":{"line":61,"column":0},"end":{"line":61,"column":null}},"7":{"start":{"line":47,"column":0},"end":{"line":47,"column":null}},"8":{"start":{"line":48,"column":0},"end":{"line":48,"column":null}},"9":{"start":{"line":49,"column":0},"end":{"line":49,"column":null}},"10":{"start":{"line":50,"column":0},"end":{"line":50,"column":null}},"11":{"start":{"line":51,"column":0},"end":{"line":51,"column":null}},"12":{"start":{"line":52,"column":0},"end":{"line":52,"column":null}},"13":{"start":{"line":53,"column":0},"end":{"line":53,"column":null}},"14":{"start":{"line":54,"column":0},"end":{"line":54,"column":null}}},"fnMap":{"0":{"name":"(anonymous_2)","decl":{"start":{"line":46,"column":0},"end":{"line":46,"column":null}},"loc":{"start":{"line":46,"column":0},"end":{"line":46,"column":null}}}},"branchMap":{},"s":{"0":2,"1":12,"2":1,"3":1,"4":1,"5":3,"6":3,"7":2,"8":2,"9":2,"10":2,"11":2,"12":2,"13":2,"14":2},"f":{"0":7},"b":{}}
,"D:\\Web-Developement-Projects\\quasar\\vania-quasar\\src\\components\\custom-radio.vue": {"path":"D:\\Web-Developement-Projects\\quasar\\vania-quasar\\src\\components\\custom-radio.vue","statementMap":{"0":{"start":{"line":52,"column":0},"end":{"line":52,"column":null}},"1":{"start":{"line":55,"column":0},"end":{"line":55,"column":null}},"2":{"start":{"line":65,"column":0},"end":{"line":65,"column":null}},"3":{"start":{"line":68,"column":0},"end":{"line":68,"column":null}},"4":{"start":{"line":56,"column":0},"end":{"line":56,"column":null}},"5":{"start":{"line":57,"column":0},"end":{"line":57,"column":null}},"6":{"start":{"line":58,"column":0},"end":{"line":58,"column":null}},"7":{"start":{"line":59,"column":0},"end":{"line":59,"column":null}},"8":{"start":{"line":60,"column":0},"end":{"line":60,"column":null}},"9":{"start":{"line":61,"column":0},"end":{"line":61,"column":null}},"10":{"start":{"line":62,"column":0},"end":{"line":62,"column":null}}},"fnMap":{"0":{"name":"(anonymous_2)","decl":{"start":{"line":55,"column":0},"end":{"line":55,"column":null}},"loc":{"start":{"line":55,"column":0},"end":{"line":55,"column":null}}}},"branchMap":{},"s":{"0":2,"1":12,"2":0,"3":0,"4":2,"5":2,"6":2,"7":2,"8":2,"9":2,"10":2},"f":{"0":3},"b":{}}
,"D:\\Web-Developement-Projects\\quasar\\vania-quasar\\src\\components\\day.vue": {"path":"D:\\Web-Developement-Projects\\quasar\\vania-quasar\\src\\components\\day.vue","statementMap":{"0":{"start":{"line":22,"column":0},"end":{"line":22,"column":null}},"1":{"start":{"line":23,"column":0},"end":{"line":23,"column":null}},"2":{"start":{"line":26,"column":0},"end":{"line":26,"column":null}},"3":{"start":{"line":25,"column":0},"end":{"line":25,"column":null}},"4":{"start":{"line":32,"column":0},"end":{"line":32,"column":null}},"5":{"start":{"line":44,"column":0},"end":{"line":44,"column":null}},"6":{"start":{"line":45,"column":0},"end":{"line":45,"column":null}},"7":{"start":{"line":46,"column":0},"end":{"line":46,"column":null}},"8":{"start":{"line":27,"column":0},"end":{"line":27,"column":null}},"9":{"start":{"line":28,"column":0},"end":{"line":28,"column":null}},"10":{"start":{"line":29,"column":0},"end":{"line":29,"column":null}},"11":{"start":{"line":30,"column":0},"end":{"line":30,"column":null}},"12":{"start":{"line":31,"column":0},"end":{"line":31,"column":null}},"13":{"start":{"line":34,"column":0},"end":{"line":34,"column":null}},"14":{"start":{"line":43,"column":0},"end":{"line":43,"column":null}}},"fnMap":{"0":{"name":"(anonymous_2)","decl":{"start":{"line":26,"column":0},"end":{"line":26,"column":null}},"loc":{"start":{"line":26,"column":0},"end":{"line":26,"column":null}}},"1":{"name":"Day","decl":{"start":{"line":25,"column":0},"end":{"line":25,"column":null}},"loc":{"start":{"line":25,"column":0},"end":{"line":48,"column":null}}},"2":{"name":"_default","decl":{"start":{"line":29,"column":0},"end":{"line":29,"column":null}},"loc":{"start":{"line":29,"column":0},"end":{"line":29,"column":null}}}},"branchMap":{},"s":{"0":0,"1":0,"2":0,"3":0,"4":0,"5":0,"6":0,"7":0,"8":0,"9":0,"10":0,"11":0,"12":0,"13":0,"14":0},"f":{"0":0,"1":0,"2":0},"b":{}}
,"D:\\Web-Developement-Projects\\quasar\\vania-quasar\\src\\components\\edit-period.vue": {"path":"D:\\Web-Developement-Projects\\quasar\\vania-quasar\\src\\components\\edit-period.vue","statementMap":{"0":{"start":{"line":66,"column":0},"end":{"line":66,"column":null}},"1":{"start":{"line":68,"column":0},"end":{"line":68,"column":null}},"2":{"start":{"line":71,"column":0},"end":{"line":71,"column":null}},"3":{"start":{"line":70,"column":0},"end":{"line":70,"column":null}},"4":{"start":{"line":75,"column":0},"end":{"line":75,"column":null}},"5":{"start":{"line":76,"column":0},"end":{"line":76,"column":null}},"6":{"start":{"line":77,"column":0},"end":{"line":77,"column":null}},"7":{"start":{"line":78,"column":0},"end":{"line":78,"column":null}},"8":{"start":{"line":79,"column":0},"end":{"line":79,"column":null}},"9":{"start":{"line":82,"column":0},"end":{"line":82,"column":null}},"10":{"start":{"line":83,"column":0},"end":{"line":83,"column":null}},"11":{"start":{"line":86,"column":0},"end":{"line":86,"column":null}},"12":{"start":{"line":87,"column":0},"end":{"line":87,"column":null}},"13":{"start":{"line":91,"column":0},"end":{"line":91,"column":null}},"14":{"start":{"line":99,"column":0},"end":{"line":99,"column":null}},"15":{"start":{"line":100,"column":0},"end":{"line":100,"column":null}},"16":{"start":{"line":72,"column":0},"end":{"line":72,"column":null}},"17":{"start":{"line":73,"column":0},"end":{"line":73,"column":null}},"18":{"start":{"line":74,"column":0},"end":{"line":74,"column":null}}},"fnMap":{"0":{"name":"(anonymous_8)","decl":{"start":{"line":71,"column":0},"end":{"line":71,"column":null}},"loc":{"start":{"line":71,"column":0},"end":{"line":71,"column":null}}},"1":{"name":"PeriodModal","decl":{"start":{"line":70,"column":0},"end":{"line":70,"column":null}},"loc":{"start":{"line":70,"column":0},"end":{"line":103,"column":null}}},"2":{"name":"_default","decl":{"start":{"line":72,"column":0},"end":{"line":72,"column":null}},"loc":{"start":{"line":72,"column":0},"end":{"line":72,"column":null}}},"3":{"name":"_default","decl":{"start":{"line":73,"column":0},"end":{"line":73,"column":null}},"loc":{"start":{"line":73,"column":0},"end":{"line":73,"column":null}}},"4":{"name":"_default","decl":{"start":{"line":74,"column":0},"end":{"line":74,"column":null}},"loc":{"start":{"line":74,"column":0},"end":{"line":74,"column":null}}}},"branchMap":{},"s":{"0":0,"1":0,"2":0,"3":0,"4":0,"5":0,"6":0,"7":0,"8":0,"9":0,"10":0,"11":0,"12":0,"13":0,"14":0,"15":0,"16":0,"17":0,"18":0},"f":{"0":0,"1":0,"2":0,"3":0,"4":0},"b":{}}
,"D:\\Web-Developement-Projects\\quasar\\vania-quasar\\src\\components\\event-section.vue": {"path":"D:\\Web-Developement-Projects\\quasar\\vania-quasar\\src\\components\\event-section.vue","statementMap":{"0":{"start":{"line":14,"column":0},"end":{"line":14,"column":null}},"1":{"start":{"line":17,"column":0},"end":{"line":17,"column":null}},"2":{"start":{"line":18,"column":0},"end":{"line":18,"column":null}}},"fnMap":{"0":{"name":"(anonymous_2)","decl":{"start":{"line":17,"column":0},"end":{"line":17,"column":null}},"loc":{"start":{"line":17,"column":0},"end":{"line":17,"column":null}}},"1":{"name":"_default","decl":{"start":{"line":18,"column":0},"end":{"line":18,"column":null}},"loc":{"start":{"line":18,"column":0},"end":{"line":18,"column":null}}}},"branchMap":{},"s":{"0":0,"1":0,"2":0},"f":{"0":0,"1":0},"b":{}}
,"D:\\Web-Developement-Projects\\quasar\\vania-quasar\\src\\components\\period-handler.vue": {"path":"D:\\Web-Developement-Projects\\quasar\\vania-quasar\\src\\components\\period-handler.vue","statementMap":{"0":{"start":{"line":33,"column":0},"end":{"line":33,"column":null}},"1":{"start":{"line":35,"column":0},"end":{"line":35,"column":null}},"2":{"start":{"line":38,"column":0},"end":{"line":38,"column":null}},"3":{"start":{"line":37,"column":0},"end":{"line":37,"column":null}},"4":{"start":{"line":39,"column":0},"end":{"line":39,"column":null}},"5":{"start":{"line":40,"column":0},"end":{"line":40,"column":null}},"6":{"start":{"line":41,"column":0},"end":{"line":41,"column":null}},"7":{"start":{"line":42,"column":0},"end":{"line":42,"column":null}},"8":{"start":{"line":43,"column":0},"end":{"line":43,"column":null}},"9":{"start":{"line":45,"column":0},"end":{"line":45,"column":null}},"10":{"start":{"line":46,"column":0},"end":{"line":51,"column":null}},"11":{"start":{"line":47,"column":0},"end":{"line":47,"column":null}},"12":{"start":{"line":48,"column":0},"end":{"line":48,"column":null}},"13":{"start":{"line":49,"column":0},"end":{"line":49,"column":null}},"14":{"start":{"line":50,"column":0},"end":{"line":50,"column":null}},"15":{"start":{"line":56,"column":0},"end":{"line":61,"column":null}},"16":{"start":{"line":57,"column":0},"end":{"line":57,"column":null}},"17":{"start":{"line":58,"column":0},"end":{"line":58,"column":null}},"18":{"start":{"line":60,"column":0},"end":{"line":60,"column":null}},"19":{"start":{"line":66,"column":0},"end":{"line":66,"column":null}},"20":{"start":{"line":55,"column":0},"end":{"line":55,"column":null}},"21":{"start":{"line":65,"column":0},"end":{"line":65,"column":null}}},"fnMap":{"0":{"name":"(anonymous_2)","decl":{"start":{"line":38,"column":0},"end":{"line":38,"column":null}},"loc":{"start":{"line":38,"column":0},"end":{"line":38,"column":null}}},"1":{"name":"PeriodHandler","decl":{"start":{"line":37,"column":0},"end":{"line":37,"column":null}},"loc":{"start":{"line":37,"column":0},"end":{"line":68,"column":null}}},"2":{"name":"(anonymous_5)","decl":{"start":{"line":46,"column":0},"end":{"line":46,"column":null}},"loc":{"start":{"line":46,"column":0},"end":{"line":51,"column":null}}}},"branchMap":{"0":{"loc":{"start":{"line":56,"column":0},"end":{"line":61,"column":null}},"type":"if","locations":[{"start":{"line":56,"column":0},"end":{"line":61,"column":null}},{"start":{"line":56,"column":0},"end":{"line":61,"column":null}}]}},"s":{"0":0,"1":0,"2":0,"3":0,"4":0,"5":0,"6":0,"7":0,"8":0,"9":0,"10":0,"11":0,"12":0,"13":0,"14":0,"15":0,"16":0,"17":0,"18":0,"19":0,"20":0,"21":0},"f":{"0":0,"1":0,"2":0},"b":{"0":[0,0]}}
,"D:\\Web-Developement-Projects\\quasar\\vania-quasar\\src\\components\\phn-modal.vue": {"path":"D:\\Web-Developement-Projects\\quasar\\vania-quasar\\src\\components\\phn-modal.vue","statementMap":{"0":{"start":{"line":101,"column":0},"end":{"line":101,"column":null}},"1":{"start":{"line":102,"column":0},"end":{"line":102,"column":null}},"2":{"start":{"line":103,"column":0},"end":{"line":103,"column":null}},"3":{"start":{"line":105,"column":0},"end":{"line":105,"column":null}},"4":{"start":{"line":107,"column":0},"end":{"line":107,"column":null}},"5":{"start":{"line":108,"column":0},"end":{"line":108,"column":null}},"6":{"start":{"line":110,"column":0},"end":{"line":110,"column":null}},"7":{"start":{"line":111,"column":0},"end":{"line":111,"column":null}},"8":{"start":{"line":120,"column":0},"end":{"line":120,"column":null}},"9":{"start":{"line":162,"column":0},"end":{"line":162,"column":null}},"10":{"start":{"line":159,"column":0},"end":{"line":159,"column":null}},"11":{"start":{"line":164,"column":0},"end":{"line":164,"column":null}},"12":{"start":{"line":165,"column":0},"end":{"line":165,"column":null}},"13":{"start":{"line":166,"column":0},"end":{"line":166,"column":null}},"14":{"start":{"line":167,"column":0},"end":{"line":167,"column":null}},"15":{"start":{"line":169,"column":0},"end":{"line":169,"column":null}},"16":{"start":{"line":171,"column":0},"end":{"line":171,"column":null}},"17":{"start":{"line":172,"column":0},"end":{"line":172,"column":null}},"18":{"start":{"line":173,"column":0},"end":{"line":173,"column":null}},"19":{"start":{"line":174,"column":0},"end":{"line":174,"column":null}},"20":{"start":{"line":186,"column":0},"end":{"line":186,"column":null}},"21":{"start":{"line":163,"column":0},"end":{"line":163,"column":null}},"22":{"start":{"line":162,"column":0},"end":{"line":159,"column":null}}},"fnMap":{"0":{"name":"(anonymous_2)","decl":{"start":{"line":111,"column":0},"end":{"line":111,"column":null}},"loc":{"start":{"line":111,"column":0},"end":{"line":111,"column":null}}},"1":{"name":"(anonymous_3)","decl":{"start":{"line":162,"column":0},"end":{"line":162,"column":null}},"loc":{"start":{"line":162,"column":0},"end":{"line":162,"column":null}}},"2":{"name":"PhnModal","decl":{"start":{"line":159,"column":0},"end":{"line":159,"column":null}},"loc":{"start":{"line":159,"column":0},"end":{"line":188,"column":null}}},"3":{"name":"(anonymous_5)","decl":{"start":{"line":164,"column":0},"end":{"line":164,"column":null}},"loc":{"start":{"line":164,"column":0},"end":{"line":164,"column":null}}},"4":{"name":"(anonymous_6)","decl":{"start":{"line":165,"column":0},"end":{"line":165,"column":null}},"loc":{"start":{"line":165,"column":0},"end":{"line":165,"column":null}}},"5":{"name":"(anonymous_7)","decl":{"start":{"line":166,"column":0},"end":{"line":166,"column":null}},"loc":{"start":{"line":166,"column":0},"end":{"line":166,"column":null}}},"6":{"name":"(anonymous_8)","decl":{"start":{"line":167,"column":0},"end":{"line":167,"column":null}},"loc":{"start":{"line":167,"column":0},"end":{"line":167,"column":null}}},"7":{"name":"_default","decl":{"start":{"line":163,"column":0},"end":{"line":163,"column":null}},"loc":{"start":{"line":163,"column":0},"end":{"line":163,"column":null}}}},"branchMap":{},"s":{"0":1,"1":1,"2":1,"3":1,"4":1,"5":1,"6":1,"7":1,"8":1,"9":4,"10":1,"11":5,"12":18,"13":13,"14":4,"15":1,"16":1,"17":0,"18":0,"19":0,"20":0,"21":1,"22":1},"f":{"0":0,"1":1,"2":1,"3":4,"4":17,"5":12,"6":3,"7":0},"b":{}}
,"D:\\Web-Developement-Projects\\quasar\\vania-quasar\\src\\components\\phn-section.vue": {"path":"D:\\Web-Developement-Projects\\quasar\\vania-quasar\\src\\components\\phn-section.vue","statementMap":{"0":{"start":{"line":65,"column":0},"end":{"line":65,"column":null}},"1":{"start":{"line":66,"column":0},"end":{"line":66,"column":null}},"2":{"start":{"line":67,"column":0},"end":{"line":67,"column":null}},"3":{"start":{"line":69,"column":0},"end":{"line":69,"column":null}},"4":{"start":{"line":86,"column":0},"end":{"line":86,"column":null}},"5":{"start":{"line":77,"column":0},"end":{"line":77,"column":null}},"6":{"start":{"line":87,"column":0},"end":{"line":87,"column":null}},"7":{"start":{"line":88,"column":0},"end":{"line":88,"column":null}},"8":{"start":{"line":89,"column":0},"end":{"line":89,"column":null}},"9":{"start":{"line":90,"column":0},"end":{"line":90,"column":null}},"10":{"start":{"line":91,"column":0},"end":{"line":91,"column":null}},"11":{"start":{"line":92,"column":0},"end":{"line":92,"column":null}},"12":{"start":{"line":93,"column":0},"end":{"line":93,"column":null}},"13":{"start":{"line":94,"column":0},"end":{"line":94,"column":null}},"14":{"start":{"line":95,"column":0},"end":{"line":95,"column":null}},"15":{"start":{"line":99,"column":0},"end":{"line":99,"column":null}},"16":{"start":{"line":100,"column":0},"end":{"line":131,"column":null}},"17":{"start":{"line":101,"column":0},"end":{"line":101,"column":null}},"18":{"start":{"line":103,"column":0},"end":{"line":107,"column":null}},"19":{"start":{"line":104,"column":0},"end":{"line":106,"column":null}},"20":{"start":{"line":105,"column":0},"end":{"line":105,"column":null}},"21":{"start":{"line":109,"column":0},"end":{"line":113,"column":null}},"22":{"start":{"line":110,"column":0},"end":{"line":112,"column":null}},"23":{"start":{"line":111,"column":0},"end":{"line":111,"column":null}},"24":{"start":{"line":115,"column":0},"end":{"line":120,"column":null}},"25":{"start":{"line":116,"column":0},"end":{"line":119,"column":null}},"26":{"start":{"line":117,"column":0},"end":{"line":117,"column":null}},"27":{"start":{"line":118,"column":0},"end":{"line":118,"column":null}},"28":{"start":{"line":122,"column":0},"end":{"line":122,"column":null}},"29":{"start":{"line":123,"column":0},"end":{"line":123,"column":null}},"30":{"start":{"line":125,"column":0},"end":{"line":125,"column":null}},"31":{"start":{"line":126,"column":0},"end":{"line":126,"column":null}},"32":{"start":{"line":128,"column":0},"end":{"line":129,"column":null}},"33":{"start":{"line":86,"column":0},"end":{"line":77,"column":null}},"34":{"start":{"line":78,"column":0},"end":{"line":78,"column":null}},"35":{"start":{"line":80,"column":0},"end":{"line":80,"column":null}}},"fnMap":{"0":{"name":"(anonymous_2)","decl":{"start":{"line":86,"column":0},"end":{"line":86,"column":null}},"loc":{"start":{"line":86,"column":0},"end":{"line":86,"column":null}}},"1":{"name":"PhnSection","decl":{"start":{"line":77,"column":0},"end":{"line":77,"column":null}},"loc":{"start":{"line":77,"column":0},"end":{"line":133,"column":null}}},"2":{"name":"(anonymous_5)","decl":{"start":{"line":100,"column":0},"end":{"line":100,"column":null}},"loc":{"start":{"line":100,"column":0},"end":{"line":131,"column":null}}},"3":{"name":"PhnModal","decl":{"start":{"line":78,"column":0},"end":{"line":78,"column":null}},"loc":{"start":{"line":78,"column":0},"end":{"line":78,"column":null}}},"4":{"name":"subscriptions","decl":{"start":{"line":79,"column":0},"end":{"line":79,"column":null}},"loc":{"start":{"line":79,"column":0},"end":{"line":84,"column":null}}}},"branchMap":{"0":{"loc":{"start":{"line":104,"column":0},"end":{"line":106,"column":null}},"type":"if","locations":[{"start":{"line":104,"column":0},"end":{"line":106,"column":null}},{"start":{"line":104,"column":0},"end":{"line":106,"column":null}}]},"1":{"loc":{"start":{"line":110,"column":0},"end":{"line":112,"column":null}},"type":"if","locations":[{"start":{"line":110,"column":0},"end":{"line":112,"column":null}},{"start":{"line":110,"column":0},"end":{"line":112,"column":null}}]},"2":{"loc":{"start":{"line":116,"column":0},"end":{"line":119,"column":null}},"type":"if","locations":[{"start":{"line":116,"column":0},"end":{"line":119,"column":null}},{"start":{"line":116,"column":0},"end":{"line":119,"column":null}}]},"3":{"loc":{"start":{"line":123,"column":0},"end":{"line":123,"column":null}},"type":"if","locations":[{"start":{"line":123,"column":0},"end":{"line":123,"column":null}},{"start":{"line":123,"column":0},"end":{"line":123,"column":null}}]},"4":{"loc":{"start":{"line":126,"column":0},"end":{"line":126,"column":null}},"type":"if","locations":[{"start":{"line":126,"column":0},"end":{"line":126,"column":null}},{"start":{"line":126,"column":0},"end":{"line":126,"column":null}}]},"5":{"loc":{"start":{"line":128,"column":0},"end":{"line":129,"column":null}},"type":"if","locations":[{"start":{"line":128,"column":0},"end":{"line":129,"column":null}},{"start":{"line":128,"column":0},"end":{"line":129,"column":null}}]}},"s":{"0":0,"1":0,"2":0,"3":0,"4":0,"5":0,"6":0,"7":0,"8":0,"9":0,"10":0,"11":0,"12":0,"13":0,"14":0,"15":0,"16":0,"17":0,"18":0,"19":0,"20":0,"21":0,"22":0,"23":0,"24":0,"25":0,"26":0,"27":0,"28":0,"29":0,"30":0,"31":0,"32":0,"33":0,"34":0,"35":0},"f":{"0":0,"1":0,"2":0,"3":0,"4":0},"b":{"0":[0,0],"1":[0,0],"2":[0,0],"3":[0,0],"4":[0,0],"5":[0,0]}}
,"D:\\Web-Developement-Projects\\quasar\\vania-quasar\\src\\components\\style-radio.vue": {"path":"D:\\Web-Developement-Projects\\quasar\\vania-quasar\\src\\components\\style-radio.vue","statementMap":{"0":{"start":{"line":48,"column":0},"end":{"line":48,"column":null}},"1":{"start":{"line":53,"column":0},"end":{"line":53,"column":null}},"2":{"start":{"line":58,"column":0},"end":{"line":58,"column":null}}},"fnMap":{"0":{"name":"change","decl":{"start":{"line":47,"column":0},"end":{"line":47,"column":null}},"loc":{"start":{"line":47,"column":0},"end":{"line":51,"column":null}}},"1":{"name":"shouldBeChecked","decl":{"start":{"line":52,"column":0},"end":{"line":52,"column":null}},"loc":{"start":{"line":52,"column":0},"end":{"line":54,"column":null}}},"2":{"name":"updateInput","decl":{"start":{"line":57,"column":0},"end":{"line":57,"column":null}},"loc":{"start":{"line":57,"column":0},"end":{"line":59,"column":null}}}},"branchMap":{"0":{"loc":{"start":{"line":48,"column":0},"end":{"line":48,"column":null}},"type":"cond-expr","locations":[{"start":{"line":48,"column":0},"end":{"line":48,"column":null}},{"start":{"line":48,"column":0},"end":{"line":48,"column":null}}]}},"s":{"0":0,"1":0,"2":0},"f":{"0":0,"1":0,"2":0},"b":{"0":[0,0]}}
,"D:\\Web-Developement-Projects\\quasar\\vania-quasar\\src\\db\\db-unchanged.js": {"path":"D:\\Web-Developement-Projects\\quasar\\vania-quasar\\src\\db\\db-unchanged.js","statementMap":{"0":{"start":{"line":6,"column":2},"end":{"line":6,"column":80}},"1":{"start":{"line":6,"column":55},"end":{"line":6,"column":79}}},"fnMap":{"0":{"name":"(anonymous_0)","decl":{"start":{"line":5,"column":15},"end":{"line":5,"column":16}},"loc":{"start":{"line":5,"column":36},"end":{"line":7,"column":1}},"line":5},"1":{"name":"(anonymous_1)","decl":{"start":{"line":6,"column":40},"end":{"line":6,"column":41}},"loc":{"start":{"line":6,"column":55},"end":{"line":6,"column":79}},"line":6}},"branchMap":{},"s":{"0":0,"1":0},"f":{"0":0,"1":0},"b":{},"hash":"48f9536a9724b463f1a0224f2ee27094d0eb5ef0"}
,"D:\\Web-Developement-Projects\\quasar\\vania-quasar\\src\\db\\index.ts": {"path":"D:\\Web-Developement-Projects\\quasar\\vania-quasar\\src\\db\\index.ts","statementMap":{"0":{"start":{"line":2,"column":0},"end":{"line":2,"column":null}},"1":{"start":{"line":3,"column":0},"end":{"line":3,"column":null}},"2":{"start":{"line":4,"column":0},"end":{"line":4,"column":null}},"3":{"start":{"line":5,"column":0},"end":{"line":5,"column":null}},"4":{"start":{"line":6,"column":0},"end":{"line":6,"column":null}},"5":{"start":{"line":8,"column":0},"end":{"line":8,"column":8}},"6":{"start":{"line":9,"column":0},"end":{"line":9,"column":8}},"7":{"start":{"line":11,"column":45},"end":{"line":11,"column":49}},"8":{"start":{"line":15,"column":16},"end":{"line":15,"column":22}},"9":{"start":{"line":23,"column":4},"end":{"line":23,"column":11}},"10":{"start":{"line":13,"column":0},"end":{"line":13,"column":22}},"11":{"start":{"line":29,"column":16},"end":{"line":29,"column":22}},"12":{"start":{"line":37,"column":4},"end":{"line":37,"column":11}},"13":{"start":{"line":27,"column":0},"end":{"line":27,"column":22}},"14":{"start":{"line":43,"column":17},"end":{"line":43,"column":23}},"15":{"start":{"line":48,"column":28},"end":{"line":48,"column":32}},"16":{"start":{"line":50,"column":4},"end":{"line":50,"column":11}},"17":{"start":{"line":41,"column":0},"end":{"line":41,"column":22}},"18":{"start":{"line":57,"column":16},"end":{"line":57,"column":22}},"19":{"start":{"line":65,"column":4},"end":{"line":65,"column":11}},"20":{"start":{"line":55,"column":0},"end":{"line":55,"column":22}},"21":{"start":{"line":109,"column":28},"end":{"line":109,"column":52}},"22":{"start":{"line":110,"column":4},"end":{"line":110,"column":19}},"23":{"start":{"line":110,"column":55},"end":{"line":110,"column":58}},"24":{"start":{"line":97,"column":28},"end":{"line":97,"column":52}},"25":{"start":{"line":98,"column":4},"end":{"line":98,"column":null}},"26":{"start":{"line":98,"column":33},"end":{"line":98,"column":null}},"27":{"start":{"line":99,"column":20},"end":{"line":99,"column":36}},"28":{"start":{"line":100,"column":4},"end":{"line":102,"column":null}},"29":{"start":{"line":101,"column":6},"end":{"line":101,"column":13}},"30":{"start":{"line":71,"column":16},"end":{"line":71,"column":22}},"31":{"start":{"line":75,"column":2},"end":{"line":75,"column":4}},"32":{"start":{"line":76,"column":4},"end":{"line":78,"column":null}},"33":{"start":{"line":77,"column":6},"end":{"line":77,"column":14}},"34":{"start":{"line":79,"column":4},"end":{"line":89,"column":null}},"35":{"start":{"line":80,"column":6},"end":{"line":80,"column":14}},"36":{"start":{"line":81,"column":6},"end":{"line":81,"column":14}},"37":{"start":{"line":82,"column":6},"end":{"line":82,"column":27}},"38":{"start":{"line":83,"column":11},"end":{"line":89,"column":null}},"39":{"start":{"line":84,"column":6},"end":{"line":84,"column":14}},"40":{"start":{"line":85,"column":6},"end":{"line":85,"column":14}},"41":{"start":{"line":86,"column":6},"end":{"line":86,"column":30}},"42":{"start":{"line":88,"column":6},"end":{"line":88,"column":14}},"43":{"start":{"line":90,"column":4},"end":{"line":90,"column":11}},"44":{"start":{"line":70,"column":0},"end":{"line":70,"column":22}},"45":{"start":{"line":115,"column":2},"end":{"line":115,"column":9}},"46":{"start":{"line":119,"column":2},"end":{"line":119,"column":9}},"47":{"start":{"line":124,"column":17},"end":{"line":124,"column":23}},"48":{"start":{"line":125,"column":18},"end":{"line":125,"column":24}},"49":{"start":{"line":128,"column":11},"end":{"line":128,"column":17}},"50":{"start":{"line":129,"column":6},"end":{"line":131,"column":null}},"51":{"start":{"line":130,"column":8},"end":{"line":130,"column":11}},"52":{"start":{"line":132,"column":6},"end":{"line":132,"column":13}},"53":{"start":{"line":141,"column":4},"end":{"line":141,"column":11}},"54":{"start":{"line":122,"column":0},"end":{"line":122,"column":22}},"55":{"start":{"line":146,"column":2},"end":{"line":146,"column":9}},"56":{"start":{"line":147,"column":4},"end":{"line":147,"column":12}},"57":{"start":{"line":148,"column":4},"end":{"line":148,"column":12}},"58":{"start":{"line":149,"column":4},"end":{"line":149,"column":11}},"59":{"start":{"line":145,"column":0},"end":{"line":145,"column":16}},"60":{"start":{"line":154,"column":2},"end":{"line":154,"column":9}},"61":{"start":{"line":153,"column":0},"end":{"line":153,"column":16}},"62":{"start":{"line":159,"column":15},"end":{"line":159,"column":21}},"63":{"start":{"line":161,"column":4},"end":{"line":161,"column":11}},"64":{"start":{"line":157,"column":0},"end":{"line":157,"column":22}},"65":{"start":{"line":183,"column":32},"end":{"line":183,"column":38}},"66":{"start":{"line":182,"column":0},"end":{"line":182,"column":22}},"67":{"start":{"line":202,"column":15},"end":{"line":202,"column":21}},"68":{"start":{"line":203,"column":15},"end":{"line":203,"column":21}},"69":{"start":{"line":204,"column":6},"end":{"line":204,"column":7}},"70":{"start":{"line":205,"column":6},"end":{"line":205,"column":8}},"71":{"start":{"line":208,"column":4},"end":{"line":208,"column":13}},"72":{"start":{"line":208,"column":25},"end":{"line":208,"column":29}},"73":{"start":{"line":209,"column":11},"end":{"line":209,"column":17}},"74":{"start":{"line":199,"column":0},"end":{"line":199,"column":22}},"75":{"start":{"line":219,"column":15},"end":{"line":219,"column":21}},"76":{"start":{"line":221,"column":6},"end":{"line":221,"column":8}},"77":{"start":{"line":222,"column":8},"end":{"line":222,"column":11}},"78":{"start":{"line":223,"column":8},"end":{"line":223,"column":15}},"79":{"start":{"line":216,"column":0},"end":{"line":216,"column":22}}},"fnMap":{"0":{"name":"getBleedingDaysSortedByDate","decl":{"start":{"line":13,"column":22},"end":{"line":13,"column":49}},"loc":{"start":{"line":13,"column":49},"end":{"line":26,"column":null}}},"1":{"name":"getTemperatureDaysSortedByDate","decl":{"start":{"line":27,"column":22},"end":{"line":27,"column":52}},"loc":{"start":{"line":27,"column":52},"end":{"line":40,"column":null}}},"2":{"name":"getCycleDaysSortedByDate","decl":{"start":{"line":41,"column":22},"end":{"line":41,"column":46}},"loc":{"start":{"line":41,"column":46},"end":{"line":53,"column":null}}},"3":{"name":"(anonymous_15)","decl":{"start":{"line":48,"column":25},"end":{"line":48,"column":28}},"loc":{"start":{"line":48,"column":28},"end":{"line":48,"column":32}}},"4":{"name":"getCycleStartsSortedByDate","decl":{"start":{"line":55,"column":22},"end":{"line":55,"column":48}},"loc":{"start":{"line":55,"column":48},"end":{"line":68,"column":null}}},"5":{"name":"saveSymptom","decl":{"start":{"line":70,"column":22},"end":{"line":70,"column":34}},"loc":{"start":{"line":70,"column":73},"end":{"line":112,"column":null}}},"6":{"name":"_ref2","decl":{"start":{"line":105,"column":36},"end":{"line":105,"column":60}},"loc":{"start":{"line":105,"column":60},"end":{"line":111,"column":null}}},"7":{"name":"(anonymous_23)","decl":{"start":{"line":110,"column":28},"end":{"line":110,"column":29}},"loc":{"start":{"line":110,"column":52},"end":{"line":110,"column":null}}},"8":{"name":"_ref","decl":{"start":{"line":93,"column":33},"end":{"line":93,"column":71}},"loc":{"start":{"line":93,"column":71},"end":{"line":103,"column":null}}},"9":{"name":"(anonymous_25)","decl":{"start":{"line":75,"column":32},"end":{"line":75,"column":42}},"loc":{"start":{"line":75,"column":55},"end":{"line":91,"column":null}}},"10":{"name":"bleedingValueDeleted","decl":{"start":{"line":114,"column":9},"end":{"line":114,"column":30}},"loc":{"start":{"line":114,"column":55},"end":{"line":116,"column":null}}},"11":{"name":"bleedingValueAddedOrChanged","decl":{"start":{"line":118,"column":9},"end":{"line":118,"column":37}},"loc":{"start":{"line":118,"column":62},"end":{"line":120,"column":null}}},"12":{"name":"updateCycleStartsForAllCycleDays","decl":{"start":{"line":122,"column":22},"end":{"line":122,"column":54}},"loc":{"start":{"line":122,"column":54},"end":{"line":143,"column":null}}},"13":{"name":"(anonymous_31)","decl":{"start":{"line":128,"column":38},"end":{"line":128,"column":39}},"loc":{"start":{"line":128,"column":62},"end":{"line":138,"column":null}}},"14":{"name":"createCycleDay","decl":{"start":{"line":145,"column":16},"end":{"line":145,"column":31}},"loc":{"start":{"line":145,"column":49},"end":{"line":151,"column":null}}},"15":{"name":"(anonymous_33)","decl":{"start":{"line":146,"column":45},"end":{"line":146,"column":46}},"loc":{"start":{"line":146,"column":63},"end":{"line":150,"column":null}}},"16":{"name":"getCycleDay","decl":{"start":{"line":153,"column":16},"end":{"line":153,"column":28}},"loc":{"start":{"line":153,"column":46},"end":{"line":155,"column":null}}},"17":{"name":"getPreviousTemperature","decl":{"start":{"line":157,"column":22},"end":{"line":157,"column":45}},"loc":{"start":{"line":157,"column":57},"end":{"line":165,"column":null}}},"18":{"name":"(anonymous_38)","decl":{"start":{"line":160,"column":32},"end":{"line":160,"column":41}},"loc":{"start":{"line":160,"column":44},"end":{"line":162,"column":null}}},"19":{"name":"getAmountOfCycleDays","decl":{"start":{"line":182,"column":22},"end":{"line":182,"column":42}},"loc":{"start":{"line":182,"column":42},"end":{"line":190,"column":null}}},"20":{"name":"tryToImportWithDelete","decl":{"start":{"line":199,"column":22},"end":{"line":199,"column":44}},"loc":{"start":{"line":199,"column":71},"end":{"line":214,"column":null}}},"21":{"name":"(anonymous_45)","decl":{"start":{"line":203,"column":51},"end":{"line":203,"column":52}},"loc":{"start":{"line":203,"column":79},"end":{"line":206,"column":null}}},"22":{"name":"(anonymous_46)","decl":{"start":{"line":208,"column":22},"end":{"line":208,"column":25}},"loc":{"start":{"line":208,"column":25},"end":{"line":208,"column":29}}},"23":{"name":"tryToImportWithoutDelete","decl":{"start":{"line":216,"column":22},"end":{"line":216,"column":47}},"loc":{"start":{"line":216,"column":74},"end":{"line":231,"column":null}}},"24":{"name":"(anonymous_50)","decl":{"start":{"line":219,"column":47},"end":{"line":219,"column":48}},"loc":{"start":{"line":219,"column":58},"end":{"line":225,"column":null}}},"25":{"name":"(anonymous_51)","decl":{"start":{"line":221,"column":33},"end":{"line":221,"column":42}},"loc":{"start":{"line":221,"column":50},"end":{"line":224,"column":null}}}},"branchMap":{"0":{"loc":{"start":{"line":98,"column":4},"end":{"line":98,"column":null}},"type":"if","locations":[{"start":{"line":98,"column":4},"end":{"line":98,"column":null}},{"start":{"line":98,"column":4},"end":{"line":98,"column":null}}]},"1":{"loc":{"start":{"line":100,"column":4},"end":{"line":102,"column":null}},"type":"if","locations":[{"start":{"line":100,"column":4},"end":{"line":102,"column":null}},{"start":{"line":100,"column":4},"end":{"line":102,"column":null}}]},"2":{"loc":{"start":{"line":76,"column":4},"end":{"line":78,"column":null}},"type":"if","locations":[{"start":{"line":76,"column":4},"end":{"line":78,"column":null}},{"start":{"line":76,"column":4},"end":{"line":78,"column":null}}]},"3":{"loc":{"start":{"line":79,"column":4},"end":{"line":89,"column":null}},"type":"if","locations":[{"start":{"line":79,"column":4},"end":{"line":89,"column":null}},{"start":{"line":79,"column":4},"end":{"line":89,"column":null}}]},"4":{"loc":{"start":{"line":83,"column":11},"end":{"line":89,"column":null}},"type":"if","locations":[{"start":{"line":83,"column":11},"end":{"line":89,"column":null}},{"start":{"line":83,"column":11},"end":{"line":89,"column":null}}]},"5":{"loc":{"start":{"line":115,"column":9},"end":{"line":115,"column":35}},"type":"binary-expr","locations":[{"start":{"line":115,"column":9},"end":{"line":115,"column":35}},{"start":{"line":115,"column":35},"end":{"line":115,"column":null}}]},"6":{"loc":{"start":{"line":119,"column":9},"end":{"line":119,"column":35}},"type":"binary-expr","locations":[{"start":{"line":119,"column":9},"end":{"line":119,"column":35}},{"start":{"line":119,"column":35},"end":{"line":119,"column":null}}]},"7":{"loc":{"start":{"line":129,"column":6},"end":{"line":131,"column":null}},"type":"if","locations":[{"start":{"line":129,"column":6},"end":{"line":131,"column":null}},{"start":{"line":129,"column":6},"end":{"line":131,"column":null}}]}},"s":{"0":0,"1":0,"2":0,"3":0,"4":0,"5":0,"6":0,"7":0,"8":0,"9":0,"10":0,"11":0,"12":0,"13":0,"14":0,"15":0,"16":0,"17":0,"18":0,"19":0,"20":0,"21":0,"22":0,"23":0,"24":0,"25":0,"26":0,"27":0,"28":0,"29":0,"30":0,"31":0,"32":0,"33":0,"34":0,"35":0,"36":0,"37":0,"38":0,"39":0,"40":0,"41":0,"42":0,"43":0,"44":0,"45":0,"46":0,"47":0,"48":0,"49":0,"50":0,"51":0,"52":0,"53":0,"54":0,"55":0,"56":0,"57":0,"58":0,"59":0,"60":0,"61":0,"62":0,"63":0,"64":0,"65":0,"66":0,"67":0,"68":0,"69":0,"70":0,"71":0,"72":0,"73":0,"74":0,"75":0,"76":0,"77":0,"78":0,"79":0},"f":{"0":0,"1":0,"2":0,"3":0,"4":0,"5":0,"6":0,"7":0,"8":0,"9":0,"10":0,"11":0,"12":0,"13":0,"14":0,"15":0,"16":0,"17":0,"18":0,"19":0,"20":0,"21":0,"22":0,"23":0,"24":0,"25":0},"b":{"0":[0,0],"1":[0,0],"2":[0,0],"3":[0,0],"4":[0,0],"5":[0,0],"6":[0,0],"7":[0,0]}}
,"D:\\Web-Developement-Projects\\quasar\\vania-quasar\\src\\events\\custom-event.ts": {"path":"D:\\Web-Developement-Projects\\quasar\\vania-quasar\\src\\events\\custom-event.ts","statementMap":{"0":{"start":{"line":15,"column":0},"end":{"line":15,"column":15}}},"fnMap":{},"branchMap":{},"s":{"0":0},"f":{},"b":{}}
,"D:\\Web-Developement-Projects\\quasar\\vania-quasar\\src\\events\\event.ts": {"path":"D:\\Web-Developement-Projects\\quasar\\vania-quasar\\src\\events\\event.ts","statementMap":{"0":{"start":{"line":2,"column":0},"end":{"line":2,"column":null}},"1":{"start":{"line":3,"column":0},"end":{"line":3,"column":null}},"2":{"start":{"line":4,"column":0},"end":{"line":4,"column":7}},"3":{"start":{"line":8,"column":0},"end":{"line":8,"column":null}},"4":{"start":{"line":10,"column":0},"end":{"line":10,"column":null}},"5":{"start":{"line":11,"column":0},"end":{"line":11,"column":null}},"6":{"start":{"line":13,"column":0},"end":{"line":13,"column":null}},"7":{"start":{"line":14,"column":0},"end":{"line":14,"column":null}},"8":{"start":{"line":22,"column":11},"end":{"line":22,"column":15}},"9":{"start":{"line":23,"column":18},"end":{"line":23,"column":null}},"10":{"start":{"line":67,"column":13},"end":{"line":67,"column":30}},"11":{"start":{"line":67,"column":30},"end":{"line":67,"column":36}},"12":{"start":{"line":71,"column":2},"end":{"line":71,"column":4}},"13":{"start":{"line":72,"column":4},"end":{"line":72,"column":11}},"14":{"start":{"line":73,"column":4},"end":{"line":74,"column":11}},"15":{"start":{"line":74,"column":4},"end":{"line":74,"column":11}},"16":{"start":{"line":76,"column":12},"end":{"line":76,"column":16}},"17":{"start":{"line":78,"column":13},"end":{"line":78,"column":28}},"18":{"start":{"line":78,"column":28},"end":{"line":78,"column":29}},"19":{"start":{"line":84,"column":11},"end":{"line":84,"column":15}},"20":{"start":{"line":86,"column":13},"end":{"line":86,"column":32}},"21":{"start":{"line":87,"column":12},"end":{"line":87,"column":16}},"22":{"start":{"line":88,"column":21},"end":{"line":88,"column":31}},"23":{"start":{"line":89,"column":27},"end":{"line":89,"column":33}},"24":{"start":{"line":91,"column":2},"end":{"line":91,"column":9}},"25":{"start":{"line":92,"column":11},"end":{"line":92,"column":12}},"26":{"start":{"line":95,"column":6},"end":{"line":95,"column":9}},"27":{"start":{"line":96,"column":6},"end":{"line":96,"column":16}},"28":{"start":{"line":110,"column":13},"end":{"line":110,"column":29}},"29":{"start":{"line":111,"column":2},"end":{"line":111,"column":9}},"30":{"start":{"line":116,"column":10},"end":{"line":116,"column":11}},"31":{"start":{"line":119,"column":13},"end":{"line":119,"column":28}},"32":{"start":{"line":120,"column":2},"end":{"line":120,"column":9}},"33":{"start":{"line":121,"column":4},"end":{"line":131,"column":null}},"34":{"start":{"line":122,"column":6},"end":{"line":122,"column":13}},"35":{"start":{"line":130,"column":6},"end":{"line":130,"column":12}},"36":{"start":{"line":135,"column":13},"end":{"line":135,"column":23}},"37":{"start":{"line":136,"column":2},"end":{"line":136,"column":9}},"38":{"start":{"line":136,"column":33},"end":{"line":136,"column":34}},"39":{"start":{"line":139,"column":13},"end":{"line":139,"column":30}},"40":{"start":{"line":140,"column":2},"end":{"line":140,"column":9}},"41":{"start":{"line":143,"column":13},"end":{"line":143,"column":23}},"42":{"start":{"line":144,"column":2},"end":{"line":144,"column":9}},"43":{"start":{"line":147,"column":13},"end":{"line":147,"column":20}},"44":{"start":{"line":148,"column":2},"end":{"line":148,"column":9}},"45":{"start":{"line":151,"column":13},"end":{"line":151,"column":27}},"46":{"start":{"line":151,"column":27},"end":{"line":151,"column":34}},"47":{"start":{"line":151,"column":48},"end":{"line":151,"column":49}},"48":{"start":{"line":151,"column":65},"end":{"line":151,"column":71}},"49":{"start":{"line":151,"column":83},"end":{"line":151,"column":89}}},"fnMap":{"0":{"name":"(anonymous_6)","decl":{"start":{"line":67,"column":30},"end":{"line":67,"column":36}},"loc":{"start":{"line":67,"column":30},"end":{"line":67,"column":36}}},"1":{"name":"(anonymous_7)","decl":{"start":{"line":70,"column":8},"end":{"line":70,"column":18}},"loc":{"start":{"line":70,"column":24},"end":{"line":76,"column":3}}},"2":{"name":"(anonymous_8)","decl":{"start":{"line":71,"column":37},"end":{"line":71,"column":47}},"loc":{"start":{"line":71,"column":55},"end":{"line":75,"column":null}}},"3":{"name":"(anonymous_9)","decl":{"start":{"line":76,"column":9},"end":{"line":76,"column":12}},"loc":{"start":{"line":76,"column":12},"end":{"line":76,"column":16}}},"4":{"name":"(anonymous_10)","decl":{"start":{"line":78,"column":28},"end":{"line":78,"column":29}},"loc":{"start":{"line":78,"column":28},"end":{"line":78,"column":29}}},"5":{"name":"(anonymous_11)","decl":{"start":{"line":84,"column":8},"end":{"line":84,"column":11}},"loc":{"start":{"line":84,"column":11},"end":{"line":84,"column":15}}},"6":{"name":"(anonymous_12)","decl":{"start":{"line":86,"column":32},"end":{"line":86,"column":33}},"loc":{"start":{"line":86,"column":49},"end":{"line":106,"column":null}}},"7":{"name":"(anonymous_13)","decl":{"start":{"line":92,"column":11},"end":{"line":92,"column":12}},"loc":{"start":{"line":92,"column":11},"end":{"line":92,"column":12}}},"8":{"name":"(anonymous_14)","decl":{"start":{"line":94,"column":11},"end":{"line":94,"column":12}},"loc":{"start":{"line":94,"column":47},"end":{"line":97,"column":7}}},"9":{"name":"(anonymous_15)","decl":{"start":{"line":110,"column":29},"end":{"line":110,"column":30}},"loc":{"start":{"line":110,"column":60},"end":{"line":117,"column":null}}},"10":{"name":"(anonymous_16)","decl":{"start":{"line":116,"column":10},"end":{"line":116,"column":11}},"loc":{"start":{"line":116,"column":10},"end":{"line":116,"column":11}}},"11":{"name":"(anonymous_17)","decl":{"start":{"line":119,"column":28},"end":{"line":119,"column":29}},"loc":{"start":{"line":119,"column":43},"end":{"line":133,"column":null}}},"12":{"name":"(anonymous_18)","decl":{"start":{"line":120,"column":26},"end":{"line":120,"column":29}},"loc":{"start":{"line":120,"column":32},"end":{"line":132,"column":null}}},"13":{"name":"(anonymous_19)","decl":{"start":{"line":135,"column":23},"end":{"line":135,"column":24}},"loc":{"start":{"line":135,"column":48},"end":{"line":137,"column":null}}},"14":{"name":"(anonymous_20)","decl":{"start":{"line":136,"column":33},"end":{"line":136,"column":34}},"loc":{"start":{"line":136,"column":33},"end":{"line":136,"column":34}}},"15":{"name":"(anonymous_21)","decl":{"start":{"line":139,"column":30},"end":{"line":139,"column":31}},"loc":{"start":{"line":139,"column":52},"end":{"line":141,"column":null}}},"16":{"name":"(anonymous_22)","decl":{"start":{"line":143,"column":23},"end":{"line":143,"column":28}},"loc":{"start":{"line":143,"column":28},"end":{"line":145,"column":null}}},"17":{"name":"(anonymous_23)","decl":{"start":{"line":147,"column":20},"end":{"line":147,"column":25}},"loc":{"start":{"line":147,"column":25},"end":{"line":149,"column":null}}},"18":{"name":"(anonymous_24)","decl":{"start":{"line":151,"column":27},"end":{"line":151,"column":34}},"loc":{"start":{"line":151,"column":27},"end":{"line":151,"column":34}}},"19":{"name":"_callee","decl":{"start":{"line":151,"column":48},"end":{"line":151,"column":49}},"loc":{"start":{"line":151,"column":48},"end":{"line":151,"column":49}}},"20":{"name":"(anonymous_27)","decl":{"start":{"line":151,"column":65},"end":{"line":151,"column":71}},"loc":{"start":{"line":151,"column":65},"end":{"line":151,"column":71}}},"21":{"name":"(anonymous_28)","decl":{"start":{"line":151,"column":83},"end":{"line":151,"column":89}},"loc":{"start":{"line":151,"column":83},"end":{"line":151,"column":89}}}},"branchMap":{"0":{"loc":{"start":{"line":73,"column":4},"end":{"line":74,"column":11}},"type":"if","locations":[{"start":{"line":73,"column":4},"end":{"line":74,"column":11}},{"start":{"line":73,"column":4},"end":{"line":74,"column":11}}]},"1":{"loc":{"start":{"line":121,"column":4},"end":{"line":131,"column":null}},"type":"if","locations":[{"start":{"line":121,"column":4},"end":{"line":131,"column":null}},{"start":{"line":121,"column":4},"end":{"line":131,"column":null}}]},"2":{"loc":{"start":{"line":151,"column":48},"end":{"line":151,"column":49}},"type":"switch","locations":[{"start":{"line":151,"column":48},"end":{"line":151,"column":49}},{"start":{"line":151,"column":48},"end":{"line":151,"column":49}},{"start":{"line":151,"column":48},"end":{"line":151,"column":49}}]}},"s":{"0":1,"1":1,"2":1,"3":1,"4":1,"5":1,"6":1,"7":1,"8":1,"9":1,"10":1,"11":0,"12":0,"13":0,"14":0,"15":0,"16":0,"17":1,"18":0,"19":0,"20":1,"21":0,"22":0,"23":0,"24":0,"25":0,"26":0,"27":0,"28":1,"29":0,"30":0,"31":1,"32":0,"33":0,"34":0,"35":0,"36":1,"37":0,"38":0,"39":1,"40":0,"41":1,"42":0,"43":1,"44":0,"45":1,"46":0,"47":0,"48":0,"49":0},"f":{"0":0,"1":0,"2":0,"3":0,"4":0,"5":0,"6":0,"7":0,"8":0,"9":0,"10":0,"11":0,"12":0,"13":0,"14":0,"15":0,"16":0,"17":0,"18":0,"19":0,"20":0,"21":0},"b":{"0":[0,0],"1":[0,0],"2":[0,0,0]}}
,"D:\\Web-Developement-Projects\\quasar\\vania-quasar\\src\\events\\lunar.ts": {"path":"D:\\Web-Developement-Projects\\quasar\\vania-quasar\\src\\events\\lunar.ts","statementMap":{"0":{"start":{"line":1,"column":0},"end":{"line":1,"column":15}}},"fnMap":{},"branchMap":{},"s":{"0":0},"f":{},"b":{}}
,"D:\\Web-Developement-Projects\\quasar\\vania-quasar\\src\\events\\moon-in-scorpio.ts": {"path":"D:\\Web-Developement-Projects\\quasar\\vania-quasar\\src\\events\\moon-in-scorpio.ts","statementMap":{"0":{"start":{"line":8,"column":0},"end":{"line":8,"column":16}}},"fnMap":{},"branchMap":{},"s":{"0":0},"f":{},"b":{}}
,"D:\\Web-Developement-Projects\\quasar\\vania-quasar\\src\\events\\persian.ts": {"path":"D:\\Web-Developement-Projects\\quasar\\vania-quasar\\src\\events\\persian.ts","statementMap":{"0":{"start":{"line":1,"column":0},"end":{"line":1,"column":15}}},"fnMap":{},"branchMap":{},"s":{"0":0},"f":{},"b":{}}
,"D:\\Web-Developement-Projects\\quasar\\vania-quasar\\src\\events\\solar.ts": {"path":"D:\\Web-Developement-Projects\\quasar\\vania-quasar\\src\\events\\solar.ts","statementMap":{"0":{"start":{"line":1,"column":0},"end":{"line":1,"column":15}}},"fnMap":{},"branchMap":{},"s":{"0":0},"f":{},"b":{}}
,"D:\\Web-Developement-Projects\\quasar\\vania-quasar\\src\\i18n\\en\\cycle-day.ts": {"path":"D:\\Web-Developement-Projects\\quasar\\vania-quasar\\src\\i18n\\en\\cycle-day.ts","statementMap":{"0":{"start":{"line":1,"column":13},"end":{"line":1,"column":24}},"1":{"start":{"line":2,"column":13},"end":{"line":2,"column":25}},"2":{"start":{"line":4,"column":13},"end":{"line":4,"column":24}},"3":{"start":{"line":16,"column":13},"end":{"line":16,"column":22}},"4":{"start":{"line":32,"column":13},"end":{"line":32,"column":21}},"5":{"start":{"line":45,"column":13},"end":{"line":45,"column":22}},"6":{"start":{"line":50,"column":13},"end":{"line":50,"column":19}},"7":{"start":{"line":59,"column":13},"end":{"line":59,"column":30}},"8":{"start":{"line":75,"column":13},"end":{"line":75,"column":20}},"9":{"start":{"line":89,"column":13},"end":{"line":89,"column":20}},"10":{"start":{"line":105,"column":13},"end":{"line":105,"column":27}},"11":{"start":{"line":124,"column":13},"end":{"line":124,"column":22}},"12":{"start":{"line":143,"column":13},"end":{"line":143,"column":29}},"13":{"start":{"line":145,"column":13},"end":{"line":145,"column":29}}},"fnMap":{},"branchMap":{},"s":{"0":0,"1":0,"2":0,"3":0,"4":0,"5":0,"6":0,"7":0,"8":0,"9":0,"10":0,"11":0,"12":0,"13":0},"f":{},"b":{}}
,"D:\\Web-Developement-Projects\\quasar\\vania-quasar\\src\\i18n\\en\\labels.ts": {"path":"D:\\Web-Developement-Projects\\quasar\\vania-quasar\\src\\i18n\\en\\labels.ts","statementMap":{"0":{"start":{"line":1,"column":0},"end":{"line":1,"column":null}},"1":{"start":{"line":2,"column":23},"end":{"line":2,"column":null}},"2":{"start":{"line":4,"column":13},"end":{"line":4,"column":22}},"3":{"start":{"line":23,"column":13},"end":{"line":23,"column":28}},"4":{"start":{"line":47,"column":13},"end":{"line":47,"column":26}},"5":{"start":{"line":55,"column":13},"end":{"line":55,"column":21}},"6":{"start":{"line":71,"column":13},"end":{"line":71,"column":34}},"7":{"start":{"line":73,"column":22},"end":{"line":73,"column":23}},"8":{"start":{"line":74,"column":30},"end":{"line":74,"column":31}},"9":{"start":{"line":77,"column":20},"end":{"line":77,"column":21}},"10":{"start":{"line":80,"column":13},"end":{"line":80,"column":30}},"11":{"start":{"line":92,"column":13},"end":{"line":92,"column":20}},"12":{"start":{"line":97,"column":18},"end":{"line":97,"column":50}},"13":{"start":{"line":101,"column":10},"end":{"line":101,"column":17}},"14":{"start":{"line":104,"column":26},"end":{"line":108,"column":null}},"15":{"start":{"line":105,"column":2},"end":{"line":105,"column":35}},"16":{"start":{"line":105,"column":28},"end":{"line":105,"column":35}},"17":{"start":{"line":106,"column":2},"end":{"line":106,"column":35}},"18":{"start":{"line":106,"column":28},"end":{"line":106,"column":35}},"19":{"start":{"line":107,"column":2},"end":{"line":107,"column":12}},"20":{"start":{"line":110,"column":13},"end":{"line":110,"column":31}},"21":{"start":{"line":119,"column":4},"end":{"line":119,"column":null}}},"fnMap":{"0":{"name":"predictionInFuture","decl":{"start":{"line":73,"column":22},"end":{"line":73,"column":23}},"loc":{"start":{"line":73,"column":22},"end":{"line":73,"column":23}}},"1":{"name":"predictionStartedXDaysLeft","decl":{"start":{"line":74,"column":30},"end":{"line":74,"column":31}},"loc":{"start":{"line":74,"column":30},"end":{"line":74,"column":31}}},"2":{"name":"predictionInPast","decl":{"start":{"line":77,"column":20},"end":{"line":77,"column":21}},"loc":{"start":{"line":77,"column":20},"end":{"line":77,"column":21}}},"3":{"name":"cycleDayKnown","decl":{"start":{"line":97,"column":17},"end":{"line":97,"column":18}},"loc":{"start":{"line":97,"column":18},"end":{"line":97,"column":50}}},"4":{"name":"phase","decl":{"start":{"line":101,"column":9},"end":{"line":101,"column":10}},"loc":{"start":{"line":101,"column":10},"end":{"line":101,"column":17}}},"5":{"name":"getDaysDescriptor","decl":{"start":{"line":104,"column":6},"end":{"line":104,"column":23}},"loc":{"start":{"line":104,"column":43},"end":{"line":108,"column":null}}},"6":{"name":"postOvuText","decl":{"start":{"line":118,"column":15},"end":{"line":118,"column":23}},"loc":{"start":{"line":118,"column":26},"end":{"line":124,"column":null}}}},"branchMap":{"0":{"loc":{"start":{"line":105,"column":2},"end":{"line":105,"column":35}},"type":"if","locations":[{"start":{"line":105,"column":2},"end":{"line":105,"column":35}},{"start":{"line":105,"column":2},"end":{"line":105,"column":35}}]},"1":{"loc":{"start":{"line":106,"column":2},"end":{"line":106,"column":35}},"type":"if","locations":[{"start":{"line":106,"column":2},"end":{"line":106,"column":35}},{"start":{"line":106,"column":2},"end":{"line":106,"column":35}}]}},"s":{"0":0,"1":0,"2":0,"3":0,"4":0,"5":0,"6":0,"7":0,"8":0,"9":0,"10":0,"11":0,"12":0,"13":0,"14":0,"15":0,"16":0,"17":0,"18":0,"19":0,"20":0,"21":0},"f":{"0":0,"1":0,"2":0,"3":0,"4":0,"5":0,"6":0},"b":{"0":[0,0],"1":[0,0]}}
,"D:\\Web-Developement-Projects\\quasar\\vania-quasar\\src\\i18n\\en\\settings.ts": {"path":"D:\\Web-Developement-Projects\\quasar\\vania-quasar\\src\\i18n\\en\\settings.ts","statementMap":{"0":{"start":{"line":2,"column":13},"end":{"line":2,"column":21}},"1":{"start":{"line":20,"column":0},"end":{"line":20,"column":15}},"2":{"start":{"line":85,"column":17},"end":{"line":85,"column":47}},"3":{"start":{"line":92,"column":39},"end":{"line":92,"column":90}}},"fnMap":{"0":{"name":"timeSet","decl":{"start":{"line":85,"column":13},"end":{"line":85,"column":17}},"loc":{"start":{"line":85,"column":17},"end":{"line":85,"column":47}}},"1":{"name":"notification","decl":{"start":{"line":92,"column":18},"end":{"line":92,"column":39}},"loc":{"start":{"line":92,"column":39},"end":{"line":92,"column":90}}}},"branchMap":{},"s":{"0":0,"1":0,"2":0,"3":0},"f":{"0":0,"1":0},"b":{}}
,"D:\\Web-Developement-Projects\\quasar\\vania-quasar\\src\\i18n\\en\\symptom-info.ts": {"path":"D:\\Web-Developement-Projects\\quasar\\vania-quasar\\src\\i18n\\en\\symptom-info.ts","statementMap":{"0":{"start":{"line":1,"column":0},"end":{"line":1,"column":null}},"1":{"start":{"line":3,"column":13},"end":{"line":3,"column":27}},"2":{"start":{"line":14,"column":0},"end":{"line":14,"column":15}}},"fnMap":{},"branchMap":{},"s":{"0":0,"1":0,"2":0},"f":{},"b":{}}
,"D:\\Web-Developement-Projects\\quasar\\vania-quasar\\src\\i18n\\fa\\cycle-day.ts": {"path":"D:\\Web-Developement-Projects\\quasar\\vania-quasar\\src\\i18n\\fa\\cycle-day.ts","statementMap":{"0":{"start":{"line":1,"column":13},"end":{"line":1,"column":24}},"1":{"start":{"line":2,"column":13},"end":{"line":2,"column":25}},"2":{"start":{"line":4,"column":13},"end":{"line":4,"column":24}},"3":{"start":{"line":16,"column":13},"end":{"line":16,"column":22}},"4":{"start":{"line":32,"column":13},"end":{"line":32,"column":21}},"5":{"start":{"line":45,"column":13},"end":{"line":45,"column":22}},"6":{"start":{"line":50,"column":13},"end":{"line":50,"column":19}},"7":{"start":{"line":56,"column":13},"end":{"line":56,"column":30}},"8":{"start":{"line":72,"column":13},"end":{"line":72,"column":20}},"9":{"start":{"line":95,"column":13},"end":{"line":95,"column":20}},"10":{"start":{"line":113,"column":13},"end":{"line":113,"column":27}},"11":{"start":{"line":132,"column":13},"end":{"line":132,"column":29}},"12":{"start":{"line":134,"column":13},"end":{"line":134,"column":29}}},"fnMap":{},"branchMap":{},"s":{"0":1,"1":1,"2":1,"3":1,"4":1,"5":1,"6":1,"7":1,"8":1,"9":1,"10":1,"11":1,"12":1},"f":{},"b":{}}
,"D:\\Web-Developement-Projects\\quasar\\vania-quasar\\src\\layouts\\MyLayout.vue": {"path":"D:\\Web-Developement-Projects\\quasar\\vania-quasar\\src\\layouts\\MyLayout.vue","statementMap":{"0":{"start":{"line":109,"column":0},"end":{"line":109,"column":null}},"1":{"start":{"line":111,"column":0},"end":{"line":111,"column":null}},"2":{"start":{"line":116,"column":0},"end":{"line":116,"column":null}}},"fnMap":{"0":{"name":"data","decl":{"start":{"line":115,"column":0},"end":{"line":115,"column":null}},"loc":{"start":{"line":115,"column":0},"end":{"line":119,"column":null}}}},"branchMap":{},"s":{"0":0,"1":0,"2":0},"f":{"0":0},"b":{}}
,"D:\\Web-Developement-Projects\\quasar\\vania-quasar\\src\\lib\\cycle-length.ts": {"path":"D:\\Web-Developement-Projects\\quasar\\vania-quasar\\src\\lib\\cycle-length.ts","statementMap":{"0":{"start":{"line":2,"column":0},"end":{"line":2,"column":null}},"1":{"start":{"line":5,"column":2},"end":{"line":5,"column":35}},"2":{"start":{"line":6,"column":27},"end":{"line":6,"column":null}},"3":{"start":{"line":7,"column":29},"end":{"line":7,"column":41}},"4":{"start":{"line":8,"column":4},"end":{"line":8,"column":11}},"5":{"start":{"line":10,"column":2},"end":{"line":10,"column":18}},"6":{"start":{"line":11,"column":2},"end":{"line":11,"column":18}},"7":{"start":{"line":12,"column":2},"end":{"line":12,"column":18}},"8":{"start":{"line":16,"column":2},"end":{"line":24,"column":null}},"9":{"start":{"line":17,"column":4},"end":{"line":17,"column":20}},"10":{"start":{"line":21,"column":19},"end":{"line":21,"column":null}},"11":{"start":{"line":22,"column":4},"end":{"line":22,"column":20}},"12":{"start":{"line":26,"column":2},"end":{"line":35,"column":null}},"13":{"start":{"line":27,"column":25},"end":{"line":27,"column":37}},"14":{"start":{"line":28,"column":6},"end":{"line":28,"column":13}},"15":{"start":{"line":30,"column":4},"end":{"line":30,"column":20}},"16":{"start":{"line":34,"column":4},"end":{"line":34,"column":20}},"17":{"start":{"line":36,"column":2},"end":{"line":36,"column":9}},"18":{"start":{"line":4,"column":0},"end":{"line":4,"column":16}},"19":{"start":{"line":40,"column":2},"end":{"line":40,"column":9}},"20":{"start":{"line":44,"column":2},"end":{"line":44,"column":9}},"21":{"start":{"line":45,"column":2},"end":{"line":45,"column":9}},"22":{"start":{"line":46,"column":2},"end":{"line":46,"column":14}},"23":{"start":{"line":47,"column":4},"end":{"line":47,"column":11}},"24":{"start":{"line":48,"column":4},"end":{"line":48,"column":11}}},"fnMap":{"0":{"name":"getCycleLengthStats","decl":{"start":{"line":4,"column":16},"end":{"line":4,"column":36}},"loc":{"start":{"line":4,"column":58},"end":{"line":37,"column":null}}},"1":{"name":"(anonymous_1)","decl":{"start":{"line":7,"column":47},"end":{"line":7,"column":48}},"loc":{"start":{"line":7,"column":56},"end":{"line":9,"column":null}}},"2":{"name":"(anonymous_2)","decl":{"start":{"line":27,"column":42},"end":{"line":27,"column":53}},"loc":{"start":{"line":27,"column":56},"end":{"line":29,"column":7}}},"3":{"name":"getSum","decl":{"start":{"line":39,"column":9},"end":{"line":39,"column":16}},"loc":{"start":{"line":39,"column":42},"end":{"line":41,"column":null}}},"4":{"name":"throwIfArgsAreNotInRequiredFormat","decl":{"start":{"line":43,"column":9},"end":{"line":43,"column":43}},"loc":{"start":{"line":43,"column":65},"end":{"line":50,"column":null}}},"5":{"name":"(anonymous_5)","decl":{"start":{"line":46,"column":23},"end":{"line":46,"column":34}},"loc":{"start":{"line":46,"column":37},"end":{"line":49,"column":null}}}},"branchMap":{"0":{"loc":{"start":{"line":16,"column":2},"end":{"line":24,"column":null}},"type":"if","locations":[{"start":{"line":16,"column":2},"end":{"line":24,"column":null}},{"start":{"line":16,"column":2},"end":{"line":24,"column":null}}]},"1":{"loc":{"start":{"line":26,"column":2},"end":{"line":35,"column":null}},"type":"if","locations":[{"start":{"line":26,"column":2},"end":{"line":35,"column":null}},{"start":{"line":26,"column":2},"end":{"line":35,"column":null}}]}},"s":{"0":0,"1":0,"2":0,"3":0,"4":0,"5":0,"6":0,"7":0,"8":0,"9":0,"10":0,"11":0,"12":0,"13":0,"14":0,"15":0,"16":0,"17":0,"18":0,"19":0,"20":0,"21":0,"22":0,"23":0,"24":0},"f":{"0":0,"1":0,"2":0,"3":0,"4":0,"5":0},"b":{"0":[0,0],"1":[0,0]}}
,"D:\\Web-Developement-Projects\\quasar\\vania-quasar\\src\\lib\\cycle.ts": {"path":"D:\\Web-Developement-Projects\\quasar\\vania-quasar\\src\\lib\\cycle.ts","statementMap":{"0":{"start":{"line":1,"column":0},"end":{"line":1,"column":null}},"1":{"start":{"line":2,"column":0},"end":{"line":2,"column":null}},"2":{"start":{"line":3,"column":0},"end":{"line":3,"column":null}},"3":{"start":{"line":5,"column":18},"end":{"line":5,"column":null}},"4":{"start":{"line":6,"column":13},"end":{"line":6,"column":null}},"5":{"start":{"line":163,"column":25},"end":{"line":163,"column":null}},"6":{"start":{"line":164,"column":4},"end":{"line":166,"column":null}},"7":{"start":{"line":165,"column":6},"end":{"line":165,"column":13}},"8":{"start":{"line":167,"column":22},"end":{"line":167,"column":42}},"9":{"start":{"line":168,"column":27},"end":{"line":168,"column":31}},"10":{"start":{"line":170,"column":4},"end":{"line":176,"column":null}},"11":{"start":{"line":171,"column":6},"end":{"line":171,"column":26}},"12":{"start":{"line":172,"column":11},"end":{"line":176,"column":null}},"13":{"start":{"line":173,"column":6},"end":{"line":173,"column":26}},"14":{"start":{"line":175,"column":6},"end":{"line":175,"column":26}},"15":{"start":{"line":177,"column":4},"end":{"line":179,"column":null}},"16":{"start":{"line":178,"column":6},"end":{"line":178,"column":13}},"17":{"start":{"line":180,"column":28},"end":{"line":180,"column":null}},"18":{"start":{"line":181,"column":20},"end":{"line":181,"column":29}},"19":{"start":{"line":182,"column":28},"end":{"line":182,"column":null}},"20":{"start":{"line":183,"column":4},"end":{"line":192,"column":null}},"21":{"start":{"line":183,"column":17},"end":{"line":183,"column":20}},"22":{"start":{"line":184,"column":6},"end":{"line":184,"column":15}},"23":{"start":{"line":185,"column":33},"end":{"line":185,"column":34}},"24":{"start":{"line":186,"column":6},"end":{"line":189,"column":null}},"25":{"start":{"line":186,"column":19},"end":{"line":186,"column":22}},"26":{"start":{"line":187,"column":8},"end":{"line":187,"column":26}},"27":{"start":{"line":188,"column":8},"end":{"line":188,"column":26}},"28":{"start":{"line":190,"column":6},"end":{"line":190,"column":24}},"29":{"start":{"line":191,"column":6},"end":{"line":191,"column":21}},"30":{"start":{"line":193,"column":4},"end":{"line":193,"column":11}},"31":{"start":{"line":152,"column":4},"end":{"line":152,"column":11}},"32":{"start":{"line":153,"column":14},"end":{"line":153,"column":18}},"33":{"start":{"line":155,"column":8},"end":{"line":155,"column":61}},"34":{"start":{"line":155,"column":54},"end":{"line":155,"column":61}},"35":{"start":{"line":156,"column":31},"end":{"line":156,"column":50}},"36":{"start":{"line":157,"column":8},"end":{"line":157,"column":15}},"37":{"start":{"line":159,"column":20},"end":{"line":159,"column":24}},"38":{"start":{"line":124,"column":25},"end":{"line":124,"column":49}},"39":{"start":{"line":125,"column":15},"end":{"line":125,"column":19}},"40":{"start":{"line":127,"column":43},"end":{"line":127,"column":55}},"41":{"start":{"line":128,"column":6},"end":{"line":128,"column":13}},"42":{"start":{"line":130,"column":4},"end":{"line":130,"column":11}},"43":{"start":{"line":136,"column":19},"end":{"line":136,"column":32}},"44":{"start":{"line":137,"column":6},"end":{"line":137,"column":24}},"45":{"start":{"line":137,"column":17},"end":{"line":137,"column":24}},"46":{"start":{"line":138,"column":6},"end":{"line":138,"column":48}},"47":{"start":{"line":138,"column":41},"end":{"line":138,"column":48}},"48":{"start":{"line":139,"column":6},"end":{"line":139,"column":16}},"49":{"start":{"line":140,"column":6},"end":{"line":140,"column":13}},"50":{"start":{"line":145,"column":24},"end":{"line":145,"column":33}},"51":{"start":{"line":146,"column":24},"end":{"line":146,"column":33}},"52":{"start":{"line":147,"column":6},"end":{"line":147,"column":13}},"53":{"start":{"line":102,"column":4},"end":{"line":102,"column":64}},"54":{"start":{"line":102,"column":57},"end":{"line":102,"column":64}},"55":{"start":{"line":103,"column":4},"end":{"line":103,"column":61}},"56":{"start":{"line":103,"column":54},"end":{"line":103,"column":61}},"57":{"start":{"line":104,"column":4},"end":{"line":104,"column":11}},"58":{"start":{"line":109,"column":24},"end":{"line":109,"column":33}},"59":{"start":{"line":110,"column":24},"end":{"line":110,"column":33}},"60":{"start":{"line":111,"column":27},"end":{"line":111,"column":null}},"61":{"start":{"line":112,"column":20},"end":{"line":112,"column":32}},"62":{"start":{"line":112,"column":46},"end":{"line":112,"column":50}},"63":{"start":{"line":113,"column":25},"end":{"line":113,"column":37}},"64":{"start":{"line":114,"column":6},"end":{"line":114,"column":13}},"65":{"start":{"line":115,"column":8},"end":{"line":115,"column":15}},"66":{"start":{"line":95,"column":23},"end":{"line":95,"column":null}},"67":{"start":{"line":96,"column":23},"end":{"line":96,"column":48}},"68":{"start":{"line":97,"column":4},"end":{"line":97,"column":28}},"69":{"start":{"line":97,"column":21},"end":{"line":97,"column":28}},"70":{"start":{"line":98,"column":4},"end":{"line":98,"column":11}},"71":{"start":{"line":73,"column":29},"end":{"line":73,"column":79}},"72":{"start":{"line":74,"column":28},"end":{"line":74,"column":49}},"73":{"start":{"line":75,"column":14},"end":{"line":75,"column":37}},"74":{"start":{"line":76,"column":27},"end":{"line":76,"column":36}},"75":{"start":{"line":77,"column":28},"end":{"line":77,"column":52}},"76":{"start":{"line":80,"column":4},"end":{"line":90,"column":null}},"77":{"start":{"line":81,"column":6},"end":{"line":81,"column":11}},"78":{"start":{"line":85,"column":28},"end":{"line":85,"column":37}},"79":{"start":{"line":86,"column":6},"end":{"line":86,"column":17}},"80":{"start":{"line":88,"column":6},"end":{"line":88,"column":11}},"81":{"start":{"line":89,"column":6},"end":{"line":89,"column":17}},"82":{"start":{"line":91,"column":4},"end":{"line":91,"column":11}},"83":{"start":{"line":61,"column":26},"end":{"line":61,"column":49}},"84":{"start":{"line":62,"column":6},"end":{"line":62,"column":13}},"85":{"start":{"line":64,"column":4},"end":{"line":64,"column":34}},"86":{"start":{"line":64,"column":27},"end":{"line":64,"column":34}},"87":{"start":{"line":65,"column":4},"end":{"line":65,"column":11}},"88":{"start":{"line":67,"column":16},"end":{"line":67,"column":20}},"89":{"start":{"line":69,"column":19},"end":{"line":69,"column":23}},"90":{"start":{"line":52,"column":23},"end":{"line":52,"column":48}},"91":{"start":{"line":53,"column":4},"end":{"line":53,"column":28}},"92":{"start":{"line":53,"column":21},"end":{"line":53,"column":28}},"93":{"start":{"line":54,"column":14},"end":{"line":54,"column":37}},"94":{"start":{"line":55,"column":30},"end":{"line":55,"column":54}},"95":{"start":{"line":56,"column":4},"end":{"line":56,"column":35}},"96":{"start":{"line":56,"column":28},"end":{"line":56,"column":35}},"97":{"start":{"line":57,"column":4},"end":{"line":57,"column":11}},"98":{"start":{"line":40,"column":28},"end":{"line":40,"column":53}},"99":{"start":{"line":41,"column":4},"end":{"line":41,"column":33}},"100":{"start":{"line":41,"column":26},"end":{"line":41,"column":33}},"101":{"start":{"line":42,"column":23},"end":{"line":42,"column":32}},"102":{"start":{"line":43,"column":32},"end":{"line":43,"column":41}},"103":{"start":{"line":44,"column":23},"end":{"line":44,"column":42}},"104":{"start":{"line":46,"column":4},"end":{"line":46,"column":45}},"105":{"start":{"line":46,"column":38},"end":{"line":46,"column":45}},"106":{"start":{"line":48,"column":4},"end":{"line":48,"column":11}},"107":{"start":{"line":36,"column":4},"end":{"line":36,"column":11}},"108":{"start":{"line":36,"column":45},"end":{"line":36,"column":49}},"109":{"start":{"line":19,"column":31},"end":{"line":19,"column":37}},"110":{"start":{"line":20,"column":30},"end":{"line":20,"column":36}},"111":{"start":{"line":21,"column":28},"end":{"line":21,"column":34}},"112":{"start":{"line":23,"column":4},"end":{"line":23,"column":22}},"113":{"start":{"line":24,"column":4},"end":{"line":24,"column":18}},"114":{"start":{"line":25,"column":4},"end":{"line":25,"column":26}},"115":{"start":{"line":27,"column":4},"end":{"line":27,"column":28}},"116":{"start":{"line":28,"column":4},"end":{"line":28,"column":27}},"117":{"start":{"line":29,"column":4},"end":{"line":29,"column":25}},"118":{"start":{"line":30,"column":4},"end":{"line":30,"column":22}},"119":{"start":{"line":31,"column":4},"end":{"line":31,"column":18}},"120":{"start":{"line":32,"column":4},"end":{"line":32,"column":26}},"121":{"start":{"line":8,"column":0},"end":{"line":8,"column":30}}},"fnMap":{"0":{"name":"config","decl":{"start":{"line":8,"column":30},"end":{"line":8,"column":37}},"loc":{"start":{"line":8,"column":47},"end":{"line":206,"column":null}}},"1":{"name":"_ref10","decl":{"start":{"line":162,"column":29},"end":{"line":162,"column":null}},"loc":{"start":{"line":162,"column":29},"end":{"line":194,"column":null}}},"2":{"name":"_ref9","decl":{"start":{"line":151,"column":29},"end":{"line":151,"column":null}},"loc":{"start":{"line":151,"column":29},"end":{"line":160,"column":null}}},"3":{"name":"(anonymous_11)","decl":{"start":{"line":153,"column":11},"end":{"line":153,"column":14}},"loc":{"start":{"line":153,"column":14},"end":{"line":153,"column":18}}},"4":{"name":"(anonymous_12)","decl":{"start":{"line":154,"column":11},"end":{"line":154,"column":12}},"loc":{"start":{"line":154,"column":49},"end":{"line":158,"column":null}}},"5":{"name":"(anonymous_13)","decl":{"start":{"line":159,"column":14},"end":{"line":159,"column":20}},"loc":{"start":{"line":159,"column":20},"end":{"line":159,"column":24}}},"6":{"name":"_ref8","decl":{"start":{"line":123,"column":35},"end":{"line":123,"column":59}},"loc":{"start":{"line":123,"column":59},"end":{"line":149,"column":null}}},"7":{"name":"(anonymous_15)","decl":{"start":{"line":125,"column":14},"end":{"line":125,"column":15}},"loc":{"start":{"line":125,"column":15},"end":{"line":125,"column":19}}},"8":{"name":"(anonymous_16)","decl":{"start":{"line":127,"column":66},"end":{"line":127,"column":69}},"loc":{"start":{"line":127,"column":72},"end":{"line":129,"column":null}}},"9":{"name":"recurse","decl":{"start":{"line":135,"column":13},"end":{"line":135,"column":21}},"loc":{"start":{"line":135,"column":89},"end":{"line":141,"column":null}}},"10":{"name":"isWithinThreshold","decl":{"start":{"line":144,"column":13},"end":{"line":144,"column":31}},"loc":{"start":{"line":144,"column":91},"end":{"line":148,"column":null}}},"11":{"name":"_ref7","decl":{"start":{"line":101,"column":25},"end":{"line":101,"column":49}},"loc":{"start":{"line":101,"column":49},"end":{"line":118,"column":null}}},"12":{"name":"noBleedingDayWithinThresholdBefore","decl":{"start":{"line":108,"column":13},"end":{"line":108,"column":48}},"loc":{"start":{"line":108,"column":72},"end":{"line":117,"column":null}}},"13":{"name":"(anonymous_21)","decl":{"start":{"line":112,"column":43},"end":{"line":112,"column":46}},"loc":{"start":{"line":112,"column":46},"end":{"line":112,"column":50}}},"14":{"name":"(anonymous_22)","decl":{"start":{"line":114,"column":30},"end":{"line":114,"column":33}},"loc":{"start":{"line":114,"column":36},"end":{"line":116,"column":null}}},"15":{"name":"_ref6","decl":{"start":{"line":94,"column":26},"end":{"line":94,"column":42}}
[...]
,"D:\\Web-Developement-Projects\\quasar\\vania-quasar\\src\\state\\helper.ts": {"path":"D:\\Web-Developement-Projects\\quasar\\vania-quasar\\src\\state\\helper.ts","statementMap":{"0":{"start":{"line":1,"column":0},"end":{"line":1,"column":null}},"1":{"start":{"line":2,"column":0},"end":{"line":2,"column":null}},"2":{"start":{"line":3,"column":0},"end":{"line":3,"column":7}},"3":{"start":{"line":4,"column":0},"end":{"line":4,"column":7}},"4":{"start":{"line":6,"column":13},"end":{"line":6,"column":30}},"5":{"start":{"line":7,"column":2},"end":{"line":9,"column":null}},"6":{"start":{"line":8,"column":4},"end":{"line":8,"column":5}},"7":{"start":{"line":11,"column":2},"end":{"line":11,"column":9}},"8":{"start":{"line":12,"column":23},"end":{"line":12,"column":null}},"9":{"start":{"line":14,"column":23},"end":{"line":14,"column":null}},"10":{"start":{"line":16,"column":4},"end":{"line":18,"column":null}},"11":{"start":{"line":16,"column":17},"end":{"line":16,"column":20}},"12":{"start":{"line":17,"column":6},"end":{"line":17,"column":16}},"13":{"start":{"line":21,"column":4},"end":{"line":25,"column":null}},"14":{"start":{"line":21,"column":17},"end":{"line":21,"column":20}},"15":{"start":{"line":22,"column":6},"end":{"line":22,"column":16}},"16":{"start":{"line":26,"column":4},"end":{"line":26,"column":11}},"17":{"start":{"line":30,"column":16},"end":{"line":30,"column":null}},"18":{"start":{"line":31,"column":18},"end":{"line":31,"column":null}},"19":{"start":{"line":33,"column":19},"end":{"line":33,"column":null}},"20":{"start":{"line":50,"column":12},"end":{"line":50,"column":13}},"21":{"start":{"line":57,"column":12},"end":{"line":57,"column":13}},"22":{"start":{"line":59,"column":12},"end":{"line":59,"column":13}},"23":{"start":{"line":61,"column":24},"end":{"line":66,"column":null}},"24":{"start":{"line":61,"column":52},"end":{"line":61,"column":null}},"25":{"start":{"line":63,"column":17},"end":{"line":63,"column":22}},"26":{"start":{"line":65,"column":2},"end":{"line":65,"column":9}},"27":{"start":{"line":69,"column":21},"end":{"line":69,"column":33}},"28":{"start":{"line":72,"column":13},"end":{"line":72,"column":25}},"29":{"start":{"line":73,"column":23},"end":{"line":73,"column":null}},"30":{"start":{"line":74,"column":16},"end":{"line":74,"column":null}},"31":{"start":{"line":77,"column":20},"end":{"line":77,"column":null}},"32":{"start":{"line":77,"column":37},"end":{"line":77,"column":38}},"33":{"start":{"line":77,"column":57},"end":{"line":77,"column":58}},"34":{"start":{"line":78,"column":15},"end":{"line":78,"column":null}},"35":{"start":{"line":79,"column":16},"end":{"line":79,"column":26}},"36":{"start":{"line":79,"column":26},"end":{"line":79,"column":27}},"37":{"start":{"line":80,"column":14},"end":{"line":80,"column":31}},"38":{"start":{"line":81,"column":2},"end":{"line":81,"column":9}},"39":{"start":{"line":85,"column":13},"end":{"line":85,"column":20}},"40":{"start":{"line":85,"column":20},"end":{"line":85,"column":21}}},"fnMap":{"0":{"name":"(anonymous_0)","decl":{"start":{"line":6,"column":30},"end":{"line":6,"column":31}},"loc":{"start":{"line":6,"column":41},"end":{"line":28,"column":null}}},"1":{"name":"(anonymous_1)","decl":{"start":{"line":11,"column":27},"end":{"line":11,"column":37}},"loc":{"start":{"line":11,"column":47},"end":{"line":27,"column":null}}},"2":{"name":"g2d","decl":{"start":{"line":50,"column":6},"end":{"line":50,"column":9}},"loc":{"start":{"line":50,"column":12},"end":{"line":50,"column":13}}},"3":{"name":"div","decl":{"start":{"line":57,"column":6},"end":{"line":57,"column":9}},"loc":{"start":{"line":57,"column":12},"end":{"line":57,"column":13}}},"4":{"name":"mod","decl":{"start":{"line":59,"column":6},"end":{"line":59,"column":9}},"loc":{"start":{"line":59,"column":12},"end":{"line":59,"column":13}}},"5":{"name":"getJdHijri","decl":{"start":{"line":61,"column":6},"end":{"line":61,"column":16}},"loc":{"start":{"line":61,"column":52},"end":{"line":66,"column":null}}},"6":{"name":"(anonymous_6)","decl":{"start":{"line":72,"column":25},"end":{"line":72,"column":26}},"loc":{"start":{"line":72,"column":32},"end":{"line":82,"column":null}}},"7":{"name":"(anonymous_7)","decl":{"start":{"line":77,"column":37},"end":{"line":77,"column":38}},"loc":{"start":{"line":77,"column":37},"end":{"line":77,"column":38}}},"8":{"name":"(anonymous_8)","decl":{"start":{"line":77,"column":57},"end":{"line":77,"column":58}},"loc":{"start":{"line":77,"column":57},"end":{"line":77,"column":58}}},"9":{"name":"(anonymous_9)","decl":{"start":{"line":79,"column":26},"end":{"line":79,"column":27}},"loc":{"start":{"line":79,"column":26},"end":{"line":79,"column":27}}},"10":{"name":"(anonymous_10)","decl":{"start":{"line":85,"column":20},"end":{"line":85,"column":21}},"loc":{"start":{"line":85,"column":20},"end":{"line":85,"column":21}}}},"branchMap":{"0":{"loc":{"start":{"line":7,"column":2},"end":{"line":9,"column":null}},"type":"if","locations":[{"start":{"line":7,"column":2},"end":{"line":9,"column":null}},{"start":{"line":7,"column":2},"end":{"line":9,"column":null}}]},"1":{"loc":{"start":{"line":23,"column":65},"end":{"line":23,"column":72}},"type":"cond-expr","locations":[{"start":{"line":23,"column":65},"end":{"line":23,"column":72}},{"start":{"line":23,"column":72},"end":{"line":23,"column":null}}]},"2":{"loc":{"start":{"line":23,"column":45},"end":{"line":23,"column":52}},"type":"binary-expr","locations":[{"start":{"line":23,"column":45},"end":{"line":23,"column":52}},{"start":{"line":23,"column":52},"end":{"line":23,"column":65}}]},"3":{"loc":{"start":{"line":65,"column":26},"end":{"line":65,"column":27}},"type":"cond-expr","locations":[{"start":{"line":65,"column":26},"end":{"line":65,"column":27}},{"start":{"line":65,"column":37},"end":{"line":65,"column":45}}]}},"s":{"0":1,"1":1,"2":1,"3":1,"4":1,"5":0,"6":0,"7":0,"8":0,"9":0,"10":0,"11":0,"12":0,"13":0,"14":0,"15":0,"16":0,"17":1,"18":1,"19":1,"20":1,"21":1,"22":1,"23":1,"24":42,"25":14,"26":14,"27":1,"28":1,"29":0,"30":0,"31":0,"32":0,"33":0,"34":0,"35":0,"36":0,"37":0,"38":0,"39":1,"40":0},"f":{"0":0,"1":0,"2":0,"3":0,"4":0,"5":14,"6":0,"7":0,"8":0,"9":0,"10":0},"b":{"0":[0,0],"1":[0,0],"2":[0,0],"3":[1,13]}}
,"D:\\Web-Developement-Projects\\quasar\\vania-quasar\\src\\state\\index.ts": {"path":"D:\\Web-Developement-Projects\\quasar\\vania-quasar\\src\\state\\index.ts","statementMap":{"0":{"start":{"line":4,"column":0},"end":{"line":4,"column":null}},"1":{"start":{"line":7,"column":0},"end":{"line":7,"column":7}},"2":{"start":{"line":8,"column":0},"end":{"line":8,"column":7}},"3":{"start":{"line":10,"column":0},"end":{"line":10,"column":null}},"4":{"start":{"line":11,"column":0},"end":{"line":11,"column":null}},"5":{"start":{"line":13,"column":0},"end":{"line":13,"column":null}},"6":{"start":{"line":14,"column":15},"end":{"line":14,"column":16}},"7":{"start":{"line":27,"column":13},"end":{"line":27,"column":35}},"8":{"start":{"line":38,"column":13},"end":{"line":38,"column":23}},"9":{"start":{"line":38,"column":23},"end":{"line":38,"column":30}},"10":{"start":{"line":38,"column":69},"end":{"line":38,"column":null}},"11":{"start":{"line":41,"column":6},"end":{"line":41,"column":19}},"12":{"start":{"line":42,"column":6},"end":{"line":42,"column":19}},"13":{"start":{"line":46,"column":6},"end":{"line":46,"column":19}},"14":{"start":{"line":47,"column":6},"end":{"line":47,"column":19}},"15":{"start":{"line":48,"column":6},"end":{"line":48,"column":19}},"16":{"start":{"line":52,"column":12},"end":{"line":38,"column":null}},"17":{"start":{"line":53,"column":12},"end":{"line":38,"column":null}},"18":{"start":{"line":54,"column":6},"end":{"line":54,"column":19}},"19":{"start":{"line":55,"column":6},"end":{"line":55,"column":19}},"20":{"start":{"line":56,"column":6},"end":{"line":56,"column":19}},"21":{"start":{"line":60,"column":12},"end":{"line":38,"column":null}},"22":{"start":{"line":61,"column":12},"end":{"line":38,"column":null}},"23":{"start":{"line":62,"column":6},"end":{"line":62,"column":19}},"24":{"start":{"line":63,"column":6},"end":{"line":63,"column":19}},"25":{"start":{"line":64,"column":6},"end":{"line":64,"column":19}},"26":{"start":{"line":68,"column":12},"end":{"line":38,"column":null}},"27":{"start":{"line":69,"column":6},"end":{"line":69,"column":19}},"28":{"start":{"line":70,"column":6},"end":{"line":70,"column":19}},"29":{"start":{"line":71,"column":6},"end":{"line":71,"column":19}},"30":{"start":{"line":75,"column":6},"end":{"line":75,"column":19}},"31":{"start":{"line":76,"column":6},"end":{"line":76,"column":19}},"32":{"start":{"line":80,"column":12},"end":{"line":38,"column":null}},"33":{"start":{"line":82,"column":6},"end":{"line":82,"column":19}},"34":{"start":{"line":83,"column":6},"end":{"line":83,"column":19}},"35":{"start":{"line":87,"column":6},"end":{"line":87,"column":19}},"36":{"start":{"line":88,"column":6},"end":{"line":88,"column":19}},"37":{"start":{"line":89,"column":6},"end":{"line":89,"column":19}},"38":{"start":{"line":93,"column":6},"end":{"line":93,"column":19}},"39":{"start":{"line":94,"column":6},"end":{"line":94,"column":19}},"40":{"start":{"line":102,"column":13},"end":{"line":102,"column":34}},"41":{"start":{"line":103,"column":16},"end":{"line":103,"column":22}},"42":{"start":{"line":104,"column":14},"end":{"line":104,"column":19}},"43":{"start":{"line":107,"column":18},"end":{"line":107,"column":23}},"44":{"start":{"line":108,"column":27},"end":{"line":108,"column":50}},"45":{"start":{"line":110,"column":2},"end":{"line":110,"column":9}},"46":{"start":{"line":120,"column":13},"end":{"line":120,"column":23}},"47":{"start":{"line":122,"column":13},"end":{"line":122,"column":22}},"48":{"start":{"line":129,"column":13},"end":{"line":129,"column":28}},"49":{"start":{"line":129,"column":28},"end":{"line":129,"column":29}},"50":{"start":{"line":130,"column":10},"end":{"line":130,"column":15}},"51":{"start":{"line":133,"column":15},"end":{"line":133,"column":20}},"52":{"start":{"line":133,"column":50},"end":{"line":133,"column":51}},"53":{"start":{"line":134,"column":4},"end":{"line":134,"column":11}},"54":{"start":{"line":134,"column":19},"end":{"line":134,"column":23}},"55":{"start":{"line":138,"column":13},"end":{"line":138,"column":27}},"56":{"start":{"line":138,"column":27},"end":{"line":138,"column":28}},"57":{"start":{"line":140,"column":6},"end":{"line":140,"column":7}},"58":{"start":{"line":146,"column":13},"end":{"line":146,"column":32}},"59":{"start":{"line":147,"column":10},"end":{"line":147,"column":15}},"60":{"start":{"line":149,"column":6},"end":{"line":149,"column":7}},"61":{"start":{"line":153,"column":13},"end":{"line":153,"column":34}},"62":{"start":{"line":155,"column":10},"end":{"line":155,"column":15}},"63":{"start":{"line":157,"column":4},"end":{"line":157,"column":11}},"64":{"start":{"line":168,"column":13},"end":{"line":168,"column":32}},"65":{"start":{"line":168,"column":32},"end":{"line":168,"column":33}},"66":{"start":{"line":170,"column":52},"end":{"line":170,"column":53}},"67":{"start":{"line":171,"column":10},"end":{"line":171,"column":14}},"68":{"start":{"line":202,"column":13},"end":{"line":202,"column":34}},"69":{"start":{"line":203,"column":10},"end":{"line":203,"column":14}},"70":{"start":{"line":204,"column":6},"end":{"line":204,"column":12}},"71":{"start":{"line":209,"column":13},"end":{"line":209,"column":35}},"72":{"start":{"line":210,"column":10},"end":{"line":210,"column":15}},"73":{"start":{"line":212,"column":17},"end":{"line":212,"column":23}},"74":{"start":{"line":213,"column":4},"end":{"line":213,"column":11}},"75":{"start":{"line":214,"column":4},"end":{"line":218,"column":null}},"76":{"start":{"line":215,"column":6},"end":{"line":215,"column":14}},"77":{"start":{"line":217,"column":6},"end":{"line":217,"column":14}},"78":{"start":{"line":222,"column":13},"end":{"line":222,"column":24}},"79":{"start":{"line":223,"column":2},"end":{"line":223,"column":9}},"80":{"start":{"line":224,"column":2},"end":{"line":224,"column":10}}},"fnMap":{"0":{"name":"moment","decl":{"start":{"line":14,"column":6},"end":{"line":14,"column":12}},"loc":{"start":{"line":14,"column":15},"end":{"line":14,"column":16}}},"1":{"name":"(anonymous_7)","decl":{"start":{"line":38,"column":23},"end":{"line":38,"column":30}},"loc":{"start":{"line":38,"column":23},"end":{"line":38,"column":30}}},"2":{"name":"_callee","decl":{"start":{"line":38,"column":69},"end":{"line":38,"column":null}},"loc":{"start":{"line":38,"column":69},"end":{"line":38,"column":null}}},"3":{"name":"(anonymous_10)","decl":{"start":{"line":102,"column":34},"end":{"line":102,"column":35}},"loc":{"start":{"line":102,"column":65},"end":{"line":116,"column":null}}},"4":{"name":"(anonymous_11)","decl":{"start":{"line":129,"column":28},"end":{"line":129,"column":29}},"loc":{"start":{"line":129,"column":28},"end":{"line":129,"column":29}}},"5":{"name":"(anonymous_12)","decl":{"start":{"line":130,"column":9},"end":{"line":130,"column":10}},"loc":{"start":{"line":130,"column":10},"end":{"line":130,"column":15}}},"6":{"name":"(anonymous_13)","decl":{"start":{"line":132,"column":6},"end":{"line":132,"column":7}},"loc":{"start":{"line":132,"column":10},"end":{"line":135,"column":null}}},"7":{"name":"(anonymous_14)","decl":{"start":{"line":133,"column":50},"end":{"line":133,"column":51}},"loc":{"start":{"line":133,"column":50},"end":{"line":133,"column":51}}},"8":{"name":"(anonymous_15)","decl":{"start":{"line":134,"column":18},"end":{"line":134,"column":19}},"loc":{"start":{"line":134,"column":19},"end":{"line":134,"column":23}}},"9":{"name":"(anonymous_16)","decl":{"start":{"line":138,"column":27},"end":{"line":138,"column":28}},"loc":{"start":{"line":138,"column":27},"end":{"line":138,"column":28}}},"10":{"name":"(anonymous_17)","decl":{"start":{"line":140,"column":6},"end":{"line":140,"column":7}},"loc":{"start":{"line":140,"column":6},"end":{"line":140,"column":7}}},"11":{"name":"(anonymous_18)","decl":{"start":{"line":147,"column":9},"end":{"line":147,"column":10}},"loc":{"start":{"line":147,"column":10},"end":{"line":147,"column":15}}},"12":{"name":"(anonymous_19)","decl":{"start":{"line":149,"column":6},"end":{"line":149,"column":7}},"loc":{"start":{"line":149,"column":6},"end":{"line":149,"column":7}}},"13":{"name":"(anonymous_20)","decl":{"start":{"line":155,"column":9},"end":{"line":155,"column":10}},"loc":{"start":{"line":155,"column":10},"end":{"line":155,"column":15}}},"14":{"name":"(anonymous_21)","decl":{"start":{"line":156,"column":6},"end":{"line":156,"column":7}},"loc":{"start":{"line":156,"column":12},"end":{"line":164,"column":null}}},"15":{"name":"(anonymous_22)","decl":{"start":{"line":168,"column":32},"end":{"line":168,"column":33}},"loc":{"start":{"line":168,"column":32},"end":{"line":168,"column":33}}},"16":{"name":"(anonymous_23)","decl":{"start":{"line":170,"column":52},"end":{"line":170,"column":53}},"loc":{"start":{"line":170,"column":52},"end":{"line":170,"column":53}}},"17":{"name":"(anonymous_24)","decl":{"start":{"line":171,"column":9},"end":{"line":171,"column":10}},"loc":{"start":{"line":171,"column":10},"end":{"line":171,"column":14}}},"18":{"name":"(anonymous_25)","decl":{"start":{"line":203,"column":9},"end":{"line":203,"column":10}},"loc":{"start":{"line":203,"column":10},"end":{"line":203,"column":14}}},"19":{"name":"(anonymous_26)","decl":{"start":{"line":204,"column":6},"end":{"line":204,"column":12}},"loc":{"start":{"line":204,"column":6},"end":{"line":204,"column":12}}},"20":{"name":"(anonymous_27)","decl":{"start":{"line":210,"column":9},"end":{"line":210,"column":10}},"loc":{"start":{"line":210,"column":10},"end":{"line":210,"column":15}}},"21":{"name":"(anonymous_28)","decl":{"start":{"line":211,"column":6},"end":{"line":211,"column":7}},"loc":{"start":{"line":211,"column":10},"end":{"line":219,"column":null}}},"22":{"name":"(anonymous_29)","decl":{"start":{"line":222,"column":24},"end":{"line":222,"column":25}},"loc":{"start":{"line":222,"column":56},"end":{"line":225,"column":null}}}},"branchMap":{"0":{"loc":{"start":{"line":38,"column":69},"end":{"line":38,"column":null}},"type":"switch","locations":[{"start":{"line":38,"column":69},"end":{"line":38,"column":null}},{"start":{"line":38,"column":69},"end":{"line":38,"column":null}},{"start":{"line":38,"column":69},"end":{"line":38,"column":null}},{"start":{"line":38,"column":69},"end":{"line":38,"column":null}},{"start":{"line":38,"column":69},"end":{"line":38,"column":null}},{"start":{"line":38,"column":69},"end":{"line":38,"column":null}},{"start":{"line":38,"column":69},"end":{"line":38,"column":null}},{"start":{"line":38,"column":69},"end":{"line":38,"column":null}},{"start":{"line":38,"column":69},"end":{"line":38,"column":null}},{"start":{"line":38,"column":69},"end":{"line":38,"column":null}},{"start":{"line":38,"column":69},"end":{"line":38,"column":null}},{"start":{"line":38,"column":69},"end":{"line":38,"column":null}},{"start":{"line":38,"column":69},"end":{"line":38,"column":null}}]},"1":{"loc":{"start":{"line":38,"column":69},"end":{"line":38,"column":null}},"type":"cond-expr","locations":[{"start":{"line":38,"column":69},"end":{"line":38,"column":null}},{"start":{"line":38,"column":69},"end":{"line":38,"column":null}}]},"2":{"loc":{"start":{"line":155,"column":29},"end":{"line":155,"column":39}},"type":"binary-expr","locations":[{"start":{"line":155,"column":29},"end":{"line":155,"column":39}},{"start":{"line":155,"column":39},"end":{"line":155,"column":null}}]},"3":{"loc":{"start":{"line":214,"column":4},"end":{"line":218,"column":null}},"type":"if","locations":[{"start":{"line":214,"column":4},"end":{"line":218,"column":null}},{"start":{"line":214,"column":4},"end":{"line":218,"column":null}}]},"4":{"loc":{"start":{"line":214,"column":8},"end":{"line":214,"column":20}},"type":"binary-expr","locations":[{"start":{"line":214,"column":8},"end":{"line":214,"column":20}},{"start":{"line":214,"column":20},"end":{"line":214,"column":57}}]}},"s":{"0":1,"1":1,"2":1,"3":1,"4":1,"5":1,"6":1,"7":1,"8":1,"9":0,"10":0,"11":0,"12":0,"13":0,"14":0,"15":0,"16":0,"17":0,"18":0,"19":0,"20":0,"21":0,"22":0,"23":0,"24":0,"25":0,"26":0,"27":0,"28":0,"29":0,"30":0,"31":0,"32":0,"33":0,"34":0,"35":0,"36":0,"37":0,"38":0,"39":0,"40":1,"41":0,"42":0,"43":0,"44":0,"45":0,"46":1,"47":1,"48":1,"49":0,"50":0,"51":0,"52":0,"53":0,"54":0,"55":1,"56":0,"57":0,"58":1,"59":0,"60":0,"61":1,"62":0,"63":0,"64":1,"65":0,"66":0,"67":0,"68":1,"69":0,"70":0,"71":1,"72":0,"73":0,"74":0,"75":0,"76":0,"77":0,"78":1,"79":0,"80":0},"f":{"0":0,"1":0,"2":0,"3":0,"4":0,"5":0,"6":0,"7":0,"8":0,"9":0,"10":0,"11":0,"12":0,"13":0,"14":0,"15":0,"16":0,"17":0,"18":0,"19":0,"20":0,"21":0,"22":0},"b":{"0":[0,0,0,0,0,0,0,0,0,0,0,0,0],"1":[0,0],"2":[0,0],"3":[0,0],"4":[0,0]}}
}
