{"/home/sepidar/Projects/vania/src/config.ts": {"path":"/home/sepidar/Projects/vania/src/config.ts","statementMap":{"0":{"start":{"line":1,"column":15},"end":{"line":1,"column":null}},"1":{"start":{"line":16,"column":0},"end":{"line":16,"column":6}},"2":{"start":{"line":18,"column":15},"end":{"line":18,"column":null}}},"fnMap":{},"branchMap":{},"s":{"0":0,"1":0,"2":0},"f":{},"b":{}}
,"/home/sepidar/Projects/vania/src/local-storage.ts": {"path":"/home/sepidar/Projects/vania/src/local-storage.ts","statementMap":{"0":{"start":{"line":1,"column":0},"end":{"line":1,"column":null}},"1":{"start":{"line":2,"column":0},"end":{"line":2,"column":null}},"2":{"start":{"line":3,"column":0},"end":{"line":3,"column":null}},"3":{"start":{"line":5,"column":31},"end":{"line":5,"column":null}},"4":{"start":{"line":6,"column":0},"end":{"line":6,"column":19}},"5":{"start":{"line":11,"column":30},"end":{"line":11,"column":null}},"6":{"start":{"line":12,"column":0},"end":{"line":12,"column":14}},"7":{"start":{"line":13,"column":0},"end":{"line":13,"column":15}},"8":{"start":{"line":14,"column":21},"end":{"line":14,"column":null}},"9":{"start":{"line":15,"column":2},"end":{"line":19,"column":null}},"10":{"start":{"line":16,"column":4},"end":{"line":16,"column":18}},"11":{"start":{"line":18,"column":4},"end":{"line":18,"column":18}},"12":{"start":{"line":23,"column":2},"end":{"line":23,"column":15}},"13":{"start":{"line":24,"column":2},"end":{"line":24,"column":17}},"14":{"start":{"line":27,"column":38},"end":{"line":27,"column":null}},"15":{"start":{"line":28,"column":0},"end":{"line":28,"column":19}},"16":{"start":{"line":33,"column":2},"end":{"line":33,"column":15}},"17":{"start":{"line":34,"column":2},"end":{"line":34,"column":24}},"18":{"start":{"line":37,"column":40},"end":{"line":37,"column":null}},"19":{"start":{"line":38,"column":0},"end":{"line":38,"column":19}},"20":{"start":{"line":43,"column":2},"end":{"line":43,"column":15}},"21":{"start":{"line":44,"column":2},"end":{"line":44,"column":26}},"22":{"start":{"line":47,"column":35},"end":{"line":47,"column":null}},"23":{"start":{"line":48,"column":0},"end":{"line":48,"column":19}},"24":{"start":{"line":51,"column":2},"end":{"line":51,"column":15}},"25":{"start":{"line":52,"column":2},"end":{"line":52,"column":21}},"26":{"start":{"line":55,"column":39},"end":{"line":55,"column":null}},"27":{"start":{"line":56,"column":0},"end":{"line":56,"column":19}},"28":{"start":{"line":59,"column":2},"end":{"line":59,"column":15}},"29":{"start":{"line":60,"column":2},"end":{"line":60,"column":25}},"30":{"start":{"line":64,"column":2},"end":{"line":64,"column":9}},"31":{"start":{"line":68,"column":2},"end":{"line":68,"column":15}},"32":{"start":{"line":72,"column":17},"end":{"line":72,"column":30}},"33":{"start":{"line":74,"column":2},"end":{"line":78,"column":null}},"34":{"start":{"line":75,"column":4},"end":{"line":75,"column":9}},"35":{"start":{"line":77,"column":4},"end":{"line":77,"column":9}},"36":{"start":{"line":79,"column":2},"end":{"line":79,"column":5}},"37":{"start":{"line":83,"column":2},"end":{"line":83,"column":15}},"38":{"start":{"line":84,"column":2},"end":{"line":84,"column":15}},"39":{"start":{"line":88,"column":2},"end":{"line":88,"column":9}}},"fnMap":{"0":{"name":"(anonymous_0)","decl":{"start":{"line":13,"column":16},"end":{"line":13,"column":17}},"loc":{"start":{"line":13,"column":31},"end":{"line":20,"column":null}}},"1":{"name":"saveTempScale","decl":{"start":{"line":22,"column":16},"end":{"line":22,"column":30}},"loc":{"start":{"line":22,"column":40},"end":{"line":25,"column":null}}},"2":{"name":"saveTempReminder","decl":{"start":{"line":32,"column":16},"end":{"line":32,"column":33}},"loc":{"start":{"line":32,"column":46},"end":{"line":35,"column":null}}},"3":{"name":"savePeriodReminder","decl":{"start":{"line":42,"column":16},"end":{"line":42,"column":35}},"loc":{"start":{"line":42,"column":48},"end":{"line":45,"column":null}}},"4":{"name":"saveUseCervix","decl":{"start":{"line":50,"column":16},"end":{"line":50,"column":30}},"loc":{"start":{"line":50,"column":39},"end":{"line":53,"column":null}}},"5":{"name":"saveEncryptionFlag","decl":{"start":{"line":58,"column":16},"end":{"line":58,"column":35}},"loc":{"start":{"line":58,"column":44},"end":{"line":61,"column":null}}},"6":{"name":"getLicenseFlag","decl":{"start":{"line":63,"column":16},"end":{"line":63,"column":30}},"loc":{"start":{"line":63,"column":30},"end":{"line":65,"column":null}}},"7":{"name":"saveLicenseFlag","decl":{"start":{"line":67,"column":16},"end":{"line":67,"column":31}},"loc":{"start":{"line":67,"column":31},"end":{"line":69,"column":null}}},"8":{"name":"setObvWithInitValue","decl":{"start":{"line":71,"column":9},"end":{"line":71,"column":29}},"loc":{"start":{"line":71,"column":69},"end":{"line":80,"column":null}}},"9":{"name":"saveInitialCycleConfig","decl":{"start":{"line":82,"column":16},"end":{"line":82,"column":39}},"loc":{"start":{"line":82,"column":49},"end":{"line":85,"column":null}}},"10":{"name":"getInitialCycleConfig","decl":{"start":{"line":87,"column":16},"end":{"line":87,"column":37}},"loc":{"start":{"line":87,"column":37},"end":{"line":89,"column":null}}}},"branchMap":{"0":{"loc":{"start":{"line":15,"column":2},"end":{"line":19,"column":null}},"type":"if","locations":[{"start":{"line":15,"column":2},"end":{"line":19,"column":null}},{"start":{"line":15,"column":2},"end":{"line":19,"column":null}}]},"1":{"loc":{"start":{"line":74,"column":2},"end":{"line":78,"column":null}},"type":"if","locations":[{"start":{"line":74,"column":2},"end":{"line":78,"column":null}},{"start":{"line":74,"column":2},"end":{"line":78,"column":null}}]}},"s":{"0":0,"1":0,"2":0,"3":0,"4":0,"5":0,"6":0,"7":0,"8":0,"9":0,"10":0,"11":0,"12":0,"13":0,"14":0,"15":0,"16":0,"17":0,"18":0,"19":0,"20":0,"21":0,"22":0,"23":0,"24":0,"25":0,"26":0,"27":0,"28":0,"29":0,"30":0,"31":0,"32":0,"33":0,"34":0,"35":0,"36":0,"37":0,"38":0,"39":0},"f":{"0":0,"1":0,"2":0,"3":0,"4":0,"5":0,"6":0,"7":0,"8":0,"9":0,"10":0},"b":{"0":[0,0],"1":[0,0]}}
,"/home/sepidar/Projects/vania/src/boot/picker.ts": {"path":"/home/sepidar/Projects/vania/src/boot/picker.ts","statementMap":{"0":{"start":{"line":1,"column":0},"end":{"line":1,"column":null}},"1":{"start":{"line":2,"column":0},"end":{"line":2,"column":null}},"2":{"start":{"line":5,"column":15},"end":{"line":7,"column":null}},"3":{"start":{"line":5,"column":27},"end":{"line":5,"column":26}},"4":{"start":{"line":6,"column":4},"end":{"line":6,"column":7}}},"fnMap":{"0":{"name":"_default","decl":{"start":{"line":5,"column":15},"end":{"line":5,"column":18}},"loc":{"start":{"line":5,"column":27},"end":{"line":7,"column":null}}}},"branchMap":{},"s":{"0":0,"1":0,"2":0,"3":0,"4":0},"f":{"0":0},"b":{}}
,"/home/sepidar/Projects/vania/src/boot/rx.ts": {"path":"/home/sepidar/Projects/vania/src/boot/rx.ts","statementMap":{"0":{"start":{"line":1,"column":0},"end":{"line":1,"column":null}},"1":{"start":{"line":2,"column":0},"end":{"line":2,"column":null}},"2":{"start":{"line":6,"column":15},"end":{"line":8,"column":null}},"3":{"start":{"line":6,"column":27},"end":{"line":6,"column":26}},"4":{"start":{"line":7,"column":2},"end":{"line":7,"column":5}}},"fnMap":{"0":{"name":"_default","decl":{"start":{"line":6,"column":15},"end":{"line":6,"column":18}},"loc":{"start":{"line":6,"column":27},"end":{"line":8,"column":null}}}},"branchMap":{},"s":{"0":0,"1":0,"2":0,"3":0,"4":0},"f":{"0":0},"b":{}}
,"/home/sepidar/Projects/vania/src/components/style-radio.vue": {"path":"/home/sepidar/Projects/vania/src/components/style-radio.vue","statementMap":{"0":{"start":{"line":48,"column":0},"end":{"line":48,"column":null}},"1":{"start":{"line":53,"column":0},"end":{"line":53,"column":null}},"2":{"start":{"line":58,"column":0},"end":{"line":58,"column":null}}},"fnMap":{"0":{"name":"change","decl":{"start":{"line":47,"column":0},"end":{"line":47,"column":null}},"loc":{"start":{"line":47,"column":0},"end":{"line":51,"column":null}}},"1":{"name":"shouldBeChecked","decl":{"start":{"line":52,"column":0},"end":{"line":52,"column":null}},"loc":{"start":{"line":52,"column":0},"end":{"line":54,"column":null}}},"2":{"name":"updateInput","decl":{"start":{"line":57,"column":0},"end":{"line":57,"column":null}},"loc":{"start":{"line":57,"column":0},"end":{"line":59,"column":null}}}},"branchMap":{"0":{"loc":{"start":{"line":48,"column":0},"end":{"line":48,"column":null}},"type":"cond-expr","locations":[{"start":{"line":48,"column":0},"end":{"line":48,"column":null}},{"start":{"line":48,"column":0},"end":{"line":48,"column":null}}]}},"s":{"0":0,"1":0,"2":0},"f":{"0":0,"1":0,"2":0},"b":{"0":[0,0]}}
,"/home/sepidar/Projects/vania/src/db/db-unchanged.js": {"path":"/home/sepidar/Projects/vania/src/db/db-unchanged.js","statementMap":{"0":{"start":{"line":6,"column":2},"end":{"line":6,"column":80}},"1":{"start":{"line":6,"column":55},"end":{"line":6,"column":79}}},"fnMap":{"0":{"name":"(anonymous_0)","decl":{"start":{"line":5,"column":15},"end":{"line":5,"column":16}},"loc":{"start":{"line":5,"column":36},"end":{"line":7,"column":1}},"line":5},"1":{"name":"(anonymous_1)","decl":{"start":{"line":6,"column":40},"end":{"line":6,"column":41}},"loc":{"start":{"line":6,"column":55},"end":{"line":6,"column":79}},"line":6}},"branchMap":{},"s":{"0":0,"1":0},"f":{"0":0,"1":0},"b":{},"hash":"bec1e65005d62ad012002c228bc28f3ec505687d"}
,"/home/sepidar/Projects/vania/src/db/index.ts": {"path":"/home/sepidar/Projects/vania/src/db/index.ts","statementMap":{"0":{"start":{"line":1,"column":0},"end":{"line":1,"column":null}},"1":{"start":{"line":2,"column":0},"end":{"line":2,"column":null}},"2":{"start":{"line":3,"column":0},"end":{"line":3,"column":null}},"3":{"start":{"line":4,"column":0},"end":{"line":4,"column":null}},"4":{"start":{"line":5,"column":0},"end":{"line":5,"column":null}},"5":{"start":{"line":6,"column":0},"end":{"line":6,"column":null}},"6":{"start":{"line":8,"column":0},"end":{"line":8,"column":8}},"7":{"start":{"line":9,"column":0},"end":{"line":9,"column":8}},"8":{"start":{"line":11,"column":45},"end":{"line":11,"column":49}},"9":{"start":{"line":15,"column":16},"end":{"line":15,"column":22}},"10":{"start":{"line":17,"column":12},"end":{"line":17,"column":18}},"11":{"start":{"line":24,"column":33},"end":{"line":24,"column":40}},"12":{"start":{"line":24,"column":50},"end":{"line":24,"column":57}},"13":{"start":{"line":26,"column":4},"end":{"line":26,"column":11}},"14":{"start":{"line":32,"column":16},"end":{"line":32,"column":22}},"15":{"start":{"line":38,"column":33},"end":{"line":38,"column":40}},"16":{"start":{"line":38,"column":50},"end":{"line":38,"column":57}},"17":{"start":{"line":40,"column":4},"end":{"line":40,"column":11}},"18":{"start":{"line":46,"column":17},"end":{"line":46,"column":23}},"19":{"start":{"line":52,"column":34},"end":{"line":52,"column":41}},"20":{"start":{"line":52,"column":55},"end":{"line":52,"column":62}},"21":{"start":{"line":54,"column":4},"end":{"line":54,"column":11}},"22":{"start":{"line":61,"column":16},"end":{"line":61,"column":22}},"23":{"start":{"line":66,"column":15},"end":{"line":66,"column":19}},"24":{"start":{"line":67,"column":34},"end":{"line":67,"column":41}},"25":{"start":{"line":67,"column":51},"end":{"line":67,"column":58}},"26":{"start":{"line":70,"column":4},"end":{"line":70,"column":11}},"27":{"start":{"line":76,"column":2},"end":{"line":76,"column":10}},"28":{"start":{"line":78,"column":4},"end":{"line":78,"column":7}},"29":{"start":{"line":79,"column":4},"end":{"line":79,"column":7}},"30":{"start":{"line":80,"column":4},"end":{"line":80,"column":11}},"31":{"start":{"line":130,"column":28},"end":{"line":130,"column":52}},"32":{"start":{"line":131,"column":4},"end":{"line":131,"column":19}},"33":{"start":{"line":131,"column":55},"end":{"line":131,"column":58}},"34":{"start":{"line":118,"column":28},"end":{"line":118,"column":52}},"35":{"start":{"line":119,"column":4},"end":{"line":119,"column":null}},"36":{"start":{"line":119,"column":33},"end":{"line":119,"column":null}},"37":{"start":{"line":120,"column":20},"end":{"line":120,"column":36}},"38":{"start":{"line":121,"column":4},"end":{"line":123,"column":null}},"39":{"start":{"line":122,"column":6},"end":{"line":122,"column":13}},"40":{"start":{"line":89,"column":16},"end":{"line":89,"column":22}},"41":{"start":{"line":92,"column":2},"end":{"line":92,"column":9}},"42":{"start":{"line":95,"column":4},"end":{"line":97,"column":null}},"43":{"start":{"line":96,"column":6},"end":{"line":96,"column":14}},"44":{"start":{"line":98,"column":4},"end":{"line":110,"column":null}},"45":{"start":{"line":99,"column":6},"end":{"line":99,"column":14}},"46":{"start":{"line":100,"column":6},"end":{"line":100,"column":14}},"47":{"start":{"line":101,"column":6},"end":{"line":101,"column":14}},"48":{"start":{"line":102,"column":6},"end":{"line":102,"column":27}},"49":{"start":{"line":103,"column":11},"end":{"line":110,"column":null}},"50":{"start":{"line":104,"column":6},"end":{"line":104,"column":14}},"51":{"start":{"line":105,"column":6},"end":{"line":105,"column":14}},"52":{"start":{"line":106,"column":6},"end":{"line":106,"column":14}},"53":{"start":{"line":107,"column":6},"end":{"line":107,"column":30}},"54":{"start":{"line":109,"column":6},"end":{"line":109,"column":14}},"55":{"start":{"line":111,"column":4},"end":{"line":111,"column":11}},"56":{"start":{"line":136,"column":2},"end":{"line":136,"column":9}},"57":{"start":{"line":140,"column":2},"end":{"line":140,"column":9}},"58":{"start":{"line":145,"column":17},"end":{"line":145,"column":23}},"59":{"start":{"line":146,"column":18},"end":{"line":146,"column":24}},"60":{"start":{"line":149,"column":11},"end":{"line":149,"column":17}},"61":{"start":{"line":150,"column":6},"end":{"line":152,"column":null}},"62":{"start":{"line":151,"column":8},"end":{"line":151,"column":11}},"63":{"start":{"line":153,"column":6},"end":{"line":153,"column":13}},"64":{"start":{"line":162,"column":4},"end":{"line":162,"column":11}},"65":{"start":{"line":168,"column":2},"end":{"line":168,"column":9}},"66":{"start":{"line":169,"column":4},"end":{"line":169,"column":12}},"67":{"start":{"line":170,"column":4},"end":{"line":170,"column":12}},"68":{"start":{"line":171,"column":4},"end":{"line":171,"column":11}},"69":{"start":{"line":176,"column":2},"end":{"line":176,"column":9}},"70":{"start":{"line":177,"column":2},"end":{"line":177,"column":9}},"71":{"start":{"line":180,"column":35},"end":{"line":195,"column":null}},"72":{"start":{"line":181,"column":19},"end":{"line":181,"column":null}},"73":{"start":{"line":183,"column":2},"end":{"line":187,"column":null}},"74":{"start":{"line":184,"column":4},"end":{"line":184,"column":10}},"75":{"start":{"line":186,"column":4},"end":{"line":186,"column":10}},"76":{"start":{"line":188,"column":2},"end":{"line":188,"column":9}},"77":{"start":{"line":189,"column":2},"end":{"line":189,"column":9}},"78":{"start":{"line":194,"column":10},"end":{"line":194,"column":11}},"79":{"start":{"line":199,"column":15},"end":{"line":199,"column":21}},"80":{"start":{"line":201,"column":4},"end":{"line":201,"column":11}},"81":{"start":{"line":223,"column":32},"end":{"line":223,"column":38}},"82":{"start":{"line":242,"column":15},"end":{"line":242,"column":21}},"83":{"start":{"line":246,"column":6},"end":{"line":246,"column":13}},"84":{"start":{"line":247,"column":8},"end":{"line":247,"column":15}},"85":{"start":{"line":252,"column":4},"end":{"line":252,"column":13}},"86":{"start":{"line":252,"column":25},"end":{"line":252,"column":29}},"87":{"start":{"line":253,"column":11},"end":{"line":253,"column":17}},"88":{"start":{"line":264,"column":15},"end":{"line":264,"column":21}},"89":{"start":{"line":266,"column":6},"end":{"line":266,"column":8}},"90":{"start":{"line":267,"column":8},"end":{"line":267,"column":11}},"91":{"start":{"line":268,"column":8},"end":{"line":268,"column":15}}},"fnMap":{"0":{"name":"getBleedingDaysSortedByDate","decl":{"start":{"line":13,"column":22},"end":{"line":13,"column":49}},"loc":{"start":{"line":13,"column":49},"end":{"line":29,"column":null}}},"1":{"name":"(anonymous_9)","decl":{"start":{"line":17,"column":12},"end":{"line":17,"column":18}},"loc":{"start":{"line":17,"column":12},"end":{"line":17,"column":18}}},"2":{"name":"(anonymous_10)","decl":{"start":{"line":24,"column":24},"end":{"line":24,"column":27}},"loc":{"start":{"line":24,"column":30},"end":{"line":24,"column":null}}},"3":{"name":"getTemperatureDaysSortedByDate","decl":{"start":{"line":30,"column":22},"end":{"line":30,"column":52}},"loc":{"start":{"line":30,"column":52},"end":{"line":43,"column":null}}},"4":{"name":"(anonymous_14)","decl":{"start":{"line":38,"column":24},"end":{"line":38,"column":27}},"loc":{"start":{"line":38,"column":30},"end":{"line":38,"column":null}}},"5":{"name":"getCycleDaysSortedByDate","decl":{"start":{"line":44,"column":22},"end":{"line":44,"column":46}},"loc":{"start":{"line":44,"column":46},"end":{"line":57,"column":null}}},"6":{"name":"(anonymous_18)","decl":{"start":{"line":52,"column":25},"end":{"line":52,"column":28}},"loc":{"start":{"line":52,"column":31},"end":{"line":52,"column":null}}},"7":{"name":"getCycleStartsSortedByDate","decl":{"start":{"line":59,"column":22},"end":{"line":59,"column":48}},"loc":{"start":{"line":59,"column":48},"end":{"line":73,"column":null}}},"8":{"name":"(anonymous_22)","decl":{"start":{"line":66,"column":12},"end":{"line":66,"column":15}},"loc":{"start":{"line":66,"column":15},"end":{"line":66,"column":19}}},"9":{"name":"(anonymous_23)","decl":{"start":{"line":67,"column":25},"end":{"line":67,"column":28}},"loc":{"start":{"line":67,"column":31},"end":{"line":67,"column":null}}},"10":{"name":"saveCycleDay","decl":{"start":{"line":75,"column":22},"end":{"line":75,"column":35}},"loc":{"start":{"line":75,"column":82},"end":{"line":82,"column":null}}},"11":{"name":"(anonymous_27)","decl":{"start":{"line":77,"column":39},"end":{"line":77,"column":49}},"loc":{"start":{"line":77,"column":57},"end":{"line":81,"column":null}}},"12":{"name":"saveBulkCycleDay","decl":{"start":{"line":84,"column":22},"end":{"line":84,"column":39}},"loc":{"start":{"line":84,"column":75},"end":{"line":86,"column":null}}},"13":{"name":"saveSymptom","decl":{"start":{"line":88,"column":22},"end":{"line":88,"column":34}},"loc":{"start":{"line":88,"column":73},"end":{"line":133,"column":null}}},"14":{"name":"_ref2","decl":{"start":{"line":126,"column":36},"end":{"line":126,"column":60}},"loc":{"start":{"line":126,"column":60},"end":{"line":132,"column":null}}},"15":{"name":"(anonymous_35)","decl":{"start":{"line":131,"column":28},"end":{"line":131,"column":29}},"loc":{"start":{"line":131,"column":52},"end":{"line":131,"column":null}}},"16":{"name":"_ref","decl":{"start":{"line":114,"column":33},"end":{"line":114,"column":71}},"loc":{"start":{"line":114,"column":71},"end":{"line":124,"column":null}}},"17":{"name":"(anonymous_37)","decl":{"start":{"line":94,"column":39},"end":{"line":94,"column":49}},"loc":{"start":{"line":94,"column":62},"end":{"line":112,"column":null}}},"18":{"name":"bleedingValueDeleted","decl":{"start":{"line":135,"column":9},"end":{"line":135,"column":30}},"loc":{"start":{"line":135,"column":55},"end":{"line":137,"column":null}}},"19":{"name":"bleedingValueAddedOrChanged","decl":{"start":{"line":139,"column":9},"end":{"line":139,"column":37}},"loc":{"start":{"line":139,"column":62},"end":{"line":141,"column":null}}},"20":{"name":"updateCycleStartsForAllCycleDays","decl":{"start":{"line":143,"column":22},"end":{"line":143,"column":54}},"loc":{"start":{"line":143,"column":54},"end":{"line":165,"column":null}}},"21":{"name":"(anonymous_43)","decl":{"start":{"line":149,"column":38},"end":{"line":149,"column":39}},"loc":{"start":{"line":149,"column":62},"end":{"line":159,"column":null}}},"22":{"name":"createCycleDay","decl":{"start":{"line":167,"column":16},"end":{"line":167,"column":31}},"loc":{"start":{"line":167,"column":49},"end":{"line":173,"column":null}}},"23":{"name":"(anonymous_45)","decl":{"start":{"line":168,"column":45},"end":{"line":168,"column":46}},"loc":{"start":{"line":168,"column":63},"end":{"line":172,"column":null}}},"24":{"name":"getCycleDay","decl":{"start":{"line":175,"column":16},"end":{"line":175,"column":28}},"loc":{"start":{"line":175,"column":46},"end":{"line":178,"column":null}}},"25":{"name":"getCycleDaysInRange","decl":{"start":{"line":180,"column":13},"end":{"line":180,"column":32}},"loc":{"start":{"line":180,"column":67},"end":{"line":195,"column":null}}},"26":{"name":"(anonymous_48)","decl":{"start":{"line":194,"column":10},"end":{"line":194,"column":11}},"loc":{"start":{"line":194,"column":10},"end":{"line":194,"column":11}}},"27":{"name":"getPreviousTemperature","decl":{"start":{"line":197,"column":22},"end":{"line":197,"column":45}},"loc":{"start":{"line":197,"column":57},"end":{"line":205,"column":null}}},"28":{"name":"(anonymous_52)","decl":{"start":{"line":200,"column":32},"end":{"line":200,"column":41}},"loc":{"start":{"line":200,"column":44},"end":{"line":202,"column":null}}},"29":{"name":"getAmountOfCycleDays","decl":{"start":{"line":222,"column":22},"end":{"line":222,"column":42}},"loc":{"start":{"line":222,"column":42},"end":{"line":230,"column":null}}},"30":{"name":"tryToImportWithDelete","decl":{"start":{"line":239,"column":22},"end":{"line":239,"column":44}},"loc":{"start":{"line":239,"column":71},"end":{"line":259,"column":null}}},"31":{"name":"(anonymous_59)","decl":{"start":{"line":245,"column":13},"end":{"line":245,"column":16}},"loc":{"start":{"line":245,"column":19},"end":{"line":250,"column":null}}},"32":{"name":"(anonymous_60)","decl":{"start":{"line":246,"column":38},"end":{"line":246,"column":39}},"loc":{"start":{"line":246,"column":46},"end":{"line":248,"column":null}}},"33":{"name":"(anonymous_61)","decl":{"start":{"line":252,"column":22},"end":{"line":252,"column":25}},"loc":{"start":{"line":252,"column":25},"end":{"line":252,"column":29}}},"34":{"name":"tryToImportWithoutDelete","decl":{"start":{"line":261,"column":22},"end":{"line":261,"column":47}},"loc":{"start":{"line":261,"column":74},"end":{"line":278,"column":null}}},"35":{"name":"(anonymous_65)","decl":{"start":{"line":264,"column":47},"end":{"line":264,"column":48}},"loc":{"start":{"line":264,"column":58},"end":{"line":270,"column":null}}},"36":{"name":"(anonymous_66)","decl":{"start":{"line":266,"column":33},"end":{"line":266,"column":42}},"loc":{"start":{"line":266,"column":50},"end":{"line":269,"column":null}}}},"branchMap":{"0":{"loc":{"start":{"line":119,"column":4},"end":{"line":119,"column":null}},"type":"if","locations":[{"start":{"line":119,"column":4},"end":{"line":119,"column":null}},{"start":{"line":119,"column":4},"end":{"line":119,"column":null}}]},"1":{"loc":{"start":{"line":121,"column":4},"end":{"line":123,"column":null}},"type":"if","locations":[{"start":{"line":121,"column":4},"end":{"line":123,"column":null}},{"start":{"line":121,"column":4},"end":{"line":123,"column":null}}]},"2":{"loc":{"start":{"line":95,"column":4},"end":{"line":97,"column":null}},"type":"if","locations":[{"start":{"line":95,"column":4},"end":{"line":97,"column":null}},{"start":{"line":95,"column":4},"end":{"line":97,"column":null}}]},"3":{"loc":{"start":{"line":98,"column":4},"end":{"line":110,"column":null}},"type":"if","locations":[{"start":{"line":98,"column":4},"end":{"line":110,"column":null}},{"start":{"line":98,"column":4},"end":{"line":110,"column":null}}]},"4":{"loc":{"start":{"line":103,"column":11},"end":{"line":110,"column":null}},"type":"if","locations":[{"start":{"line":103,"column":11},"end":{"line":110,"column":null}},{"start":{"line":103,"column":11},"end":{"line":110,"column":null}}]},"5":{"loc":{"start":{"line":136,"column":9},"end":{"line":136,"column":35}},"type":"binary-expr","locations":[{"start":{"line":136,"column":9},"end":{"line":136,"column":35}},{"start":{"line":136,"column":35},"end":{"line":136,"column":null}}]},"6":{"loc":{"start":{"line":140,"column":9},"end":{"line":140,"column":35}},"type":"binary-expr","locations":[{"start":{"line":140,"column":9},"end":{"line":140,"column":35}},{"start":{"line":140,"column":35},"end":{"line":140,"column":null}}]},"7":{"loc":{"start":{"line":150,"column":6},"end":{"line":152,"column":null}},"type":"if","locations":[{"start":{"line":150,"column":6},"end":{"line":152,"column":null}},{"start":{"line":150,"column":6},"end":{"line":152,"column":null}}]},"8":{"loc":{"start":{"line":183,"column":2},"end":{"line":187,"column":null}},"type":"if","locations":[{"start":{"line":183,"column":2},"end":{"line":187,"column":null}},{"start":{"line":183,"column":2},"end":{"line":187,"column":null}}]}},"s":{"0":1,"1":1,"2":1,"3":1,"4":1,"5":1,"6":1,"7":1,"8":1,"9":0,"10":0,"11":0,"12":0,"13":0,"14":0,"15":0,"16":0,"17":0,"18":0,"19":0,"20":0,"21":0,"22":0,"23":0,"24":0,"25":0,"26":0,"27":0,"28":0,"29":0,"30":0,"31":0,"32":0,"33":0,"34":0,"35":0,"36":0,"37":0,"38":0,"39":0,"40":0,"41":0,"42":0,"43":0,"44":0,"45":0,"46":0,"47":0,"48":0,"49":0,"50":0,"51":0,"52":0,"53":0,"54":0,"55":0,"56":0,"57":0,"58":0,"59":0,"60":0,"61":0,"62":0,"63":0,"64":0,"65":0,"66":0,"67":0,"68":0,"69":0,"70":0,"71":1,"72":0,"73":0,"74":0,"75":0,"76":0,"77":0,"78":0,"79":0,"80":0,"81":0,"82":0,"83":0,"84":0,"85":0,"86":0,"87":0,"88":0,"89":0,"90":0,"91":0},"f":{"0":0,"1":0,"2":0,"3":0,"4":0,"5":0,"6":0,"7":0,"8":0,"9":0,"10":0,"11":0,"12":0,"13":0,"14":0,"15":0,"16":0,"17":0,"18":0,"19":0,"20":0,"21":0,"22":0,"23":0,"24":0,"25":0,"26":0,"27":0,"28":0,"29":0,"30":0,"31":0,"32":0,"33":0,"34":0,"35":0,"36":0},"b":{"0":[0,0],"1":[0,0],"2":[0,0],"3":[0,0],"4":[0,0],"5":[0,0],"6":[0,0],"7":[0,0],"8":[0,0]}}
,"/home/sepidar/Projects/vania/src/events/lunar.ts": {"path":"/home/sepidar/Projects/vania/src/events/lunar.ts","statementMap":{"0":{"start":{"line":1,"column":15},"end":{"line":1,"column":null}}},"fnMap":{},"branchMap":{},"s":{"0":0},"f":{},"b":{}}
,"/home/sepidar/Projects/vania/src/events/moon-in-scorpio.ts": {"path":"/home/sepidar/Projects/vania/src/events/moon-in-scorpio.ts","statementMap":{"0":{"start":{"line":8,"column":16},"end":{"line":8,"column":null}}},"fnMap":{},"branchMap":{},"s":{"0":0},"f":{},"b":{}}
,"/home/sepidar/Projects/vania/src/events/persian.ts": {"path":"/home/sepidar/Projects/vania/src/events/persian.ts","statementMap":{"0":{"start":{"line":1,"column":15},"end":{"line":1,"column":null}}},"fnMap":{},"branchMap":{},"s":{"0":0},"f":{},"b":{}}
,"/home/sepidar/Projects/vania/src/events/solar.ts": {"path":"/home/sepidar/Projects/vania/src/events/solar.ts","statementMap":{"0":{"start":{"line":1,"column":15},"end":{"line":1,"column":null}}},"fnMap":{},"branchMap":{},"s":{"0":0},"f":{},"b":{}}
,"/home/sepidar/Projects/vania/src/i18n/en/cycle-day.ts": {"path":"/home/sepidar/Projects/vania/src/i18n/en/cycle-day.ts","statementMap":{"0":{"start":{"line":1,"column":24},"end":{"line":1,"column":25}},"1":{"start":{"line":2,"column":25},"end":{"line":2,"column":26}},"2":{"start":{"line":4,"column":24},"end":{"line":4,"column":null}},"3":{"start":{"line":16,"column":22},"end":{"line":16,"column":null}},"4":{"start":{"line":32,"column":21},"end":{"line":32,"column":null}},"5":{"start":{"line":45,"column":22},"end":{"line":45,"column":null}},"6":{"start":{"line":50,"column":19},"end":{"line":50,"column":null}},"7":{"start":{"line":59,"column":30},"end":{"line":59,"column":null}},"8":{"start":{"line":75,"column":20},"end":{"line":75,"column":null}},"9":{"start":{"line":89,"column":20},"end":{"line":89,"column":null}},"10":{"start":{"line":105,"column":27},"end":{"line":105,"column":null}},"11":{"start":{"line":124,"column":22},"end":{"line":124,"column":null}},"12":{"start":{"line":143,"column":29},"end":{"line":143,"column":null}},"13":{"start":{"line":145,"column":29},"end":{"line":145,"column":null}}},"fnMap":{},"branchMap":{},"s":{"0":0,"1":0,"2":0,"3":0,"4":0,"5":0,"6":0,"7":0,"8":0,"9":0,"10":0,"11":0,"12":0,"13":0},"f":{},"b":{}}
,"/home/sepidar/Projects/vania/src/i18n/en/labels.ts": {"path":"/home/sepidar/Projects/vania/src/i18n/en/labels.ts","statementMap":{"0":{"start":{"line":1,"column":0},"end":{"line":1,"column":null}},"1":{"start":{"line":2,"column":23},"end":{"line":2,"column":null}},"2":{"start":{"line":4,"column":22},"end":{"line":4,"column":null}},"3":{"start":{"line":23,"column":28},"end":{"line":23,"column":null}},"4":{"start":{"line":47,"column":26},"end":{"line":47,"column":null}},"5":{"start":{"line":55,"column":21},"end":{"line":55,"column":null}},"6":{"start":{"line":71,"column":34},"end":{"line":71,"column":null}},"7":{"start":{"line":73,"column":22},"end":{"line":73,"column":23}},"8":{"start":{"line":74,"column":30},"end":{"line":74,"column":31}},"9":{"start":{"line":77,"column":20},"end":{"line":77,"column":21}},"10":{"start":{"line":80,"column":30},"end":{"line":80,"column":null}},"11":{"start":{"line":92,"column":20},"end":{"line":92,"column":null}},"12":{"start":{"line":97,"column":18},"end":{"line":97,"column":50}},"13":{"start":{"line":101,"column":10},"end":{"line":101,"column":17}},"14":{"start":{"line":104,"column":26},"end":{"line":108,"column":null}},"15":{"start":{"line":105,"column":2},"end":{"line":105,"column":35}},"16":{"start":{"line":105,"column":28},"end":{"line":105,"column":35}},"17":{"start":{"line":106,"column":2},"end":{"line":106,"column":35}},"18":{"start":{"line":106,"column":28},"end":{"line":106,"column":35}},"19":{"start":{"line":107,"column":2},"end":{"line":107,"column":12}},"20":{"start":{"line":110,"column":31},"end":{"line":110,"column":null}},"21":{"start":{"line":119,"column":4},"end":{"line":119,"column":null}}},"fnMap":{"0":{"name":"predictionInFuture","decl":{"start":{"line":73,"column":22},"end":{"line":73,"column":23}},"loc":{"start":{"line":73,"column":22},"end":{"line":73,"column":23}}},"1":{"name":"predictionStartedXDaysLeft","decl":{"start":{"line":74,"column":30},"end":{"line":74,"column":31}},"loc":{"start":{"line":74,"column":30},"end":{"line":74,"column":31}}},"2":{"name":"predictionInPast","decl":{"start":{"line":77,"column":20},"end":{"line":77,"column":21}},"loc":{"start":{"line":77,"column":20},"end":{"line":77,"column":21}}},"3":{"name":"cycleDayKnown","decl":{"start":{"line":97,"column":17},"end":{"line":97,"column":18}},"loc":{"start":{"line":97,"column":18},"end":{"line":97,"column":50}}},"4":{"name":"phase","decl":{"start":{"line":101,"column":9},"end":{"line":101,"column":10}},"loc":{"start":{"line":101,"column":10},"end":{"line":101,"column":17}}},"5":{"name":"getDaysDescriptor","decl":{"start":{"line":104,"column":6},"end":{"line":104,"column":23}},"loc":{"start":{"line":104,"column":43},"end":{"line":108,"column":null}}},"6":{"name":"postOvuText","decl":{"start":{"line":118,"column":15},"end":{"line":118,"column":23}},"loc":{"start":{"line":118,"column":26},"end":{"line":124,"column":null}}}},"branchMap":{"0":{"loc":{"start":{"line":105,"column":2},"end":{"line":105,"column":35}},"type":"if","locations":[{"start":{"line":105,"column":2},"end":{"line":105,"column":35}},{"start":{"line":105,"column":2},"end":{"line":105,"column":35}}]},"1":{"loc":{"start":{"line":106,"column":2},"end":{"line":106,"column":35}},"type":"if","locations":[{"start":{"line":106,"column":2},"end":{"line":106,"column":35}},{"start":{"line":106,"column":2},"end":{"line":106,"column":35}}]}},"s":{"0":0,"1":0,"2":0,"3":0,"4":0,"5":0,"6":0,"7":0,"8":0,"9":0,"10":0,"11":0,"12":0,"13":0,"14":0,"15":0,"16":0,"17":0,"18":0,"19":0,"20":0,"21":0},"f":{"0":0,"1":0,"2":0,"3":0,"4":0,"5":0,"6":0},"b":{"0":[0,0],"1":[0,0]}}
,"/home/sepidar/Projects/vania/src/i18n/fa/cycle-day.ts": {"path":"/home/sepidar/Projects/vania/src/i18n/fa/cycle-day.ts","statementMap":{"0":{"start":{"line":1,"column":24},"end":{"line":1,"column":25}},"1":{"start":{"line":2,"column":25},"end":{"line":2,"column":26}},"2":{"start":{"line":4,"column":24},"end":{"line":4,"column":null}},"3":{"start":{"line":16,"column":22},"end":{"line":16,"column":null}},"4":{"start":{"line":32,"column":21},"end":{"line":32,"column":null}},"5":{"start":{"line":45,"column":22},"end":{"line":45,"column":null}},"6":{"start":{"line":50,"column":19},"end":{"line":50,"column":null}},"7":{"start":{"line":56,"column":30},"end":{"line":56,"column":null}},"8":{"start":{"line":72,"column":20},"end":{"line":72,"column":null}},"9":{"start":{"line":95,"column":20},"end":{"line":95,"column":null}},"10":{"start":{"line":113,"column":27},"end":{"line":113,"column":null}},"11":{"start":{"line":132,"column":29},"end":{"line":132,"column":null}},"12":{"start":{"line":134,"column":29},"end":{"line":134,"column":null}}},"fnMap":{},"branchMap":{},"s":{"0":0,"1":0,"2":0,"3":0,"4":0,"5":0,"6":0,"7":0,"8":0,"9":0,"10":0,"11":0,"12":0},"f":{},"b":{}}
,"/home/sepidar/Projects/vania/src/i18n/fa/labels.ts": {"path":"/home/sepidar/Projects/vania/src/i18n/fa/labels.ts","statementMap":{"0":{"start":{"line":1,"column":0},"end":{"line":1,"column":null}},"1":{"start":{"line":2,"column":23},"end":{"line":2,"column":null}},"2":{"start":{"line":4,"column":22},"end":{"line":4,"column":null}},"3":{"start":{"line":23,"column":28},"end":{"line":23,"column":null}},"4":{"start":{"line":47,"column":26},"end":{"line":47,"column":null}},"5":{"start":{"line":55,"column":33},"end":{"line":55,"column":null}},"6":{"start":{"line":61,"column":21},"end":{"line":61,"column":null}},"7":{"start":{"line":77,"column":34},"end":{"line":77,"column":null}},"8":{"start":{"line":79,"column":22},"end":{"line":79,"column":23}},"9":{"start":{"line":80,"column":30},"end":{"line":80,"column":31}},"10":{"start":{"line":83,"column":20},"end":{"line":83,"column":21}},"11":{"start":{"line":86,"column":30},"end":{"line":86,"column":null}},"12":{"start":{"line":98,"column":20},"end":{"line":98,"column":null}},"13":{"start":{"line":103,"column":18},"end":{"line":103,"column":50}},"14":{"start":{"line":107,"column":10},"end":{"line":107,"column":17}},"15":{"start":{"line":110,"column":26},"end":{"line":114,"column":null}},"16":{"start":{"line":111,"column":2},"end":{"line":111,"column":35}},"17":{"start":{"line":111,"column":28},"end":{"line":111,"column":35}},"18":{"start":{"line":112,"column":2},"end":{"line":112,"column":35}},"19":{"start":{"line":112,"column":28},"end":{"line":112,"column":35}},"20":{"start":{"line":113,"column":2},"end":{"line":113,"column":12}},"21":{"start":{"line":116,"column":31},"end":{"line":116,"column":null}},"22":{"start":{"line":125,"column":4},"end":{"line":125,"column":null}},"23":{"start":{"line":133,"column":25},"end":{"line":133,"column":null}}},"fnMap":{"0":{"name":"predictionInFuture","decl":{"start":{"line":79,"column":22},"end":{"line":79,"column":23}},"loc":{"start":{"line":79,"column":22},"end":{"line":79,"column":23}}},"1":{"name":"predictionStartedXDaysLeft","decl":{"start":{"line":80,"column":30},"end":{"line":80,"column":31}},"loc":{"start":{"line":80,"column":30},"end":{"line":80,"column":31}}},"2":{"name":"predictionInPast","decl":{"start":{"line":83,"column":20},"end":{"line":83,"column":21}},"loc":{"start":{"line":83,"column":20},"end":{"line":83,"column":21}}},"3":{"name":"cycleDayKnown","decl":{"start":{"line":103,"column":17},"end":{"line":103,"column":18}},"loc":{"start":{"line":103,"column":18},"end":{"line":103,"column":50}}},"4":{"name":"phase","decl":{"start":{"line":107,"column":9},"end":{"line":107,"column":10}},"loc":{"start":{"line":107,"column":10},"end":{"line":107,"column":17}}},"5":{"name":"getDaysDescriptor","decl":{"start":{"line":110,"column":6},"end":{"line":110,"column":23}},"loc":{"start":{"line":110,"column":43},"end":{"line":114,"column":null}}},"6":{"name":"postOvuText","decl":{"start":{"line":124,"column":15},"end":{"line":124,"column":23}},"loc":{"start":{"line":124,"column":26},"end":{"line":130,"column":null}}}},"branchMap":{"0":{"loc":{"start":{"line":111,"column":2},"end":{"line":111,"column":35}},"type":"if","locations":[{"start":{"line":111,"column":2},"end":{"line":111,"column":35}},{"start":{"line":111,"column":2},"end":{"line":111,"column":35}}]},"1":{"loc":{"start":{"line":112,"column":2},"end":{"line":112,"column":35}},"type":"if","locations":[{"start":{"line":112,"column":2},"end":{"line":112,"column":35}},{"start":{"line":112,"column":2},"end":{"line":112,"column":35}}]}},"s":{"0":0,"1":0,"2":0,"3":0,"4":0,"5":0,"6":0,"7":0,"8":0,"9":0,"10":0,"11":0,"12":0,"13":0,"14":0,"15":0,"16":0,"17":0,"18":0,"19":0,"20":0,"21":0,"22":0,"23":0},"f":{"0":0,"1":0,"2":0,"3":0,"4":0,"5":0,"6":0},"b":{"0":[0,0],"1":[0,0]}}
,"/home/sepidar/Projects/vania/src/i18n/fa/settings.ts": {"path":"/home/sepidar/Projects/vania/src/i18n/fa/settings.ts","statementMap":{"0":{"start":{"line":2,"column":21},"end":{"line":2,"column":null}},"1":{"start":{"line":20,"column":15},"end":{"line":20,"column":null}},"2":{"start":{"line":85,"column":17},"end":{"line":85,"column":47}},"3":{"start":{"line":92,"column":39},"end":{"line":92,"column":90}}},"fnMap":{"0":{"name":"timeSet","decl":{"start":{"line":85,"column":13},"end":{"line":85,"column":17}},"loc":{"start":{"line":85,"column":17},"end":{"line":85,"column":47}}},"1":{"name":"notification","decl":{"start":{"line":92,"column":18},"end":{"line":92,"column":39}},"loc":{"start":{"line":92,"column":39},"end":{"line":92,"column":90}}}},"branchMap":{},"s":{"0":0,"1":0,"2":0,"3":0},"f":{"0":0,"1":0},"b":{}}
,"/home/sepidar/Projects/vania/src/i18n/fa/symptom-info.ts": {"path":"/home/sepidar/Projects/vania/src/i18n/fa/symptom-info.ts","statementMap":{"0":{"start":{"line":1,"column":0},"end":{"line":1,"column":null}},"1":{"start":{"line":3,"column":27},"end":{"line":3,"column":null}},"2":{"start":{"line":14,"column":15},"end":{"line":14,"column":null}}},"fnMap":{},"branchMap":{},"s":{"0":0,"1":0,"2":0},"f":{},"b":{}}
,"/home/sepidar/Projects/vania/src/lib/calendar.ts": {"path":"/home/sepidar/Projects/vania/src/lib/calendar.ts","statementMap":{"0":{"start":{"line":1,"column":0},"end":{"line":1,"column":null}},"1":{"start":{"line":2,"column":0},"end":{"line":2,"column":null}},"2":{"start":{"line":3,"column":0},"end":{"line":3,"column":null}},"3":{"start":{"line":5,"column":0},"end":{"line":5,"column":8}},"4":{"start":{"line":6,"column":0},"end":{"line":6,"column":8}},"5":{"start":{"line":8,"column":15},"end":{"line":8,"column":16}},"6":{"start":{"line":11,"column":34},"end":{"line":26,"column":null}},"7":{"start":{"line":12,"column":18},"end":{"line":12,"column":24}},"8":{"start":{"line":13,"column":16},"end":{"line":13,"column":21}},"9":{"start":{"line":16,"column":20},"end":{"line":16,"column":25}},"10":{"start":{"line":17,"column":29},"end":{"line":17,"column":52}},"11":{"start":{"line":19,"column":4},"end":{"line":19,"column":11}},"12":{"start":{"line":30,"column":27},"end":{"line":30,"column":28}},"13":{"start":{"line":32,"column":8},"end":{"line":32,"column":9}}},"fnMap":{"0":{"name":"moment","decl":{"start":{"line":8,"column":6},"end":{"line":8,"column":12}},"loc":{"start":{"line":8,"column":15},"end":{"line":8,"column":16}}},"1":{"name":"computeDaysInMonth","decl":{"start":{"line":11,"column":13},"end":{"line":11,"column":31}},"loc":{"start":{"line":11,"column":65},"end":{"line":26,"column":null}}},"2":{"name":"daysInMonth","decl":{"start":{"line":30,"column":13},"end":{"line":30,"column":24}},"loc":{"start":{"line":30,"column":27},"end":{"line":30,"column":28}}},"3":{"name":"(anonymous_3)","decl":{"start":{"line":32,"column":8},"end":{"line":32,"column":9}},"loc":{"start":{"line":32,"column":8},"end":{"line":32,"column":9}}}},"branchMap":{},"s":{"0":0,"1":0,"2":0,"3":0,"4":0,"5":0,"6":0,"7":0,"8":0,"9":0,"10":0,"11":0,"12":0,"13":0},"f":{"0":0,"1":0,"2":0,"3":0},"b":{}}
,"/home/sepidar/Projects/vania/src/lib/cycle-length.ts": {"path":"/home/sepidar/Projects/vania/src/lib/cycle-length.ts","statementMap":{"0":{"start":{"line":1,"column":0},"end":{"line":1,"column":null}},"1":{"start":{"line":15,"column":2},"end":{"line":15,"column":35}},"2":{"start":{"line":16,"column":27},"end":{"line":16,"column":null}},"3":{"start":{"line":17,"column":29},"end":{"line":17,"column":41}},"4":{"start":{"line":18,"column":4},"end":{"line":18,"column":11}},"5":{"start":{"line":20,"column":2},"end":{"line":20,"column":18}},"6":{"start":{"line":21,"column":2},"end":{"line":21,"column":18}},"7":{"start":{"line":22,"column":2},"end":{"line":22,"column":18}},"8":{"start":{"line":26,"column":2},"end":{"line":34,"column":null}},"9":{"start":{"line":27,"column":4},"end":{"line":27,"column":20}},"10":{"start":{"line":31,"column":19},"end":{"line":31,"column":null}},"11":{"start":{"line":32,"column":4},"end":{"line":32,"column":20}},"12":{"start":{"line":36,"column":2},"end":{"line":45,"column":null}},"13":{"start":{"line":37,"column":25},"end":{"line":37,"column":37}},"14":{"start":{"line":38,"column":6},"end":{"line":38,"column":13}},"15":{"start":{"line":40,"column":4},"end":{"line":40,"column":20}},"16":{"start":{"line":44,"column":4},"end":{"line":44,"column":20}},"17":{"start":{"line":46,"column":2},"end":{"line":46,"column":9}},"18":{"start":{"line":50,"column":2},"end":{"line":50,"column":9}},"19":{"start":{"line":54,"column":2},"end":{"line":54,"column":9}},"20":{"start":{"line":55,"column":2},"end":{"line":55,"column":9}},"21":{"start":{"line":56,"column":2},"end":{"line":56,"column":14}},"22":{"start":{"line":57,"column":4},"end":{"line":57,"column":11}},"23":{"start":{"line":58,"column":4},"end":{"line":58,"column":11}}},"fnMap":{"0":{"name":"getCycleLengthStats","decl":{"start":{"line":14,"column":16},"end":{"line":14,"column":36}},"loc":{"start":{"line":14,"column":58},"end":{"line":47,"column":null}}},"1":{"name":"(anonymous_1)","decl":{"start":{"line":17,"column":47},"end":{"line":17,"column":48}},"loc":{"start":{"line":17,"column":56},"end":{"line":19,"column":null}}},"2":{"name":"(anonymous_2)","decl":{"start":{"line":37,"column":42},"end":{"line":37,"column":53}},"loc":{"start":{"line":37,"column":56},"end":{"line":39,"column":7}}},"3":{"name":"getSum","decl":{"start":{"line":49,"column":9},"end":{"line":49,"column":16}},"loc":{"start":{"line":49,"column":42},"end":{"line":51,"column":null}}},"4":{"name":"throwIfArgsAreNotInRequiredFormat","decl":{"start":{"line":53,"column":9},"end":{"line":53,"column":43}},"loc":{"start":{"line":53,"column":65},"end":{"line":60,"column":null}}},"5":{"name":"(anonymous_5)","decl":{"start":{"line":56,"column":23},"end":{"line":56,"column":34}},"loc":{"start":{"line":56,"column":37},"end":{"line":59,"column":null}}}},"branchMap":{"0":{"loc":{"start":{"line":26,"column":2},"end":{"line":34,"column":null}},"type":"if","locations":[{"start":{"line":26,"column":2},"end":{"line":34,"column":null}},{"start":{"line":26,"column":2},"end":{"line":34,"column":null}}]},"1":{"loc":{"start":{"line":36,"column":2},"end":{"line":45,"column":null}},"type":"if","locations":[{"start":{"line":36,"column":2},"end":{"line":45,"column":null}},{"start":{"line":36,"column":2},"end":{"line":45,"column":null}}]}},"s":{"0":2,"1":15,"2":11,"3":11,"4":88,"5":11,"6":11,"7":11,"8":11,"9":7,"10":4,"11":4,"12":11,"13":9,"14":59,"15":9,"16":2,"17":11,"18":100,"19":15,"20":14,"21":13,"22":69,"23":68},"f":{"0":15,"1":88,"2":59,"3":100,"4":15,"5":69},"b":{"0":[7,4],"1":[9,2]}}
,"/home/sepidar/Projects/vania/src/lib/cycle.ts": {"path":"/home/sepidar/Projects/vania/src/lib/cycle.ts","statementMap":{"0":{"start":{"line":1,"column":0},"end":{"line":1,"column":null}},"1":{"start":{"line":3,"column":0},"end":{"line":3,"column":null}},"2":{"start":{"line":4,"column":0},"end":{"line":4,"column":null}},"3":{"start":{"line":6,"column":18},"end":{"line":6,"column":null}},"4":{"start":{"line":7,"column":13},"end":{"line":7,"column":null}},"5":{"start":{"line":191,"column":23},"end":{"line":191,"column":null}},"6":{"start":{"line":193,"column":4},"end":{"line":195,"column":null}},"7":{"start":{"line":194,"column":6},"end":{"line":194,"column":13}},"8":{"start":{"line":197,"column":22},"end":{"line":197,"column":42}},"9":{"start":{"line":198,"column":27},"end":{"line":198,"column":31}},"10":{"start":{"line":201,"column":4},"end":{"line":207,"column":null}},"11":{"start":{"line":202,"column":6},"end":{"line":202,"column":26}},"12":{"start":{"line":203,"column":11},"end":{"line":207,"column":null}},"13":{"start":{"line":204,"column":6},"end":{"line":204,"column":26}},"14":{"start":{"line":206,"column":6},"end":{"line":206,"column":26}},"15":{"start":{"line":208,"column":4},"end":{"line":210,"column":null}},"16":{"start":{"line":209,"column":6},"end":{"line":209,"column":13}},"17":{"start":{"line":212,"column":28},"end":{"line":212,"column":null}},"18":{"start":{"line":213,"column":20},"end":{"line":213,"column":29}},"19":{"start":{"line":214,"column":26},"end":{"line":214,"column":30}},"20":{"start":{"line":215,"column":4},"end":{"line":227,"column":null}},"21":{"start":{"line":215,"column":17},"end":{"line":215,"column":20}},"22":{"start":{"line":216,"column":6},"end":{"line":216,"column":15}},"23":{"start":{"line":217,"column":6},"end":{"line":217,"column":21}},"24":{"start":{"line":218,"column":6},"end":{"line":226,"column":null}},"25":{"start":{"line":218,"column":19},"end":{"line":218,"column":22}},"26":{"start":{"line":219,"column":8},"end":{"line":225,"column":null}},"27":{"start":{"line":220,"column":10},"end":{"line":220,"column":25}},"28":{"start":{"line":221,"column":10},"end":{"line":221,"column":25}},"29":{"start":{"line":223,"column":10},"end":{"line":223,"column":25}},"30":{"start":{"line":224,"column":10},"end":{"line":224,"column":25}},"31":{"start":{"line":228,"column":4},"end":{"line":228,"column":11}},"32":{"start":{"line":179,"column":4},"end":{"line":179,"column":11}},"33":{"start":{"line":180,"column":14},"end":{"line":180,"column":18}},"34":{"start":{"line":182,"column":8},"end":{"line":182,"column":61}},"35":{"start":{"line":182,"column":54},"end":{"line":182,"column":61}},"36":{"start":{"line":183,"column":31},"end":{"line":183,"column":50}},"37":{"start":{"line":184,"column":8},"end":{"line":184,"column":15}},"38":{"start":{"line":186,"column":20},"end":{"line":186,"column":24}},"39":{"start":{"line":151,"column":25},"end":{"line":151,"column":49}},"40":{"start":{"line":152,"column":13},"end":{"line":152,"column":17}},"41":{"start":{"line":154,"column":43},"end":{"line":154,"column":55}},"42":{"start":{"line":155,"column":6},"end":{"line":155,"column":13}},"43":{"start":{"line":157,"column":4},"end":{"line":157,"column":11}},"44":{"start":{"line":163,"column":19},"end":{"line":163,"column":32}},"45":{"start":{"line":164,"column":6},"end":{"line":164,"column":24}},"46":{"start":{"line":164,"column":17},"end":{"line":164,"column":24}},"47":{"start":{"line":165,"column":6},"end":{"line":165,"column":48}},"48":{"start":{"line":165,"column":41},"end":{"line":165,"column":48}},"49":{"start":{"line":166,"column":6},"end":{"line":166,"column":16}},"50":{"start":{"line":167,"column":6},"end":{"line":167,"column":13}},"51":{"start":{"line":172,"column":24},"end":{"line":172,"column":33}},"52":{"start":{"line":173,"column":24},"end":{"line":173,"column":33}},"53":{"start":{"line":174,"column":6},"end":{"line":174,"column":13}},"54":{"start":{"line":129,"column":4},"end":{"line":129,"column":89}},"55":{"start":{"line":129,"column":82},"end":{"line":129,"column":89}},"56":{"start":{"line":130,"column":4},"end":{"line":130,"column":61}},"57":{"start":{"line":130,"column":54},"end":{"line":130,"column":61}},"58":{"start":{"line":131,"column":4},"end":{"line":131,"column":11}},"59":{"start":{"line":136,"column":24},"end":{"line":136,"column":33}},"60":{"start":{"line":137,"column":24},"end":{"line":137,"column":33}},"61":{"start":{"line":138,"column":27},"end":{"line":138,"column":null}},"62":{"start":{"line":139,"column":20},"end":{"line":139,"column":32}},"63":{"start":{"line":139,"column":46},"end":{"line":139,"column":50}},"64":{"start":{"line":140,"column":25},"end":{"line":140,"column":37}},"65":{"start":{"line":141,"column":6},"end":{"line":141,"column":13}},"66":{"start":{"line":142,"column":8},"end":{"line":142,"column":15}},"67":{"start":{"line":122,"column":23},"end":{"line":122,"column":null}},"68":{"start":{"line":123,"column":23},"end":{"line":123,"column":48}},"69":{"start":{"line":124,"column":4},"end":{"line":124,"column":28}},"70":{"start":{"line":124,"column":21},"end":{"line":124,"column":28}},"71":{"start":{"line":125,"column":4},"end":{"line":125,"column":11}},"72":{"start":{"line":100,"column":29},"end":{"line":100,"column":79}},"73":{"start":{"line":101,"column":28},"end":{"line":101,"column":49}},"74":{"start":{"line":101,"column":61},"end":{"line":101,"column":65}},"75":{"start":{"line":102,"column":14},"end":{"line":102,"column":37}},"76":{"start":{"line":102,"column":49},"end":{"line":102,"column":53}},"77":{"start":{"line":103,"column":27},"end":{"line":103,"column":36}},"78":{"start":{"line":104,"column":28},"end":{"line":104,"column":52}},"79":{"start":{"line":107,"column":4},"end":{"line":117,"column":null}},"80":{"start":{"line":108,"column":6},"end":{"line":108,"column":11}},"81":{"start":{"line":112,"column":28},"end":{"line":112,"column":37}},"82":{"start":{"line":113,"column":6},"end":{"line":113,"column":17}},"83":{"start":{"line":115,"column":6},"end":{"line":115,"column":11}},"84":{"start":{"line":116,"column":6},"end":{"line":116,"column":17}},"85":{"start":{"line":118,"column":4},"end":{"line":118,"column":11}},"86":{"start":{"line":88,"column":26},"end":{"line":88,"column":49}},"87":{"start":{"line":89,"column":6},"end":{"line":89,"column":14}},"88":{"start":{"line":91,"column":4},"end":{"line":91,"column":34}},"89":{"start":{"line":91,"column":27},"end":{"line":91,"column":34}},"90":{"start":{"line":92,"column":4},"end":{"line":92,"column":11}},"91":{"start":{"line":94,"column":16},"end":{"line":94,"column":20}},"92":{"start":{"line":96,"column":19},"end":{"line":96,"column":23}},"93":{"start":{"line":79,"column":23},"end":{"line":79,"column":48}},"94":{"start":{"line":80,"column":4},"end":{"line":80,"column":28}},"95":{"start":{"line":80,"column":21},"end":{"line":80,"column":28}},"96":{"start":{"line":81,"column":14},"end":{"line":81,"column":37}},"97":{"start":{"line":82,"column":30},"end":{"line":82,"column":54}},"98":{"start":{"line":83,"column":4},"end":{"line":83,"column":35}},"99":{"start":{"line":83,"column":28},"end":{"line":83,"column":35}},"100":{"start":{"line":84,"column":4},"end":{"line":84,"column":11}},"101":{"start":{"line":67,"column":28},"end":{"line":67,"column":53}},"102":{"start":{"line":68,"column":4},"end":{"line":68,"column":33}},"103":{"start":{"line":68,"column":26},"end":{"line":68,"column":33}},"104":{"start":{"line":69,"column":23},"end":{"line":69,"column":32}},"105":{"start":{"line":70,"column":32},"end":{"line":70,"column":41}},"106":{"start":{"line":71,"column":23},"end":{"line":71,"column":42}},"107":{"start":{"line":73,"column":4},"end":{"line":73,"column":45}},"108":{"start":{"line":73,"column":38},"end":{"line":73,"column":45}},"109":{"start":{"line":75,"column":4},"end":{"line":75,"column":11}},"110":{"start":{"line":45,"column":19},"end":{"line":45,"column":null}},"111":{"start":{"line":46,"column":12},"end":{"line":46,"column":16}},"112":{"start":{"line":47,"column":4},"end":{"line":47,"column":36}},"113":{"start":{"line":47,"column":29},"end":{"line":47,"column":36}},"114":{"start":{"line":44,"column":20},"end":{"line":44,"column":null}},"115":{"start":{"line":48,"column":4},"end":{"line":62,"column":null}},"116":{"start":{"line":48,"column":22},"end":{"line":48,"column":13}},"117":{"start":{"line":48,"column":30},"end":{"line":48,"column":null}},"118":{"start":{"line":49,"column":6},"end":{"line":49,"column":13}},"119":{"start":{"line":50,"column":20},"end":{"line":50,"column":29}},"120":{"start":{"line":51,"column":25},"end":{"line":51,"column":49}},"121":{"start":{"line":52,"column":18},"end":{"line":52,"column":null}},"122":{"start":{"line":53,"column":6},"end":{"line":53,"column":7}},"123":{"start":{"line":54,"column":6},"end":{"line":54,"column":null}},"124":{"start":{"line":54,"column":16},"end":{"line":54,"column":null}},"125":{"start":{"line":55,"column":6},"end":{"line":55,"column":7}},"126":{"start":{"line":56,"column":14},"end":{"line":56,"column":null}},"127":{"start":{"line":57,"column":6},"end":{"line":61,"column":null}},"128":{"start":{"line":58,"column":19},"end":{"line":58,"column":24}},"129":{"start":{"line":59,"column":8},"end":{"line":59,"column":null}},"130":{"start":{"line":59,"column":49},"end":{"line":59,"column":56}},"131":{"start":{"line":60,"column":8},"end":{"line":60,"column":9}},"132":{"start":{"line":63,"column":4},"end":{"line":63,"column":11}},"133":{"start":{"line":41,"column":4},"end":{"line":41,"column":11}},"134":{"start":{"line":41,"column":47},"end":{"line":41,"column":51}},"135":{"start":{"line":37,"column":4},"end":{"line":37,"column":11}},"136":{"start":{"line":37,"column":45},"end":{"line":37,"column":49}},"137":{"start":{"line":20,"column":31},"end":{"line":20,"column":37}},"138":{"start":{"line":21,"column":30},"end":{"line":21,"column":36}},"139":{"start":{"line":22,"column":28},"end":{"line":22,"column":34}},"140":{"start":{"line":24,"column":4},"end":{"line":24,"column":22}},"141":{"start":{"line":25,"column":4},"end":{"line":25,"column":18}},"142":{"start":{"line":26,"column":4},"end":{"line":26,"column":26}},"143":{"start":{"line":28,"column":4},"end":{"line":28,"column":28}},"144":{"start":{"line":29,"column":4},"end":{"line":29,"column":27}},"145":{"start":{"line":30,"column":4},"end":{"line":30,"column":25}},"146":{"start":{"line":31,"column":4},"end":{"line":31,"column":22}},"147":{"start":{"line":32,"column":4},"end":{"line":32,"column":18}},"148":{"start":{"line":33,"column":4},"end":{"line":33,"column":26}}},"fnMap":{"0":{"name":"config","decl":{"start":{"line":9,"column":30},"end":{"line":9,"column":37}},"loc":{"start":{"line":9,"column":47},"end":{"line":243,"column":null}}},"1":{"name":"_ref12","decl":{"start":{"line":189,"column":30},"end":{"line":189,"column":98}},"loc":{"start":{"line":189,"column":98},"end":{"line":229,"column":null}}},"2":{"name":"_ref11","decl":{"start":{"line":178,"column":29},"end":{"line":178,"column":null}},"loc":{"start":{"line":178,"column":29},"end":{"line":187,"column":null}}},"3":{"name":"(anonymous_11)","decl":{"start":{"line":180,"column":11},"end":{"line":180,"column":14}},"loc":{"start":{"line":180,"column":14},"end":{"line":180,"column":18}}},"4":{"name":"(anonymous_12)","decl":{"start":{"line":181,"column":11},"end":{"line":181,"column":12}},"loc":{"start":{"line":181,"column":49},"end":{"line":185,"column":null}}},"5":{"name":"(anonymous_13)","decl":{"start":{"line":186,"column":14},"end":{"line":186,"column":20}},"loc":{"start":{"line":186,"column":20},"end":{"line":186,"column":24}}},"6":{"name":"_ref10","decl":{"start":{"line":150,"column":35},"end":{"line":150,"column":59}},"loc":{"start":{"line":150,"column":59},"end":{"line":176,"column":null}}},"7":{"name":"(anonymous_15)","decl":{"start":{"line":152,"column":12},"end":{"line":152,"column":13}},"loc":{"start":{"line":152,"column":13},"end":{"line":152,"column":17}}},"8":{"name":"(anonymous_16)","decl":{"start":{"line":154,"column":66},"end":{"line":154,"column":69}},"loc":{"start":{"line":154,"column":72},"end":{"line":156,"column":null}}},"9":{"name":"recurse","decl":{"start":{"line":162,"column":13},"end":{"line":162,"column":21}},"loc":{"start":{"line":162,"column":89},"end":{"line":168,"column":null}}},"10":{"name":"isWithinThreshold","decl":{"start":{"line":171,"column":13},"end":{"line":171,"column":31}},"loc":{"start":{"line":171,"column":91},"end":{"line":175,"column":null}}},"11":{"name":"_ref9","decl":{"start":{"line":128,"column":25},"end":{"line":128,"column":49}},"loc":{"start":{"line":128,"column":49},"end":{"line":145,"column":null}}},"12":{"name":"noBleedingDayWithinThresholdBefore","decl":{"start":{"line":135,"column":13},"end":{"line":135,"column":48}},"loc":{"start":{"line":135,"column":72},"end":{"line":144,"column":null}}},"13":{"name":"(anonymous_21)","decl":{"start":{"line":139,"column":43},"end":{"line":139,"column":46}},"loc":{"start":{"line":139,"column":46},"end":{"line":139,"column":50}}},"14":{"name":"(anonymous_22)","decl":{"start":{"line":141,"column":30},"end":{"line":141,"column":33}},"loc":{"start":{"line":141,"column":36},"end":{"line":143,"column":null}}},"15":{"name":"_ref8","decl":{"start":{"line":121,"column":26},"end":{"line":121,"column":42}},"loc":{"start":{"line":121,"column":60},"end":{"line":126,"column":null}}},"16":{"name":"_ref7","decl":{"start":{"line":99,"column":36},"end":{"line":99,"column":63}},"loc":{"start":{"line":99,"column":81},"end":{"line":119,"column":null}}},"17":{"name":"(anonymous_25)","decl":{"start":{"line":101,"column":60},"end":{"line":101,"column":61}},"loc":{"start":{"line":101,"column":61},"end":{"line":101,"column":65}}},"18":{"name":"(anonymous_26)","decl":{"start":{"line":102,"column":48},"end":{"line":102,"column":49}},"loc":{"start":{"line":102,"column":49},"end":{"line":102,"column":53}}},"19":{"name":"_ref6","decl":{"start":{"line":87,"column":27},"end":{"line":87,"column":62}},"loc":{"start":{"line":87,"column":62},"end":{"line":97,"column":null}}},"20":{"name":"(anonymous_28)","decl":{"start":{"line":88,"column":60},"end":{"line":88,"column":65}},"loc":{"start":{"line":88,"column":68},"end":{"line":90,"column":null}}},"21":{"name":"(anonymous_29)","decl":{"start":{"line":94,"column":11},"end":{"line":94,"column":16}},"loc":{"start":{"line":94,"column":16},"end":{"line":94,"column":20}}},"22":{"name":"(anonymous_30)","decl":{"start":{"line":96,"column":14},"end":{"line":96,"column":19}},"loc":{"start":{"line":96,"column":19},"end":{"line":96,"column":23}}},"23":{"name":"_ref5","decl":{"start":{"line":78,"column":28},"end":{"line":78,"column":46}},"loc":{"start":{"line":78,"column":46},"end":{"line":85,"column":null}}},"24":{"name":"_ref4","decl":{"start":{"line":66,"column":29},"end":{"line":66,"column":53}},"loc":{"start":{"line":66,"column":53},"end":{"line":76,"column":null}}},"25":{"name":"_ref3","decl":{"start":{"line":44,"column":20},"end":{"line":44,"column":null}},"loc":{"start":{"line":44,"column":20},"end":{"line":64,"column":null}}},"26":{"name":"_ref2","decl":{"start":{"line":40,"column":37},"end":{"line":40,"column":52}},"loc":{"start":{"line":40,"column":63},"end":{"line":42,"column":null}}},"27":{"name":"(anonymous_35)","decl":{"start":{"line":41,"column":42},"end":{"line":41,"column":47}},"loc":{"start":{"line":41,"column":47},"end":{"line":41,"column":51}}},"28":{"name":"_ref","decl":{"start":{"line":36,"column":36},"end":{"line":36,"column":60}},"loc":{"start":{"line":36,"column":60},"end":{"line":38,"column":null}}},"29":{"name":"(anonymous_37)","decl":{"start":{"line":37,"column":40},"end":{"line":37,"column":45}},"loc":{"start":{"line":37,"column":45},"end":{"line":37,"column":49}}}},"branchMap":{"0":{"loc":{"start":{"line":193,"column":4},"end":{"line":195,"column":null}},"type":"if","locations":[{"start":{"line":193,"column":4},"end":{"line":195,"column":null}},{"start":{"line":193,"column":4},"end":{"line":195,"column":null}}]},"1":{"loc":{"start":{"line":201,"column":4},"end":{"line":207,"column":null}},"type":"if","locations":[{"start":{"line":201,"column":4},"end":{"line":207,"column":null}},{"start":{"line":201,"column":4},"end":{"line":207,"column":null}}]},"2":{"loc":{"start":{"line":203,"column":11},"end":{"line":207,"column":null}},"type":"if","locations":[{"start":{"line":203,"column":11},"end":{"line":207,"column":null}},{"start":{"line":203,"column":11},"end":{"line":207,"column":null}}]},"3":{"loc":{"start":{"line":208,"column":4},"end":{"line":210,"column":null}},"type":"if","locations":[{"start":{"line":208,"column":4},"end":{"line":210,"column":null}},{"start":{"line":208,"column":4},"end":{"line":210,"column":null}}]},"4":{"loc":{"start":{"line":219,"column":8},"end":{"line":225,"column":null}},"type":"if","locations":[{"start":{"line":219,"column":8},"end":{"line":225,"column":null}},{"start":{"line":219,"column":8},"end":{"line":225,"column":null}}]},"5":{"loc":{"start":{"line":182,"column":8},"end":{"line":182,"column":61}},"type":"if","locations":[{"start":{"line":182,"column":8},"end":{"line":182,"column":61}},{"start":{"line":182,"column":8},"end":{"line":182,"column":61}}]},"6":{"loc":{"start":{"line":186,"column":24},"end":{"line":186,"column":30}},"type":"binary-expr","locations":[{"start":{"line":186,"column":24},"end":{"line":186,"column":30}},{"start":{"line":186,"column":34},"end":{"line":186,"column":null}}]},"7":{"loc":{"start":{"line":164,"column":6},"end":{"line":164,"column":24}},"type":"if","locations":[{"start":{"line":164,"column":6},"end":{"line":164,"column":24}},{"start":{"line":164,"column":6},"end":{"line":164,"column":24}}]},"8":{"loc":{"start":{"line":165,"column":6},"end":{"line":165,"column":48}},"type":"if","locations":[{"start":{"line":165,"column":6},"end":{"line":165,"column":48}},{"start":{"line":165,"column":6},"end":{"line":165,"column":48}}]},"9":{"loc":{"start":{"line":129,"column":4},"end":{"line":129,"column":89}},"type":"if","locations":[{"start":{"line":129,"column":4},"end":{"line":129,"column":89}},{"start":{"line":129,"column":4},"end":{"line":129,"column":89}}]},"10":{"loc":{"start":{"line":129,"column":8},"end":{"line":129,"column":36}},"type":"binary-expr","locations":[{"start":{"line":129,"column":8},"end":{"line":129,"column":36}},{"start":{"line":129,"column":36},"end":{"line":129,"column":82}}]},"11":{"loc":{"start":{"line":130,"column":4},"end":{"line":130,"column":61}},"type":"if","locations":[{"start":{"line":130,"column":4},"end":{"line":130,"column":61}},{"start":{"line":130,"column":4},"end":{"line":130,"column":61}}]},"12":{"loc":{"start":{"line":142,"column":15},"end":{"line":142,"column":40}},"type":"binary-expr","locations":[{"start":{"line":142,"column":15},"end":{"line":142,"column":40}},{"start":{"line":142,"column":40},"end":{"line":142,"column":null}}]},"13":{"loc":{"start":{"line":122,"column":55},"end":{"line":122,"column":67}},"type":"cond-expr","locations":[{"start":{"line":122,"column":55},"end":{"line":122,"column":67}},{"start":{"line":122,"column":67},"end":{"line":122,"column":null}}]},"14":{"loc":{"start":{"line":124,"column":4},"end":{"line":124,"column":28}},"type":"if","locations":[{"start":{"line":124,"column":4},"end":{"line":124,"column":28}},{"start":{"line":124,"column":4},"end":{"line":124,"column":28}}]},"15":{"loc":{"start":{"line":100,"column":41},"end":{"line":100,"column":50}},"type":"cond-expr","locations":[{"start":{"line":100,"column":41},"end":{"line":100,"column":50}},{"start":{"line":100,"column":70},"end":{"line":100,"column":79}}]},"16":{"loc":{"start":{"line":107,"column":4},"end":{"line":117,"column":null}},"type":"if","locations":[{"start":{"line":107,"column":4},"end":{"line":117,"column":null}},{"start":{"line":107,"column":4},"end":{"line":117,"column":null}}]},"17":{"loc":{"start":{"line":118,"column":42},"end":{"line":118,"column":49}},"type":"cond-expr","locations":[{"start":{"line":118,"column":42},"end":{"line":118,"column":49}},{"start":{"line":118,"column":49},"end":{"line":118,"column":null}}]},"18":{"loc":{"start":{"line":91,"column":4},"end":{"line":91,"column":34}},"type":"if","locations":[{"start":{"line":91,"column":4},"end":{"line":91,"column":34}},{"start":{"line":91,"column":4},"end":{"line":91,"column":34}}]},"19":{"loc":{"start":{"line":80,"column":4},"end":{"line":80,"column":28}},"type":"if","locations":[{"start":{"line":80,"column":4},"end":{"line":80,"column":28}},{"start":{"line":80,"column":4},"end":{"line":80,"column":28}}]},"20":{"loc":{"start":{"line":83,"column":4},"end":{"line":83,"column":35}},"type":"if","locations":[{"start":{"line":83,"column":4},"end":{"line":83,"column":35}},{"start":{"line":83,"column":4},"end":{"line":83,"column":35}}]},"21":{"loc":{"start":{"line":68,"column":4},"end":{"line":68,"column":33}},"type":"if","locations":[{"start":{"line":68,"column":4},"end":{"line":68,"column":33}},{"start":{"line":68,"column":4},"end":{"line":68,"column":33}}]},"22":{"loc":{"start":{"line":73,"column":4},"end":{"line":73,"column":45}},"type":"if","locations":[{"start":{"line":73,"column":4},"end":{"line":73,"column":45}},{"start":{"line":73,"column":4},"end":{"line":73,"column":45}}]},"23":{"loc":{"start":{"line":47,"column":4},"end":{"line":47,"column":36}},"type":"if","locations":[{"start":{"line":47,"column":4},"end":{"line":47,"column":36}},{"start":{"line":47,"column":4},"end":{"line":47,"column":36}}]},"24":{"loc":{"start":{"line":52,"column":38},"end":{"line":52,"column":59}},"type":"cond-expr","locations":[{"start":{"line":52,"column":38},"end":{"line":52,"column":59}},{"start":{"line":52,"column":59},"end":{"line":52,"column":null}}]},"25":{"loc":{"start":{"line":54,"column":6},"end":{"line":54,"column":null}},"type":"if","locations":[{"start":{"line":54,"column":6},"end":{"line":54,"column":null}},{"start":{"line":54,"column":6},"end":{"line":54,"column":null}}]},"26":{"loc":{"start":{"line":59,"column":8},"end":{"line":59,"column":null}},"type":"if","locations":[{"start":{"line":59,"column":8},"end":{"line":59,"column":null}},{"start":{"line":59,"column":8},"end":{"line":59,"column":null}}]},"27":{"loc":{"start":{"line":44,"column":20},"end":{"line":44,"column":null}},"type":"if","locations":[{"start":{"line":44,"column":20},"end":{"line":44,"column":null}},{"start":{"line":44,"column":20},"end":{"line":44,"column":null}}]},"28":{"loc":{"start":{"line":41,"column":51},"end":{"line":41,"column":72}},"type":"binary-expr","locations":[{"start":{"line":41,"column":51},"end":{"line":41,"column":72}},{"start":{"line":41,"column":72},"end":{"line":41,"column":null}}]},"29":{"loc":{"start":{"line":28,"column":31},"end":{"line":28,"column":64}},"type":"binary-expr","locations":[{"start":{"line":28,"column":31},"end":{"line":28,"column":64}},{"start":{"line":28,"column":64},"end":{"line":28,"column":null}}]},"30":{"loc":{"start":{"line":29,"column":30},"end":{"line":29,"column":62}},"type":"binary-expr","locations":[{"start":{"line":29,"column":30},"end":{"line":29,"column":62}},{"start":{"line":29,"column":62},"end":{"line":29,"column":null}}]},"31":{"loc":{"start":{"line":30,"column":28},"end":{"line":30,"column":58}},"type":"binary-expr","locations":[{"start":{"line":30,"column":28},"end":{"line":30,"column":58}},{"start":{"line":30,"column":58},"end":{"line":30,"column":null}}]},"32":{"loc":{"start":{"line":31,"column":25},"end":{"line":31,"column":52}},"type":"binary-expr","locations":[{"start":{"line":31,"column":25},"end":{"line":31,"column":52}},{"start":{"line":31,"column":52},"end":{"line":31,"column":null}}]},"33":{"loc":{"start":{"line":32,"column":21},"end":{"line":32,"column":44}},"type":"binary-expr","locations":[{"start":{"line":32,"column":21},"end":{"line":32,"column":44}},{"start":{"line":32,"column":44},"end":{"line":32,"column":null}}]},"34":{"loc":{"start":{"line":33,"column":29},"end":{"line":33,"column":60}},"type":"binary-expr","locations":[{"start":{"line":33,"column":29},"end":{"line":33,"column":60}},{"start":{"line":33,"column":60},"end":{"line":33,"column":null}}]}},"s":{"0":1,"1":1,"2":1,"3":1,"4":1,"5":9,"6":9,"7":4,"8":5,"9":5,"10":5,"11":1,"12":4,"13":2,"14":2,"15":5,"16":0,"17":5,"18":5,"19":5,"20":5,"21":5,"22":15,"23":15,"24":15,"25":15,"26":24,"27":15,"28":15,"29":9,"30":9,"31":5,"32":9,"33":25,"34":25,"35":8,"36":17,"37":17,"38":25,"39":8,"40":19,"41":8,"42":14,"43":8,"44":17,"45":17,"46":6,"47":11,"48":2,"49":9,"50":9,"51":11,"52":11,"53":11,"54":12,"55":10,"56":2,"57":2,"58":0,"59":2,"60":2,"61":2,"62":2,"63":2,"64":2,"65":2,"66":2,"67":6,"68":6,"69":6,"70":1,"71":5,"72":13,"73":13,"74":65,"75":13,"76":37,"77":13,"78":13,"79":13,"80":12,"81":12,"82":12,"83":1,"84":1,"85":13,"86":2,"87":4,"88":2,"89":0,"90":2,"91":6,"92":6,"93":4,"94":4,"95":1,"96":3,"97":3,"98":3,"99":1,"100":2,"101":5,"102":5,"103":1,"104":4,"105":4,"106":4,"107":4,"108":1,"109":3,"110":0,"111":0,"112":0,"113":0,"114":0,"115":0,"116":0,"117":0,"118":0,"119":0,"120":0,"121":0,"122":0,"123":0,"124":0,"125":0,"126":0,"127":0,"128":0,"129":0,"130":0,"131":0,"132":0,"133":0,"134":0,"135":15,"136":30,"137":0,"138":0,"139":0,"140":0,"141":0,"142":0,"143":40,"144":40,"145":40,"146":40,"147":40,"148":40},"f":{"0":40,"1":9,"2":9,"3":25,"4":25,"5":25,"6":8,"7":19,"8":14,"9":17,"10":11,"11":12,"12":2,"13":2,"14":2,"15":6,"16":13,"17":65,"18":37,"19":2,"20":4,"21":6,"22":6,"23":4,"24":5,"25":0,"26":0,"27":0,"28":15,"29":30},"b":{"0":[4,5],"1":[1,4],"2":[2,2],"3":[0,5],"4":[15,9],"5":[8,17],"6":[25,17],"7":[6,11],"8":[2,9],"9":[10,2],"10":[12,2],"11":[2,0],"12":[2,1],"13":[6,0],"14":[1,5],"15":[1,12],"16":[12,1],"17":[4,9],"18":[0,2],"19":[1,3],"20":[1,2],"21":[1,4],"22":[1,3],"23":[0,0],"24":[0,0],"25":[0,0],"26":[0,0],"27":[0,0],"28":[0,0],"29":[40,21],"30":[40,15],"31":[40,9],"32":[40,36],"33":[40,33],"34":[40,36]}}
,"/home/sepidar/Projects/vania/src/lib/nfp-mucus.ts": {"path":"/home/sepidar/Projects/vania/src/lib/nfp-mucus.ts","statementMap":{"0":{"start":{"line":3,"column":2},"end":{"line":3,"column":71}},"1":{"start":{"line":3,"column":64},"end":{"line":3,"column":71}},"2":{"start":{"line":5,"column":30},"end":{"line":5,"column":null}},"3":{"start":{"line":11,"column":30},"end":{"line":11,"column":null}},"4":{"start":{"line":16,"column":26},"end":{"line":16,"column":41}},"5":{"start":{"line":17,"column":26},"end":{"line":17,"column":41}},"6":{"start":{"line":18,"column":2},"end":{"line":18,"column":9}}},"fnMap":{"0":{"name":"_default","decl":{"start":{"line":1,"column":14},"end":{"line":1,"column":25}},"loc":{"start":{"line":1,"column":51},"end":{"line":19,"column":null}}}},"branchMap":{"0":{"loc":{"start":{"line":3,"column":2},"end":{"line":3,"column":71}},"type":"if","locations":[{"start":{"line":3,"column":2},"end":{"line":3,"column":71}},{"start":{"line":3,"column":2},"end":{"line":3,"column":71}}]},"1":{"loc":{"start":{"line":3,"column":6},"end":{"line":3,"column":36}},"type":"binary-expr","locations":[{"start":{"line":3,"column":6},"end":{"line":3,"column":36}},{"start":{"line":3,"column":36},"end":{"line":3,"column":64}}]},"2":{"loc":{"start":{"line":18,"column":9},"end":{"line":18,"column":13}},"type":"binary-expr","locations":[{"start":{"line":18,"column":9},"end":{"line":18,"column":13}},{"start":{"line":18,"column":55},"end":{"line":18,"column":null}}]}},"s":{"0":12,"1":0,"2":12,"3":12,"4":12,"5":12,"6":12},"f":{"0":12},"b":{"0":[0,12],"1":[12,12],"2":[12,1]}}
,"/home/sepidar/Projects/vania/src/lib/sympto-adapter.ts": {"path":"/home/sepidar/Projects/vania/src/lib/sympto-adapter.ts","statementMap":{"0":{"start":{"line":3,"column":0},"end":{"line":3,"column":null}},"1":{"start":{"line":4,"column":0},"end":{"line":4,"column":null}},"2":{"start":{"line":5,"column":0},"end":{"line":5,"column":null}},"3":{"start":{"line":6,"column":0},"end":{"line":6,"column":null}},"4":{"start":{"line":11,"column":17},"end":{"line":11,"column":23}},"5":{"start":{"line":19,"column":2},"end":{"line":19,"column":9}},"6":{"start":{"line":23,"column":18},"end":{"line":23,"column":24}},"7":{"start":{"line":24,"column":33},"end":{"line":24,"column":null}},"8":{"start":{"line":26,"column":4},"end":{"line":30,"column":null}},"9":{"start":{"line":27,"column":6},"end":{"line":27,"column":25}},"10":{"start":{"line":29,"column":6},"end":{"line":29,"column":25}},"11":{"start":{"line":31,"column":4},"end":{"line":31,"column":11}},"12":{"start":{"line":43,"column":79},"end":{"line":43,"column":78}},"13":{"start":{"line":49,"column":6},"end":{"line":49,"column":12}},"14":{"start":{"line":58,"column":2},"end":{"line":60,"column":null}},"15":{"start":{"line":59,"column":4},"end":{"line":59,"column":13}},"16":{"start":{"line":61,"column":2},"end":{"line":66,"column":null}},"17":{"start":{"line":62,"column":10},"end":{"line":61,"column":null}},"18":{"start":{"line":63,"column":4},"end":{"line":65,"column":null}},"19":{"start":{"line":64,"column":6},"end":{"line":64,"column":15}},"20":{"start":{"line":68,"column":2},"end":{"line":68,"column":11}},"21":{"start":{"line":74,"column":42},"end":{"line":74,"column":null}},"22":{"start":{"line":76,"column":6},"end":{"line":76,"column":13}},"23":{"start":{"line":84,"column":19},"end":{"line":84,"column":null}},"24":{"start":{"line":85,"column":23},"end":{"line":85,"column":null}},"25":{"start":{"line":87,"column":6},"end":{"line":91,"column":null}},"26":{"start":{"line":88,"column":8},"end":{"line":88,"column":9}},"27":{"start":{"line":90,"column":8},"end":{"line":90,"column":9}},"28":{"start":{"line":92,"column":6},"end":{"line":92,"column":13}},"29":{"start":{"line":99,"column":6},"end":{"line":99,"column":13}},"30":{"start":{"line":106,"column":6},"end":{"line":106,"column":13}},"31":{"start":{"line":114,"column":19},"end":{"line":114,"column":null}},"32":{"start":{"line":115,"column":23},"end":{"line":115,"column":null}},"33":{"start":{"line":117,"column":6},"end":{"line":121,"column":null}},"34":{"start":{"line":118,"column":8},"end":{"line":118,"column":9}},"35":{"start":{"line":120,"column":8},"end":{"line":120,"column":9}},"36":{"start":{"line":122,"column":6},"end":{"line":122,"column":13}},"37":{"start":{"line":129,"column":6},"end":{"line":129,"column":13}},"38":{"start":{"line":137,"column":2},"end":{"line":137,"column":9}},"39":{"start":{"line":141,"column":20},"end":{"line":141,"column":25}},"40":{"start":{"line":143,"column":16},"end":{"line":143,"column":20}},"41":{"start":{"line":145,"column":4},"end":{"line":145,"column":5}},"42":{"start":{"line":146,"column":6},"end":{"line":148,"column":null}},"43":{"start":{"line":147,"column":8},"end":{"line":147,"column":15}},"44":{"start":{"line":151,"column":4},"end":{"line":153,"column":null}},"45":{"start":{"line":152,"column":6},"end":{"line":152,"column":13}},"46":{"start":{"line":155,"column":4},"end":{"line":157,"column":null}},"47":{"start":{"line":156,"column":6},"end":{"line":156,"column":13}},"48":{"start":{"line":159,"column":4},"end":{"line":159,"column":5}},"49":{"start":{"line":160,"column":6},"end":{"line":160,"column":31}},"50":{"start":{"line":160,"column":28},"end":{"line":160,"column":31}},"51":{"start":{"line":162,"column":4},"end":{"line":162,"column":7}},"52":{"start":{"line":163,"column":4},"end":{"line":163,"column":11}},"53":{"start":{"line":166,"column":2},"end":{"line":166,"column":11}},"54":{"start":{"line":167,"column":2},"end":{"line":167,"column":9}},"55":{"start":{"line":171,"column":2},"end":{"line":171,"column":9}}},"fnMap":{"0":{"name":"getFertilityStatusForDay","decl":{"start":{"line":10,"column":22},"end":{"line":10,"column":47}},"loc":{"start":{"line":10,"column":65},"end":{"line":41,"column":null}}},"1":{"name":"(anonymous_9)","decl":{"start":{"line":22,"column":38},"end":{"line":22,"column":47}},"loc":{"start":{"line":22,"column":50},"end":{"line":32,"column":null}}},"2":{"name":"getCycleStatusForDay","decl":{"start":{"line":43,"column":22},"end":{"line":43,"column":43}},"loc":{"start":{"line":43,"column":79},"end":{"line":71,"column":null}}},"3":{"name":"formatStatus","decl":{"start":{"line":73,"column":9},"end":{"line":73,"column":22}},"loc":{"start":{"line":73,"column":86},"end":{"line":138,"column":null}}},"4":{"name":"preOvulatory","decl":{"start":{"line":75,"column":18},"end":{"line":75,"column":23}},"loc":{"start":{"line":75,"column":23},"end":{"line":81,"column":null}}},"5":{"name":"periOvulatory","decl":{"start":{"line":82,"column":19},"end":{"line":82,"column":20}},"loc":{"start":{"line":82,"column":63},"end":{"line":97,"column":null}}},"6":{"name":"postOvulatory","decl":{"start":{"line":98,"column":19},"end":{"line":98,"column":20}},"loc":{"start":{"line":98,"column":63},"end":{"line":104,"column":null}}},"7":{"name":"preOvulatoryStd","decl":{"start":{"line":105,"column":21},"end":{"line":105,"column":26}},"loc":{"start":{"line":105,"column":26},"end":{"line":111,"column":null}}},"8":{"name":"periOvulatoryStd","decl":{"start":{"line":112,"column":22},"end":{"line":112,"column":23}},"loc":{"start":{"line":112,"column":66},"end":{"line":127,"column":null}}},"9":{"name":"postOvulatoryStd","decl":{"start":{"line":128,"column":22},"end":{"line":128,"column":23}},"loc":{"start":{"line":128,"column":66},"end":{"line":134,"column":null}}},"10":{"name":"formatCycleForSympto","decl":{"start":{"line":140,"column":9},"end":{"line":140,"column":30}},"loc":{"start":{"line":140,"column":53},"end":{"line":168,"column":null}}},"11":{"name":"(anonymous_21)","decl":{"start":{"line":141,"column":33},"end":{"line":141,"column":34}},"loc":{"start":{"line":141,"column":67},"end":{"line":164,"column":5}}},"12":{"name":"(anonymous_22)","decl":{"start":{"line":145,"column":59},"end":{"line":145,"column":70}},"loc":{"start":{"line":145,"column":73},"end":{"line":149,"column":null}}},"13":{"name":"(anonymous_23)","decl":{"start":{"line":159,"column":49},"end":{"line":159,"column":60}},"loc":{"start":{"line":159,"column":63},"end":{"line":161,"column":null}}},"14":{"name":"hasIncompleteCervixValue","decl":{"start":{"line":170,"column":9},"end":{"line":170,"column":34}},"loc":{"start":{"line":170,"column":53},"end":{"line":172,"column":null}}}},"branchMap":{"0":{"loc":{"start":{"line":26,"column":4},"end":{"line":30,"column":null}},"type":"if","locations":[{"start":{"line":26,"column":4},"end":{"line":30,"column":null}},{"start":{"line":26,"column":4},"end":{"line":30,"column":null}}]},"1":{"loc":{"start":{"line":31,"column":11},"end":{"line":31,"column":31}},"type":"binary-expr","locations":[{"start":{"line":31,"column":11},"end":{"line":31,"column":31}},{"start":{"line":31,"column":35},"end":{"line":31,"column":null}}]},"2":{"loc":{"start":{"line":36,"column":6},"end":{"line":36,"column":29}},"type":"binary-expr","locations":[{"start":{"line":36,"column":6},"end":{"line":36,"column":29}},{"start":{"line":36,"column":29},"end":{"line":36,"column":61}},{"start":{"line":36,"column":61},"end":{"line":36,"column":null}}]},"3":{"loc":{"start":{"line":43,"column":79},"end":{"line":43,"column":null}},"type":"cond-expr","locations":[{"start":{"line":43,"column":79},"end":{"line":43,"column":null}},{"start":{"line":43,"column":70},"end":{"line":43,"column":79}}]},"4":{"loc":{"start":{"line":43,"column":79},"end":{"line":43,"column":null}},"type":"binary-expr","locations":[{"start":{"line":43,"column":79},"end":{"line":43,"column":null}},{"start":{"line":43,"column":79},"end":{"line":43,"column":null}}]},"5":{"loc":{"start":{"line":44,"column":16},"end":{"line":44,"column":20}},"type":"binary-expr","locations":[{"start":{"line":44,"column":16},"end":{"line":44,"column":20}},{"start":{"line":44,"column":24},"end":{"line":44,"column":26}}]},"6":{"loc":{"start":{"line":58,"column":2},"end":{"line":60,"column":null}},"type":"if","locations":[{"start":{"line":58,"column":2},"end":{"line":60,"column":null}},{"start":{"line":58,"column":2},"end":{"line":60,"column":null}}]},"7":{"loc":{"start":{"line":61,"column":2},"end":{"line":66,"column":null}},"type":"if","locations":[{"start":{"line":61,"column":2},"end":{"line":66,"column":null}},{"start":{"line":61,"column":2},"end":{"line":66,"column":null}}]},"8":{"loc":{"start":{"line":61,"column":6},"end":{"line":61,"column":19}},"type":"binary-expr","locations":[{"start":{"line":61,"column":6},"end":{"line":61,"column":19}},{"start":{"line":61,"column":23},"end":{"line":61,"column":54}}]},"9":{"loc":{"start":{"line":63,"column":4},"end":{"line":65,"column":null}},"type":"if","locations":[{"start":{"line":63,"column":4},"end":{"line":65,"column":null}},{"start":{"line":63,"column":4},"end":{"line":65,"column":null}}]},"10":{"loc":{"start":{"line":68,"column":59},"end":{"line":68,"column":70}},"type":"cond-expr","locations":[{"start":{"line":68,"column":59},"end":{"line":68,"column":70}},{"start":{"line":68,"column":70},"end":{"line":68,"column":null}}]}
[...]
,"/home/sepidar/Projects/vania/src/state/cycle.ts": {"path":"/home/sepidar/Projects/vania/src/state/cycle.ts","statementMap":{"0":{"start":{"line":2,"column":0},"end":{"line":2,"column":null}},"1":{"start":{"line":5,"column":0},"end":{"line":5,"column":8}},"2":{"start":{"line":6,"column":0},"end":{"line":6,"column":8}},"3":{"start":{"line":9,"column":15},"end":{"line":9,"column":16}},"4":{"start":{"line":11,"column":21},"end":{"line":28,"column":null}},"5":{"start":{"line":12,"column":18},"end":{"line":12,"column":22}},"6":{"start":{"line":13,"column":2},"end":{"line":27,"column":null}},"7":{"start":{"line":14,"column":22},"end":{"line":14,"column":null}},"8":{"start":{"line":15,"column":22},"end":{"line":15,"column":null}},"9":{"start":{"line":16,"column":4},"end":{"line":26,"column":null}},"10":{"start":{"line":17,"column":6},"end":{"line":23,"column":null}},"11":{"start":{"line":18,"column":8},"end":{"line":18,"column":15}},"12":{"start":{"line":19,"column":13},"end":{"line":23,"column":null}},"13":{"start":{"line":20,"column":8},"end":{"line":20,"column":15}},"14":{"start":{"line":22,"column":8},"end":{"line":22,"column":15}},"15":{"start":{"line":24,"column":11},"end":{"line":26,"column":null}},"16":{"start":{"line":25,"column":6},"end":{"line":25,"column":13}},"17":{"start":{"line":30,"column":24},"end":{"line":42,"column":null}},"18":{"start":{"line":31,"column":16},"end":{"line":31,"column":23}},"19":{"start":{"line":33,"column":21},"end":{"line":33,"column":34}},"20":{"start":{"line":39,"column":2},"end":{"line":41,"column":null}},"21":{"start":{"line":40,"column":4},"end":{"line":40,"column":14}}},"fnMap":{"0":{"name":"moment","decl":{"start":{"line":9,"column":6},"end":{"line":9,"column":12}},"loc":{"start":{"line":9,"column":15},"end":{"line":9,"column":16}}},"1":{"name":"calcuteCycle","decl":{"start":{"line":11,"column":6},"end":{"line":11,"column":18}},"loc":{"start":{"line":11,"column":84},"end":{"line":28,"column":null}}},"2":{"name":"dayState","decl":{"start":{"line":30,"column":13},"end":{"line":30,"column":21}},"loc":{"start":{"line":30,"column":57},"end":{"line":42,"column":null}}}},"branchMap":{"0":{"loc":{"start":{"line":13,"column":2},"end":{"line":27,"column":null}},"type":"if","locations":[{"start":{"line":13,"column":2},"end":{"line":27,"column":null}},{"start":{"line":13,"column":2},"end":{"line":27,"column":null}}]},"1":{"loc":{"start":{"line":16,"column":4},"end":{"line":26,"column":null}},"type":"if","locations":[{"start":{"line":16,"column":4},"end":{"line":26,"column":null}},{"start":{"line":16,"column":4},"end":{"line":26,"column":null}}]},"2":{"loc":{"start":{"line":17,"column":6},"end":{"line":23,"column":null}},"type":"if","locations":[{"start":{"line":17,"column":6},"end":{"line":23,"column":null}},{"start":{"line":17,"column":6},"end":{"line":23,"column":null}}]},"3":{"loc":{"start":{"line":19,"column":13},"end":{"line":23,"column":null}},"type":"if","locations":[{"start":{"line":19,"column":13},"end":{"line":23,"column":null}},{"start":{"line":19,"column":13},"end":{"line":23,"column":null}}]},"4":{"loc":{"start":{"line":19,"column":17},"end":{"line":19,"column":39}},"type":"binary-expr","locations":[{"start":{"line":19,"column":17},"end":{"line":19,"column":39}},{"start":{"line":19,"column":39},"end":{"line":19,"column":65}}]},"5":{"loc":{"start":{"line":24,"column":11},"end":{"line":26,"column":null}},"type":"if","locations":[{"start":{"line":24,"column":11},"end":{"line":26,"column":null}},{"start":{"line":24,"column":11},"end":{"line":26,"column":null}}]},"6":{"loc":{"start":{"line":24,"column":15},"end":{"line":24,"column":45}},"type":"binary-expr","locations":[{"start":{"line":24,"column":15},"end":{"line":24,"column":45}},{"start":{"line":24,"column":45},"end":{"line":24,"column":73}}]},"7":{"loc":{"start":{"line":25,"column":39},"end":{"line":25,"column":59}},"type":"cond-expr","locations":[{"start":{"line":25,"column":39},"end":{"line":25,"column":59}},{"start":{"line":25,"column":59},"end":{"line":25,"column":null}}]},"8":{"loc":{"start":{"line":39,"column":2},"end":{"line":41,"column":null}},"type":"if","locations":[{"start":{"line":39,"column":2},"end":{"line":41,"column":null}},{"start":{"line":39,"column":2},"end":{"line":41,"column":null}}]}},"s":{"0":0,"1":0,"2":0,"3":0,"4":0,"5":0,"6":0,"7":0,"8":0,"9":0,"10":0,"11":0,"12":0,"13":0,"14":0,"15":0,"16":0,"17":0,"18":0,"19":0,"20":0,"21":0},"f":{"0":0,"1":0,"2":0},"b":{"0":[0,0],"1":[0,0],"2":[0,0],"3":[0,0],"4":[0,0],"5":[0,0],"6":[0,0],"7":[0,0],"8":[0,0]}}
,"/home/sepidar/Projects/vania/src/state/helper.ts": {"path":"/home/sepidar/Projects/vania/src/state/helper.ts","statementMap":{"0":{"start":{"line":1,"column":0},"end":{"line":1,"column":null}},"1":{"start":{"line":2,"column":0},"end":{"line":2,"column":null}},"2":{"start":{"line":5,"column":0},"end":{"line":5,"column":8}},"3":{"start":{"line":6,"column":0},"end":{"line":6,"column":8}},"4":{"start":{"line":8,"column":30},"end":{"line":30,"column":null}},"5":{"start":{"line":9,"column":2},"end":{"line":11,"column":null}},"6":{"start":{"line":10,"column":4},"end":{"line":10,"column":5}},"7":{"start":{"line":13,"column":2},"end":{"line":13,"column":9}},"8":{"start":{"line":14,"column":23},"end":{"line":14,"column":null}},"9":{"start":{"line":16,"column":23},"end":{"line":16,"column":null}},"10":{"start":{"line":18,"column":4},"end":{"line":20,"column":null}},"11":{"start":{"line":18,"column":17},"end":{"line":18,"column":20}},"12":{"start":{"line":19,"column":6},"end":{"line":19,"column":16}},"13":{"start":{"line":23,"column":4},"end":{"line":27,"column":null}},"14":{"start":{"line":23,"column":17},"end":{"line":23,"column":20}},"15":{"start":{"line":24,"column":6},"end":{"line":24,"column":16}},"16":{"start":{"line":28,"column":4},"end":{"line":28,"column":11}},"17":{"start":{"line":32,"column":16},"end":{"line":32,"column":null}},"18":{"start":{"line":33,"column":18},"end":{"line":33,"column":null}},"19":{"start":{"line":35,"column":19},"end":{"line":35,"column":null}},"20":{"start":{"line":52,"column":12},"end":{"line":52,"column":13}},"21":{"start":{"line":59,"column":12},"end":{"line":59,"column":13}},"22":{"start":{"line":61,"column":12},"end":{"line":61,"column":13}},"23":{"start":{"line":63,"column":24},"end":{"line":68,"column":null}},"24":{"start":{"line":63,"column":52},"end":{"line":63,"column":null}},"25":{"start":{"line":65,"column":17},"end":{"line":65,"column":22}},"26":{"start":{"line":67,"column":2},"end":{"line":67,"column":9}},"27":{"start":{"line":71,"column":21},"end":{"line":71,"column":33}},"28":{"start":{"line":74,"column":25},"end":{"line":84,"column":null}},"29":{"start":{"line":75,"column":23},"end":{"line":75,"column":null}},"30":{"start":{"line":76,"column":16},"end":{"line":76,"column":null}},"31":{"start":{"line":79,"column":20},"end":{"line":79,"column":null}},"32":{"start":{"line":79,"column":37},"end":{"line":79,"column":38}},"33":{"start":{"line":79,"column":57},"end":{"line":79,"column":58}},"34":{"start":{"line":80,"column":15},"end":{"line":80,"column":null}},"35":{"start":{"line":81,"column":16},"end":{"line":81,"column":26}},"36":{"start":{"line":81,"column":26},"end":{"line":81,"column":27}},"37":{"start":{"line":82,"column":14},"end":{"line":82,"column":31}},"38":{"start":{"line":83,"column":2},"end":{"line":83,"column":9}},"39":{"start":{"line":87,"column":20},"end":{"line":87,"column":21}}},"fnMap":{"0":{"name":"toPersianDigit","decl":{"start":{"line":8,"column":13},"end":{"line":8,"column":27}},"loc":{"start":{"line":8,"column":41},"end":{"line":30,"column":null}}},"1":{"name":"(anonymous_1)","decl":{"start":{"line":13,"column":27},"end":{"line":13,"column":37}},"loc":{"start":{"line":13,"column":47},"end":{"line":29,"column":null}}},"2":{"name":"g2d","decl":{"start":{"line":52,"column":6},"end":{"line":52,"column":9}},"loc":{"start":{"line":52,"column":12},"end":{"line":52,"column":13}}},"3":{"name":"div","decl":{"start":{"line":59,"column":6},"end":{"line":59,"column":9}},"loc":{"start":{"line":59,"column":12},"end":{"line":59,"column":13}}},"4":{"name":"mod","decl":{"start":{"line":61,"column":6},"end":{"line":61,"column":9}},"loc":{"start":{"line":61,"column":12},"end":{"line":61,"column":13}}},"5":{"name":"getJdHijri","decl":{"start":{"line":63,"column":6},"end":{"line":63,"column":16}},"loc":{"start":{"line":63,"column":52},"end":{"line":68,"column":null}}},"6":{"name":"jdToHijri","decl":{"start":{"line":74,"column":13},"end":{"line":74,"column":22}},"loc":{"start":{"line":74,"column":32},"end":{"line":84,"column":null}}},"7":{"name":"(anonymous_7)","decl":{"start":{"line":79,"column":37},"end":{"line":79,"column":38}},"loc":{"start":{"line":79,"column":37},"end":{"line":79,"column":38}}},"8":{"name":"(anonymous_8)","decl":{"start":{"line":79,"column":57},"end":{"line":79,"column":58}},"loc":{"start":{"line":79,"column":57},"end":{"line":79,"column":58}}},"9":{"name":"(anonymous_9)","decl":{"start":{"line":81,"column":26},"end":{"line":81,"column":27}},"loc":{"start":{"line":81,"column":26},"end":{"line":81,"column":27}}},"10":{"name":"plus","decl":{"start":{"line":87,"column":13},"end":{"line":87,"column":17}},"loc":{"start":{"line":87,"column":20},"end":{"line":87,"column":21}}}},"branchMap":{"0":{"loc":{"start":{"line":9,"column":2},"end":{"line":11,"column":null}},"type":"if","locations":[{"start":{"line":9,"column":2},"end":{"line":11,"column":null}},{"start":{"line":9,"column":2},"end":{"line":11,"column":null}}]},"1":{"loc":{"start":{"line":25,"column":65},"end":{"line":25,"column":72}},"type":"cond-expr","locations":[{"start":{"line":25,"column":65},"end":{"line":25,"column":72}},{"start":{"line":25,"column":72},"end":{"line":25,"column":null}}]},"2":{"loc":{"start":{"line":25,"column":45},"end":{"line":25,"column":52}},"type":"binary-expr","locations":[{"start":{"line":25,"column":45},"end":{"line":25,"column":52}},{"start":{"line":25,"column":52},"end":{"line":25,"column":65}}]},"3":{"loc":{"start":{"line":67,"column":26},"end":{"line":67,"column":27}},"type":"cond-expr","locations":[{"start":{"line":67,"column":26},"end":{"line":67,"column":27}},{"start":{"line":67,"column":37},"end":{"line":67,"column":45}}]}},"s":{"0":0,"1":0,"2":0,"3":0,"4":0,"5":0,"6":0,"7":0,"8":0,"9":0,"10":0,"11":0,"12":0,"13":0,"14":0,"15":0,"16":0,"17":0,"18":0,"19":0,"20":0,"21":0,"22":0,"23":0,"24":0,"25":0,"26":0,"27":0,"28":0,"29":0,"30":0,"31":0,"32":0,"33":0,"34":0,"35":0,"36":0,"37":0,"38":0,"39":0},"f":{"0":0,"1":0,"2":0,"3":0,"4":0,"5":0,"6":0,"7":0,"8":0,"9":0,"10":0},"b":{"0":[0,0],"1":[0,0],"2":[0,0],"3":[0,0]}}
,"/home/sepidar/Projects/vania/src/state/index.ts": {"path":"/home/sepidar/Projects/vania/src/state/index.ts","statementMap":{"0":{"start":{"line":2,"column":0},"end":{"line":2,"column":null}},"1":{"start":{"line":3,"column":0},"end":{"line":3,"column":null}},"2":{"start":{"line":4,"column":0},"end":{"line":4,"column":null}},"3":{"start":{"line":6,"column":0},"end":{"line":6,"column":null}},"4":{"start":{"line":8,"column":0},"end":{"line":8,"column":null}},"5":{"start":{"line":9,"column":0},"end":{"line":9,"column":null}},"6":{"start":{"line":10,"column":0},"end":{"line":10,"column":null}},"7":{"start":{"line":12,"column":0},"end":{"line":12,"column":8}},"8":{"start":{"line":13,"column":0},"end":{"line":13,"column":8}},"9":{"start":{"line":15,"column":15},"end":{"line":15,"column":16}},"10":{"start":{"line":16,"column":15},"end":{"line":16,"column":16}},"11":{"start":{"line":36,"column":35},"end":{"line":36,"column":null}},"12":{"start":{"line":46,"column":23},"end":{"line":46,"column":30}},"13":{"start":{"line":46,"column":69},"end":{"line":46,"column":null}},"14":{"start":{"line":49,"column":6},"end":{"line":49,"column":18}},"15":{"start":{"line":53,"column":6},"end":{"line":53,"column":18}},"16":{"start":{"line":54,"column":6},"end":{"line":54,"column":18}},"17":{"start":{"line":55,"column":6},"end":{"line":55,"column":18}},"18":{"start":{"line":56,"column":6},"end":{"line":56,"column":18}},"19":{"start":{"line":60,"column":6},"end":{"line":60,"column":18}},"20":{"start":{"line":67,"column":40},"end":{"line":81,"column":null}},"21":{"start":{"line":68,"column":2},"end":{"line":68,"column":25}},"22":{"start":{"line":69,"column":40},"end":{"line":69,"column":null}},"23":{"start":{"line":70,"column":2},"end":{"line":79,"column":null}},"24":{"start":{"line":70,"column":14},"end":{"line":70,"column":17}},"25":{"start":{"line":71,"column":15},"end":{"line":71,"column":21}},"26":{"start":{"line":72,"column":4},"end":{"line":72,"column":null}},"27":{"start":{"line":72,"column":46},"end":{"line":72,"column":null}},"28":{"start":{"line":73,"column":4},"end":{"line":73,"column":8}},"29":{"start":{"line":80,"column":2},"end":{"line":80,"column":9}},"30":{"start":{"line":86,"column":37},"end":{"line":86,"column":41}},"31":{"start":{"line":88,"column":41},"end":{"line":88,"column":48}},"32":{"start":{"line":94,"column":28},"end":{"line":94,"column":29}},"33":{"start":{"line":97,"column":17},"end":{"line":97,"column":22}},"34":{"start":{"line":97,"column":52},"end":{"line":97,"column":53}},"35":{"start":{"line":98,"column":6},"end":{"line":98,"column":13}},"36":{"start":{"line":98,"column":21},"end":{"line":98,"column":25}},"37":{"start":{"line":102,"column":32},"end":{"line":102,"column":38}},"38":{"start":{"line":105,"column":6},"end":{"line":105,"column":7}},"39":{"start":{"line":109,"column":61},"end":{"line":109,"column":67}},"40":{"start":{"line":113,"column":4},"end":{"line":113,"column":11}},"41":{"start":{"line":124,"column":31},"end":{"line":124,"column":49}},"42":{"start":{"line":125,"column":13},"end":{"line":125,"column":17}},"43":{"start":{"line":129,"column":35},"end":{"line":129,"column":53}},"44":{"start":{"line":130,"column":13},"end":{"line":130,"column":17}},"45":{"start":{"line":130,"column":68},"end":{"line":130,"column":75}},"46":{"start":{"line":130,"column":94},"end":{"line":130,"column":101}},"47":{"start":{"line":135,"column":33},"end":{"line":135,"column":51}},"48":{"start":{"line":136,"column":15},"end":{"line":136,"column":19}},"49":{"start":{"line":139,"column":24},"end":{"line":142,"column":null}},"50":{"start":{"line":140,"column":2},"end":{"line":140,"column":8}},"51":{"start":{"line":141,"column":2},"end":{"line":141,"column":9}}},"fnMap":{"0":{"name":"moment","decl":{"start":{"line":15,"column":6},"end":{"line":15,"column":12}},"loc":{"start":{"line":15,"column":15},"end":{"line":15,"column":16}}},"1":{"name":"miladi","decl":{"start":{"line":16,"column":6},"end":{"line":16,"column":12}},"loc":{"start":{"line":16,"column":15},"end":{"line":16,"column":16}}},"2":{"name":"present","decl":{"start":{"line":46,"column":13},"end":{"line":46,"column":20}},"loc":{"start":{"line":46,"column":23},"end":{"line":46,"column":30}}},"3":{"name":"_callee","decl":{"start":{"line":46,"column":69},"end":{"line":46,"column":null}},"loc":{"start":{"line":46,"column":69},"end":{"line":46,"column":null}}},"4":{"name":"importInitialCycleConfig","decl":{"start":{"line":67,"column":13},"end":{"line":67,"column":37}},"loc":{"start":{"line":67,"column":51},"end":{"line":81,"column":null}}},"5":{"name":"getMonthList","decl":{"start":{"line":94,"column":13},"end":{"line":94,"column":25}},"loc":{"start":{"line":94,"column":28},"end":{"line":94,"column":29}}},"6":{"name":"(anonymous_13)","decl":{"start":{"line":96,"column":6},"end":{"line":96,"column":7}},"loc":{"start":{"line":96,"column":19},"end":{"line":99,"column":null}}},"7":{"name":"(anonymous_14)","decl":{"start":{"line":97,"column":52},"end":{"line":97,"column":53}},"loc":{"start":{"line":97,"column":52},"end":{"line":97,"column":53}}},"8":{"name":"(anonymous_15)","decl":{"start":{"line":98,"column":20},"end":{"line":98,"column":21}},"loc":{"start":{"line":98,"column":21},"end":{"line":98,"column":25}}},"9":{"name":"(anonymous_16)","decl":{"start":{"line":105,"column":6},"end":{"line":105,"column":7}},"loc":{"start":{"line":105,"column":6},"end":{"line":105,"column":7}}},"10":{"name":"(anonymous_17)","decl":{"start":{"line":112,"column":6},"end":{"line":112,"column":7}},"loc":{"start":{"line":112,"column":12},"end":{"line":120,"column":null}}},"11":{"name":"(anonymous_18)","decl":{"start":{"line":125,"column":12},"end":{"line":125,"column":13}},"loc":{"start":{"line":125,"column":13},"end":{"line":125,"column":17}}},"12":{"name":"(anonymous_19)","decl":{"start":{"line":130,"column":12},"end":{"line":130,"column":13}},"loc":{"start":{"line":130,"column":13},"end":{"line":130,"column":17}}},"13":{"name":"(anonymous_20)","decl":{"start":{"line":130,"column":60},"end":{"line":130,"column":61}},"loc":{"start":{"line":130,"column":66},"end":{"line":130,"column":null}}},"14":{"name":"(anonymous_21)","decl":{"start":{"line":136,"column":12},"end":{"line":136,"column":15}},"loc":{"start":{"line":136,"column":15},"end":{"line":136,"column":19}}},"15":{"name":"dispatch","decl":{"start":{"line":139,"column":13},"end":{"line":139,"column":21}},"loc":{"start":{"line":139,"column":56},"end":{"line":142,"column":null}}}},"branchMap":{"0":{"loc":{"start":{"line":46,"column":69},"end":{"line":46,"column":null}},"type":"switch","locations":[{"start":{"line":46,"column":69},"end":{"line":46,"column":null}},{"start":{"line":46,"column":69},"end":{"line":46,"column":null}},{"start":{"line":46,"column":69},"end":{"line":46,"column":null}},{"start":{"line":46,"column":69},"end":{"line":60,"column":18}},{"start":{"line":46,"column":69},"end":{"line":46,"column":null}},{"start":{"line":46,"column":69},"end":{"line":46,"column":null}},{"start":{"line":46,"column":69},"end":{"line":46,"column":null}}]},"1":{"loc":{"start":{"line":46,"column":69},"end":{"line":46,"column":null}},"type":"cond-expr","locations":[{"start":{"line":46,"column":69},"end":{"line":46,"column":null}},{"start":{"line":46,"column":69},"end":{"line":46,"column":null}}]},"2":{"loc":{"start":{"line":72,"column":4},"end":{"line":72,"column":null}},"type":"if","locations":[{"start":{"line":72,"column":4},"end":{"line":72,"column":null}},{"start":{"line":72,"column":4},"end":{"line":72,"column":null}}]},"3":{"loc":{"start":{"line":76,"column":30},"end":{"line":76,"column":37}},"type":"cond-expr","locations":[{"start":{"line":76,"column":30},"end":{"line":76,"column":37}},{"start":{"line":76,"column":37},"end":{"line":76,"column":null}}]}},"s":{"0":0,"1":0,"2":0,"3":0,"4":0,"5":0,"6":0,"7":0,"8":0,"9":0,"10":0,"11":0,"12":0,"13":0,"14":0,"15":0,"16":0,"17":0,"18":0,"19":0,"20":0,"21":0,"22":0,"23":0,"24":0,"25":0,"26":0,"27":0,"28":0,"29":0,"30":0,"31":0,"32":0,"33":0,"34":0,"35":0,"36":0,"37":0,"38":0,"39":0,"40":0,"41":0,"42":0,"43":0,"44":0,"45":0,"46":0,"47":0,"48":0,"49":0,"50":0,"51":0},"f":{"0":0,"1":0,"2":0,"3":0,"4":0,"5":0,"6":0,"7":0,"8":0,"9":0,"10":0,"11":0,"12":0,"13":0,"14":0,"15":0},"b":{"0":[0,0,0,0,0,0,0],"1":[0,0],"2":[0,0],"3":[0,0]}}
}
