TN:
SF:/home/sepidar/Projects/vania/src/config.ts
FNF:0
FNH:0
DA:1,0
DA:16,0
DA:18,0
LF:3
LH:0
BRF:0
BRH:0
end_of_record
TN:
SF:/home/sepidar/Projects/vania/src/local-storage.ts
FN:13,(anonymous_0)
FN:22,saveTempScale
FN:32,saveTempReminder
FN:42,savePeriodReminder
FN:50,saveUseCervix
FN:58,saveEncryptionFlag
FN:63,getLicenseFlag
FN:67,saveLicenseFlag
FN:71,setObvWithInitValue
FN:82,saveInitialCycleConfig
FN:87,getInitialCycleConfig
FNF:11
FNH:0
FNDA:0,(anonymous_0)
FNDA:0,saveTempScale
FNDA:0,saveTempReminder
FNDA:0,savePeriodReminder
FNDA:0,saveUseCervix
FNDA:0,saveEncryptionFlag
FNDA:0,getLicenseFlag
FNDA:0,saveLicenseFlag
FNDA:0,setObvWithInitValue
FNDA:0,saveInitialCycleConfig
FNDA:0,getInitialCycleConfig
DA:1,0
DA:2,0
DA:3,0
DA:5,0
DA:6,0
DA:11,0
DA:12,0
DA:13,0
DA:14,0
DA:15,0
DA:16,0
DA:18,0
DA:23,0
DA:24,0
DA:27,0
DA:28,0
DA:33,0
DA:34,0
DA:37,0
DA:38,0
DA:43,0
DA:44,0
DA:47,0
DA:48,0
DA:51,0
DA:52,0
DA:55,0
DA:56,0
DA:59,0
DA:60,0
DA:64,0
DA:68,0
DA:72,0
DA:74,0
DA:75,0
DA:77,0
DA:79,0
DA:83,0
DA:84,0
DA:88,0
LF:40
LH:0
BRDA:15,0,0,0
BRDA:15,0,1,0
BRDA:74,1,0,0
BRDA:74,1,1,0
BRF:4
BRH:0
end_of_record
TN:
SF:/home/sepidar/Projects/vania/src/boot/picker.ts
FN:5,_default
FNF:1
FNH:0
FNDA:0,_default
DA:1,0
DA:2,0
DA:5,0
DA:6,0
LF:4
LH:0
BRF:0
BRH:0
end_of_record
TN:
SF:/home/sepidar/Projects/vania/src/boot/rx.ts
FN:6,_default
FNF:1
FNH:0
FNDA:0,_default
DA:1,0
DA:2,0
DA:6,0
DA:7,0
LF:4
LH:0
BRF:0
BRH:0
end_of_record
TN:
SF:/home/sepidar/Projects/vania/src/components/style-radio.vue
FN:47,change
FN:52,shouldBeChecked
FN:57,updateInput
FNF:3
FNH:0
FNDA:0,change
FNDA:0,shouldBeChecked
FNDA:0,updateInput
DA:48,0
DA:53,0
DA:58,0
LF:3
LH:0
BRDA:48,0,0,0
BRDA:48,0,1,0
BRF:2
BRH:0
end_of_record
TN:
SF:/home/sepidar/Projects/vania/src/db/db-unchanged.js
FN:5,(anonymous_0)
FN:6,(anonymous_1)
FNF:2
FNH:0
FNDA:0,(anonymous_0)
FNDA:0,(anonymous_1)
DA:6,0
LF:1
LH:0
BRF:0
BRH:0
end_of_record
TN:
SF:/home/sepidar/Projects/vania/src/db/index.ts
FN:13,getBleedingDaysSortedByDate
FN:17,(anonymous_9)
FN:24,(anonymous_10)
FN:30,getTemperatureDaysSortedByDate
FN:38,(anonymous_14)
FN:44,getCycleDaysSortedByDate
FN:52,(anonymous_18)
FN:59,getCycleStartsSortedByDate
FN:66,(anonymous_22)
FN:67,(anonymous_23)
FN:75,saveCycleDay
FN:77,(anonymous_27)
FN:84,saveBulkCycleDay
FN:88,saveSymptom
FN:126,_ref2
FN:131,(anonymous_35)
FN:114,_ref
FN:94,(anonymous_37)
FN:135,bleedingValueDeleted
FN:139,bleedingValueAddedOrChanged
FN:143,updateCycleStartsForAllCycleDays
FN:149,(anonymous_43)
FN:167,createCycleDay
FN:168,(anonymous_45)
FN:175,getCycleDay
FN:180,getCycleDaysInRange
FN:194,(anonymous_48)
FN:197,getPreviousTemperature
FN:200,(anonymous_52)
FN:222,getAmountOfCycleDays
FN:239,tryToImportWithDelete
FN:245,(anonymous_59)
FN:246,(anonymous_60)
FN:252,(anonymous_61)
FN:261,tryToImportWithoutDelete
FN:264,(anonymous_65)
FN:266,(anonymous_66)
FNF:37
FNH:0
FNDA:0,getBleedingDaysSortedByDate
FNDA:0,(anonymous_9)
FNDA:0,(anonymous_10)
FNDA:0,getTemperatureDaysSortedByDate
FNDA:0,(anonymous_14)
FNDA:0,getCycleDaysSortedByDate
FNDA:0,(anonymous_18)
FNDA:0,getCycleStartsSortedByDate
FNDA:0,(anonymous_22)
FNDA:0,(anonymous_23)
FNDA:0,saveCycleDay
FNDA:0,(anonymous_27)
FNDA:0,saveBulkCycleDay
FNDA:0,saveSymptom
FNDA:0,_ref2
FNDA:0,(anonymous_35)
FNDA:0,_ref
FNDA:0,(anonymous_37)
FNDA:0,bleedingValueDeleted
FNDA:0,bleedingValueAddedOrChanged
FNDA:0,updateCycleStartsForAllCycleDays
FNDA:0,(anonymous_43)
FNDA:0,createCycleDay
FNDA:0,(anonymous_45)
FNDA:0,getCycleDay
FNDA:0,getCycleDaysInRange
FNDA:0,(anonymous_48)
FNDA:0,getPreviousTemperature
FNDA:0,(anonymous_52)
FNDA:0,getAmountOfCycleDays
FNDA:0,tryToImportWithDelete
FNDA:0,(anonymous_59)
FNDA:0,(anonymous_60)
FNDA:0,(anonymous_61)
FNDA:0,tryToImportWithoutDelete
FNDA:0,(anonymous_65)
FNDA:0,(anonymous_66)
DA:1,1
DA:2,1
DA:3,1
DA:4,1
DA:5,1
DA:6,1
DA:8,1
DA:9,1
DA:11,1
DA:15,0
DA:17,0
DA:24,0
DA:26,0
DA:32,0
DA:38,0
DA:40,0
DA:46,0
DA:52,0
DA:54,0
DA:61,0
DA:66,0
DA:67,0
DA:70,0
DA:76,0
DA:78,0
DA:79,0
DA:80,0
DA:89,0
DA:92,0
DA:95,0
DA:96,0
DA:98,0
DA:99,0
DA:100,0
DA:101,0
DA:102,0
DA:103,0
DA:104,0
DA:105,0
DA:106,0
DA:107,0
DA:109,0
DA:111,0
DA:118,0
DA:119,0
DA:120,0
DA:121,0
DA:122,0
DA:130,0
DA:131,0
DA:136,0
DA:140,0
DA:145,0
DA:146,0
DA:149,0
DA:150,0
DA:151,0
DA:153,0
DA:162,0
DA:168,0
DA:169,0
DA:170,0
DA:171,0
DA:176,0
DA:177,0
DA:180,1
DA:181,0
DA:183,0
DA:184,0
DA:186,0
DA:188,0
DA:189,0
DA:194,0
DA:199,0
DA:201,0
DA:223,0
DA:242,0
DA:246,0
DA:247,0
DA:252,0
DA:253,0
DA:264,0
DA:266,0
DA:267,0
DA:268,0
LF:85
LH:10
BRDA:119,0,0,0
BRDA:119,0,1,0
BRDA:121,1,0,0
BRDA:121,1,1,0
BRDA:95,2,0,0
BRDA:95,2,1,0
BRDA:98,3,0,0
BRDA:98,3,1,0
BRDA:103,4,0,0
BRDA:103,4,1,0
BRDA:136,5,0,0
BRDA:136,5,1,0
BRDA:140,6,0,0
BRDA:140,6,1,0
BRDA:150,7,0,0
BRDA:150,7,1,0
BRDA:183,8,0,0
BRDA:183,8,1,0
BRF:18
BRH:0
end_of_record
TN:
SF:/home/sepidar/Projects/vania/src/events/lunar.ts
FNF:0
FNH:0
DA:1,0
LF:1
LH:0
BRF:0
BRH:0
end_of_record
TN:
SF:/home/sepidar/Projects/vania/src/events/moon-in-scorpio.ts
FNF:0
FNH:0
DA:8,0
LF:1
LH:0
BRF:0
BRH:0
end_of_record
TN:
SF:/home/sepidar/Projects/vania/src/events/persian.ts
FNF:0
FNH:0
DA:1,0
LF:1
LH:0
BRF:0
BRH:0
end_of_record
TN:
SF:/home/sepidar/Projects/vania/src/events/solar.ts
FNF:0
FNH:0
DA:1,0
LF:1
LH:0
BRF:0
BRH:0
end_of_record
TN:
SF:/home/sepidar/Projects/vania/src/i18n/en/cycle-day.ts
FNF:0
FNH:0
DA:1,0
DA:2,0
DA:4,0
DA:16,0
DA:32,0
DA:45,0
DA:50,0
DA:59,0
DA:75,0
DA:89,0
DA:105,0
DA:124,0
DA:143,0
DA:145,0
LF:14
LH:0
BRF:0
BRH:0
end_of_record
TN:
SF:/home/sepidar/Projects/vania/src/i18n/en/labels.ts
FN:73,predictionInFuture
FN:74,predictionStartedXDaysLeft
FN:77,predictionInPast
FN:97,cycleDayKnown
FN:101,phase
FN:104,getDaysDescriptor
FN:118,postOvuText
FNF:7
FNH:0
FNDA:0,predictionInFuture
FNDA:0,predictionStartedXDaysLeft
FNDA:0,predictionInPast
FNDA:0,cycleDayKnown
FNDA:0,phase
FNDA:0,getDaysDescriptor
FNDA:0,postOvuText
DA:1,0
DA:2,0
DA:4,0
DA:23,0
DA:47,0
DA:55,0
DA:71,0
DA:73,0
DA:74,0
DA:77,0
DA:80,0
DA:92,0
DA:97,0
DA:101,0
DA:104,0
DA:105,0
DA:106,0
DA:107,0
DA:110,0
DA:119,0
LF:20
LH:0
BRDA:105,0,0,0
BRDA:105,0,1,0
BRDA:106,1,0,0
BRDA:106,1,1,0
BRF:4
BRH:0
end_of_record
TN:
SF:/home/sepidar/Projects/vania/src/i18n/fa/cycle-day.ts
FNF:0
FNH:0
DA:1,0
DA:2,0
DA:4,0
DA:16,0
DA:32,0
DA:45,0
DA:50,0
DA:56,0
DA:72,0
DA:95,0
DA:113,0
DA:132,0
DA:134,0
LF:13
LH:0
BRF:0
BRH:0
end_of_record
TN:
SF:/home/sepidar/Projects/vania/src/i18n/fa/labels.ts
FN:79,predictionInFuture
FN:80,predictionStartedXDaysLeft
FN:83,predictionInPast
FN:103,cycleDayKnown
FN:107,phase
FN:110,getDaysDescriptor
FN:124,postOvuText
FNF:7
FNH:0
FNDA:0,predictionInFuture
FNDA:0,predictionStartedXDaysLeft
FNDA:0,predictionInPast
FNDA:0,cycleDayKnown
FNDA:0,phase
FNDA:0,getDaysDescriptor
FNDA:0,postOvuText
DA:1,0
DA:2,0
DA:4,0
DA:23,0
DA:47,0
DA:55,0
DA:61,0
DA:77,0
DA:79,0
DA:80,0
DA:83,0
DA:86,0
DA:98,0
DA:103,0
DA:107,0
DA:110,0
DA:111,0
DA:112,0
DA:113,0
DA:116,0
DA:125,0
DA:133,0
LF:22
LH:0
BRDA:111,0,0,0
BRDA:111,0,1,0
BRDA:112,1,0,0
BRDA:112,1,1,0
BRF:4
BRH:0
end_of_record
TN:
SF:/home/sepidar/Projects/vania/src/i18n/fa/settings.ts
FN:85,timeSet
FN:92,notification
FNF:2
FNH:0
FNDA:0,timeSet
FNDA:0,notification
DA:2,0
DA:20,0
DA:85,0
DA:92,0
LF:4
LH:0
BRF:0
BRH:0
end_of_record
TN:
SF:/home/sepidar/Projects/vania/src/i18n/fa/symptom-info.ts
FNF:0
FNH:0
DA:1,0
DA:3,0
DA:14,0
LF:3
LH:0
BRF:0
BRH:0
end_of_record
TN:
SF:/home/sepidar/Projects/vania/src/lib/calendar.ts
FN:8,moment
FN:11,computeDaysInMonth
FN:30,daysInMonth
FN:32,(anonymous_3)
FNF:4
FNH:0
FNDA:0,moment
FNDA:0,computeDaysInMonth
FNDA:0,daysInMonth
FNDA:0,(anonymous_3)
DA:1,0
DA:2,0
DA:3,0
DA:5,0
DA:6,0
DA:8,0
DA:11,0
DA:12,0
DA:13,0
DA:16,0
DA:17,0
DA:19,0
DA:30,0
DA:32,0
LF:14
LH:0
BRF:0
BRH:0
end_of_record
TN:
SF:/home/sepidar/Projects/vania/src/lib/cycle-length.ts
FN:14,getCycleLengthStats
FN:17,(anonymous_1)
FN:37,(anonymous_2)
FN:49,getSum
FN:53,throwIfArgsAreNotInRequiredFormat
FN:56,(anonymous_5)
FNF:6
FNH:6
FNDA:15,getCycleLengthStats
FNDA:88,(anonymous_1)
FNDA:59,(anonymous_2)
FNDA:100,getSum
FNDA:15,throwIfArgsAreNotInRequiredFormat
FNDA:69,(anonymous_5)
DA:1,2
DA:15,15
DA:16,11
DA:17,11
DA:18,88
DA:20,11
DA:21,11
DA:22,11
DA:26,11
DA:27,7
DA:31,4
DA:32,4
DA:36,11
DA:37,9
DA:38,59
DA:40,9
DA:44,2
DA:46,11
DA:50,100
DA:54,15
DA:55,14
DA:56,13
DA:57,69
DA:58,68
LF:24
LH:24
BRDA:26,0,0,7
BRDA:26,0,1,4
BRDA:36,1,0,9
BRDA:36,1,1,2
BRF:4
BRH:4
end_of_record
TN:
SF:/home/sepidar/Projects/vania/src/lib/cycle.ts
FN:9,config
FN:192,_ref12
FN:181,_ref11
FN:183,(anonymous_11)
FN:184,(anonymous_12)
FN:189,(anonymous_13)
FN:153,_ref10
FN:157,(anonymous_15)
FN:165,recurse
FN:174,isWithinThreshold
FN:131,_ref9
FN:138,noBleedingDayWithinThresholdBefore
FN:142,(anonymous_20)
FN:144,(anonymous_21)
FN:124,_ref8
FN:102,_ref7
FN:104,(anonymous_24)
FN:105,(anonymous_25)
FN:90,_ref6
FN:91,(anonymous_27)
FN:97,(anonymous_28)
FN:99,(anonymous_29)
FN:81,_ref5
FN:69,_ref4
FN:47,_ref3
FN:43,_ref2
FN:44,(anonymous_34)
FN:39,_ref
FN:40,(anonymous_36)
FNF:29
FNH:26
FNDA:40,config
FNDA:9,_ref12
FNDA:9,_ref11
FNDA:25,(anonymous_11)
FNDA:25,(anonymous_12)
FNDA:25,(anonymous_13)
FNDA:8,_ref10
FNDA:19,(anonymous_15)
FNDA:15,recurse
FNDA:9,isWithinThreshold
FNDA:12,_ref9
FNDA:1,noBleedingDayWithinThresholdBefore
FNDA:1,(anonymous_20)
FNDA:1,(anonymous_21)
FNDA:6,_ref8
FNDA:13,_ref7
FNDA:65,(anonymous_24)
FNDA:37,(anonymous_25)
FNDA:2,_ref6
FNDA:4,(anonymous_27)
FNDA:6,(anonymous_28)
FNDA:6,(anonymous_29)
FNDA:4,_ref5
FNDA:5,_ref4
FNDA:0,_ref3
FNDA:0,_ref2
FNDA:0,(anonymous_34)
FNDA:15,_ref
FNDA:30,(anonymous_36)
DA:1,1
DA:3,1
DA:4,1
DA:6,1
DA:7,1
DA:21,0
DA:22,0
DA:23,0
DA:25,0
DA:26,0
DA:27,0
DA:28,0
DA:30,40
DA:31,40
DA:32,40
DA:33,40
DA:34,40
DA:35,40
DA:36,40
DA:40,30
DA:44,0
DA:47,0
DA:48,0
DA:49,0
DA:50,0
DA:51,0
DA:52,0
DA:53,0
DA:54,0
DA:55,0
DA:56,0
DA:57,0
DA:58,0
DA:59,0
DA:60,0
DA:61,0
DA:62,0
DA:63,0
DA:66,0
DA:70,5
DA:71,5
DA:72,4
DA:73,4
DA:74,4
DA:76,4
DA:78,3
DA:82,4
DA:83,4
DA:84,3
DA:85,3
DA:86,3
DA:87,2
DA:91,2
DA:92,4
DA:94,2
DA:95,2
DA:97,6
DA:99,6
DA:103,13
DA:104,65
DA:105,37
DA:106,13
DA:107,13
DA:110,13
DA:111,12
DA:115,12
DA:116,12
DA:118,1
DA:119,1
DA:121,13
DA:125,6
DA:126,6
DA:127,6
DA:128,5
DA:132,12
DA:133,1
DA:134,0
DA:139,1
DA:140,1
DA:141,1
DA:142,1
DA:143,1
DA:144,1
DA:145,1
DA:154,8
DA:157,8
DA:158,19
DA:160,8
DA:166,15
DA:167,15
DA:168,9
DA:169,7
DA:170,7
DA:175,9
DA:176,9
DA:177,9
DA:182,9
DA:183,25
DA:185,25
DA:186,17
DA:187,17
DA:189,25
DA:194,9
DA:196,9
DA:197,4
DA:200,5
DA:201,5
DA:204,5
DA:205,1
DA:206,4
DA:207,2
DA:209,2
DA:211,5
DA:212,0
DA:215,5
DA:216,5
DA:217,5
DA:218,5
DA:219,15
DA:220,15
DA:221,15
DA:222,24
DA:223,15
DA:224,15
DA:226,9
DA:227,9
DA:231,5
LF:127
LH:99
BRDA:196,0,0,4
BRDA:196,0,1,5
BRDA:204,1,0,1
BRDA:204,1,1,4
BRDA:206,2,0,2
BRDA:206,2,1,2
BRDA:211,3,0,0
BRDA:211,3,1,5
BRDA:222,4,0,15
BRDA:222,4,1,9
BRDA:185,5,0,8
BRDA:185,5,1,17
BRDA:189,6,0,25
BRDA:189,6,1,17
BRDA:167,7,0,6
BRDA:167,7,1,9
BRDA:168,8,0,2
BRDA:168,8,1,7
BRDA:132,9,0,11
BRDA:132,9,1,1
BRDA:132,10,0,12
BRDA:132,10,1,1
BRDA:133,11,0,1
BRDA:133,11,1,0
BRDA:145,12,0,1
BRDA:145,12,1,1
BRDA:125,13,0,6
BRDA:125,13,1,0
BRDA:127,14,0,1
BRDA:127,14,1,5
BRDA:103,15,0,1
BRDA:103,15,1,12
BRDA:110,16,0,12
BRDA:110,16,1,1
BRDA:121,17,0,4
BRDA:121,17,1,9
BRDA:94,18,0,0
BRDA:94,18,1,2
BRDA:83,19,0,1
BRDA:83,19,1,3
BRDA:86,20,0,1
BRDA:86,20,1,2
BRDA:71,21,0,1
BRDA:71,21,1,4
BRDA:76,22,0,1
BRDA:76,22,1,3
BRDA:50,23,0,0
BRDA:50,23,1,0
BRDA:55,24,0,0
BRDA:55,24,1,0
BRDA:57,25,0,0
BRDA:57,25,1,0
BRDA:62,26,0,0
BRDA:62,26,1,0
BRDA:47,27,0,0
BRDA:47,27,1,0
BRDA:44,28,0,0
BRDA:44,28,1,0
BRDA:30,29,0,40
BRDA:30,29,1,21
BRDA:31,30,0,40
BRDA:31,30,1,15
BRDA:32,31,0,40
BRDA:32,31,1,9
BRDA:33,32,0,40
BRDA:33,32,1,36
BRDA:34,33,0,40
BRDA:34,33,1,33
BRDA:35,34,0,40
BRDA:35,34,1,36
BRDA:36,35,0,40
BRDA:36,35,1,40
BRF:72
BRH:56
end_of_record
TN:
SF:/home/sepidar/Projects/vania/src/lib/nfp-mucus.ts
FN:1,_default
FNF:1
FNH:1
FNDA:12,_default
DA:3,12
DA:5,12
DA:11,12
DA:16,12
DA:17,12
DA:18,12
LF:6
LH:6
BRDA:3,0,0,0
BRDA:3,0,1,12
BRDA:3,1,0,12
BRDA:3,1,1,12
BRDA:18,2,0,12
BRDA:18,2,1,1
BRF:6
BRH:5
end_of_record
TN:
SF:/home/sepidar/Projects/vania/src/lib/sympto-adapter.ts
FN:10,getFertilityStatusForDay
FN:22,(anonymous_9)
FN:43,getCycleStatusForDay
FN:73,formatStatus
FN:75,preOvulatory
FN:82,periOvulatory
FN:98,postOvulatory
FN:105,preOvulatoryStd
FN:112,periOvulatoryStd
FN:128,postOvulatoryStd
FN:140,formatCycleForSympto
FN:141,(anonymous_21)
FN:145,(anonymous_22)
FN:159,(anonymous_23)
FN:170,hasIncompleteCervixValue
FNF:15
FNH:0
FNDA:0,getFertilityStatusForDay
FNDA:0,(anonymous_9)
FNDA:0,getCycleStatusForDay
FNDA:0,formatStatus
FNDA:0,preOvulatory
FNDA:0,periOvulatory
FNDA:0,postOvulatory
FNDA:0,preOvulatoryStd
FNDA:0,periOvulatoryStd
FNDA:0,postOvulatoryStd
FNDA:0,formatCycleForSympto
FNDA:0,(anonymous_21)
FNDA:0,(anonymous_22)
FNDA:0,(anonymous_23)
FNDA:0,hasIncompleteCervixValue
DA:3,0
DA:4,0
DA:5,0
DA:6,0
DA:11,0
DA:19,0
DA:23,0
DA:24,0
DA:26,0
DA:27,0
DA:29,0
DA:31,0
DA:43,0
DA:49,0
DA:58,0
DA:59,0
DA:61,0
DA:62,0
DA:63,0
DA:64,0
DA:68,0
DA:74,0
DA:76,0
DA:84,0
DA:85,0
DA:87,0
DA:88,0
DA:90,0
DA:92,0
DA:99,0
DA:106,0
DA:114,0
DA:115,0
DA:117,0
DA:118,0
DA:120,0
DA:122,0
DA:129,0
DA:137,0
DA:141,0
DA:143,0
DA:145,0
DA:146,0
DA:147,0
DA:151,0
DA:152,0
DA:155,0
DA:156,0
DA:159,0
DA:160,0
DA:162,0
DA:163,0
DA:166,0
DA:167,0
DA:171,0
LF:55
LH:0
BRDA:26,0,0,0
BRDA:26,0,1,0
BRDA:31,1,0,0
BRDA:31,1,1,0
BRDA:36,2,0,0
BRDA:36,2,1,0
BRDA:36,2,2,0
BRDA:43,3,0,0
BRDA:43,3,1,0
BRDA:43,4,0,0
BRDA:43,4,1,0
BRDA:44,5,0,0
BRDA:44,5,1,0
BRDA:58,6,0,0
BRDA:58,6,1,0
BRDA:61,7,0,0
BRDA:61,7,1,0
BRDA:61,8,0,0
BRDA:61,8,1,0
BRDA:63,9,0,0
BRDA:63,9,1,0
BRDA:68,10,0,0
BRDA:68,10,1,0
BRDA:85,11,0,0
BRDA:85,11,1,0
BRDA:87,12,0,0
BRDA:87,12,1,0
BRDA:87,13,0,0
BRDA:87,13,1,0
BRDA:115,14,0,0
BRDA:115,14,1,0
BRDA:117,15,0,0
BRDA:117,15,1,0
BRDA:117,16,0,0
BRDA:117,16,1,0
BRDA:146,17,0,0
BRDA:146,17,1,0
BRDA:146,18,0,0
BRDA:146,18,1,0
BRDA:151,19,0,0
BRDA:151,19,1,0
BRDA:155,20,0,0
BRDA:155,20,1,0
BRDA:155,21,0,0
BRDA:155,21,1,0
BRDA:160,22,0,0
BRDA:160,22,1,0
BRDA:171,23,0,0
BRDA:171,23,1,0
BRDA:171,23,2,0
BRF:50
BRH:0
end_of_record
TN:
SF:/home/sepidar/Projects/vania/src/lib/cal-events/custom-event.ts
FNF:0
FNH:0
DA:15,0
LF:1
LH:0
BRF:0
BRH:0
end_of_record
TN:
SF:/home/sepidar/Projects/vania/src/lib/cal-events/event.ts
FN:13,getBadTimeEvents
FN:28,(anonymous_1)
FN:29,(anonymous_2)
FN:78,edit
FNF:4
FNH:0
FNDA:0,getBadTimeEvents
FNDA:0,(anonymous_1)
FNDA:0,(anonymous_2)
FNDA:0,edit
DA:2,0
DA:7,0
DA:8,0
DA:10,0
DA:13,0
DA:14,0
DA:15,0
DA:16,0
DA:27,0
DA:28,0
DA:29,0
DA:78,0
DA:79,0
LF:13
LH:0
BRF:0
BRH:0
end_of_record
TN:
SF:/home/sepidar/Projects/vania/src/lib/import-export/export-to-csv.js
FN:4,transformToCsv
FN:7,(anonymous_1)
FN:8,(anonymous_2)
FN:13,(anonymous_3)
FN:18,csvify
FNF:5
FNH:0
FNDA:0,transformToCsv
FNDA:0,(anonymous_1)
FNDA:0,(anonymous_2)
FNDA:0,(anonymous_3)
FNDA:0,csvify
DA:5,0
DA:6,0
DA:8,0
DA:9,0
DA:10,0
DA:13,0
DA:14,0
DA:15,0
DA:21,0
DA:23,0
DA:25,0
DA:33,0
LF:12
LH:0
BRDA:10,0,0,0
BRDA:10,0,1,0
BRDA:25,1,0,0
BRDA:25,1,1,0
BRDA:25,1,2,0
BRDA:25,1,3,0
BRDA:25,1,4,0
BRDA:25,1,5,0
BRDA:33,2,0,0
BRDA:33,2,1,0
BRF:10
BRH:0
end_of_record
TN:
SF:/home/sepidar/Projects/vania/src/lib/import-export/get-csv-column-names.js
FN:3,getColumnNamesForCsv
FN:6,getPrefixedKeys
FN:9,(anonymous_2)
FNF:3
FNH:0
FNDA:0,getColumnNamesForCsv
FNDA:0,getPrefixedKeys
FNDA:0,(anonymous_2)
DA:4,0
DA:7,0
DA:8,0
DA:9,0
DA:12,0
DA:13,0
DA:14,0
DA:15,0
DA:16,0
DA:17,0
DA:19,0
DA:20,0
LF:12
LH:0
BRDA:12,0,0,0
BRDA:12,0,1,0
BRDA:13,1,0,0
BRDA:13,1,1,0
BRDA:15,2,0,0
BRDA:15,2,1,0
BRF:6
BRH:0
end_of_record
TN:
SF:/home/sepidar/Projects/vania/src/lib/import-export/import-from-csv.js
FN:13,importCsv
FN:15,(anonymous_1)
FN:23,(anonymous_2)
FN:26,parseNumberIfPossible
FN:36,(anonymous_4)
FN:39,(anonymous_5)
FN:63,validateHeaders
FN:65,(anonymous_7)
FN:73,putNullForEmptySymptoms
FN:76,replaceWithNullIfAllPropertiesAreNull
FN:77,(anonymous_10)
FN:79,(anonymous_11)
FN:88,getDbType
FN:95,throwIfFutureData
FN:100,(anonymous_14)
FNF:15
FNH:0
FNDA:0,importCsv
FNDA:0,(anonymous_1)
FNDA:0,(anonymous_2)
FNDA:0,parseNumberIfPossible
FNDA:0,(anonymous_4)
FNDA:0,(anonymous_5)
FNDA:0,validateHeaders
FNDA:0,(anonymous_7)
FNDA:0,putNullForEmptySymptoms
FNDA:0,replaceWithNullIfAllPropertiesAreNull
FNDA:0,(anonymous_10)
FNDA:0,(anonymous_11)
FNDA:0,getDbType
FNDA:0,throwIfFutureData
FNDA:0,(anonymous_14)
DA:14,0
DA:16,0
DA:17,0
DA:18,0
DA:23,0
DA:29,0
DA:30,0
DA:33,0
DA:34,0
DA:37,0
DA:38,0
DA:39,0
DA:40,0
DA:41,0
DA:43,0
DA:47,0
DA:52,0
DA:53,0
DA:55,0
DA:56,0
DA:58,0
DA:60,0
DA:64,0
DA:65,0
DA:66,0
DA:68,0
DA:69,0
DA:74,0
DA:77,0
DA:78,0
DA:79,0
DA:80,0
DA:81,0
DA:83,0
DA:89,0
DA:90,0
DA:91,0
DA:92,0
DA:96,0
DA:97,0
DA:98,0
DA:100,0
DA:101,0
LF:43
LH:0
BRDA:16,0,0,0
BRDA:16,0,1,0
BRDA:17,1,0,0
BRDA:17,1,1,0
BRDA:29,2,0,0
BRDA:29,2,1,0
BRDA:29,3,0,0
BRDA:29,3,1,0
BRDA:40,4,0,0
BRDA:40,4,1,0
BRDA:55,5,0,0
BRDA:55,5,1,0
BRDA:65,6,0,0
BRDA:65,6,1,0
BRDA:78,7,0,0
BRDA:78,7,1,0
BRDA:79,8,0,0
BRDA:79,8,1,0
BRDA:90,9,0,0
BRDA:90,9,1,0
BRDA:100,10,0,0
BRDA:100,10,1,0
BRDA:100,11,0,0
BRDA:100,11,1,0
BRDA:100,12,0,0
BRDA:100,12,1,0
BRF:26
BRH:0
end_of_record
TN:
SF:/home/sepidar/Projects/vania/src/lib/sympto/cervix.ts
FN:4,_default
FN:7,(anonymous_1)
FN:8,(anonymous_2)
FN:26,(anonymous_3)
FN:41,(anonymous_4)
FN:43,(anonymous_5)
FN:59,isClosedAndHard
FNF:7
FNH:7
FNDA:9,_default
FNDA:128,(anonymous_1)
FNDA:128,(anonymous_2)
FNDA:58,(anonymous_3)
FNDA:25,(anonymous_4)
FNDA:21,(anonymous_5)
FNDA:167,isClosedAndHard
DA:5,9
DA:6,9
DA:7,128
DA:8,128
DA:18,9
DA:19,88
DA:20,88
DA:23,50
DA:24,50
DA:26,45
DA:27,58
DA:29,45
DA:31,5
DA:35,5
DA:39,4
DA:41,25
DA:43,4
DA:44,21
DA:47,4
DA:48,3
DA:56,5
DA:60,167
LF:22
LH:22
BRDA:7,0,0,128
BRDA:7,0,1,128
BRDA:8,1,0,128
BRDA:8,1,1,128
BRDA:20,2,0,38
BRDA:20,2,1,50
BRDA:24,3,0,5
BRDA:24,3,1,45
BRDA:29,4,0,40
BRDA:29,4,1,5
BRDA:35,5,0,1
BRDA:35,5,1,4
BRDA:41,6,0,25
BRDA:41,6,1,25
BRDA:47,7,0,3
BRDA:47,7,1,1
BRDA:60,8,0,167
BRDA:60,8,1,94
BRF:18
BRH:18
end_of_record
TN:
SF:/home/sepidar/Projects/vania/src/lib/sympto/index.ts
FN:11,getSymptoThermalStatus
FN:113,throwIfArgsAreNotInRequiredFormat
FN:114,(anonymous_2)
FN:118,(anonymous_3)
FN:120,(anonymous_4)
FN:136,initializeStatus
FNF:6
FNH:0
FNDA:0,getSymptoThermalStatus
FNDA:0,throwIfArgsAreNotInRequiredFormat
FNDA:0,(anonymous_2)
FNDA:0,(anonymous_3)
FNDA:0,(anonymous_4)
FNDA:0,initializeStatus
DA:1,0
DA:2,0
DA:3,0
DA:4,0
DA:5,0
DA:6,0
DA:9,0
DA:11,0
DA:12,0
DA:13,0
DA:15,0
DA:19,0
DA:20,0
DA:24,0
DA:25,0
DA:30,0
DA:31,0
DA:32,0
DA:33,0
DA:40,0
DA:45,0
DA:47,0
DA:48,0
DA:49,0
DA:50,0
DA:51,0
DA:52,0
DA:54,0
DA:55,0
DA:56,0
DA:57,0
DA:58,0
DA:59,0
DA:62,0
DA:64,0
DA:66,0
DA:68,0
DA:69,0
DA:70,0
DA:71,0
DA:72,0
DA:75,0
DA:77,0
DA:78,0
DA:79,0
DA:81,0
DA:82,0
DA:83,0
DA:84,0
DA:87,0
DA:88,0
DA:90,0
DA:99,0
DA:100,0
DA:102,0
DA:103,0
DA:104,0
DA:105,0
DA:108,0
DA:110,0
DA:114,0
DA:115,0
DA:116,0
DA:117,0
DA:118,0
DA:119,0
DA:120,0
DA:121,0
DA:122,0
DA:123,0
DA:124,0
DA:125,0
DA:126,0
DA:127,0
DA:128,0
DA:129,0
DA:130,0
DA:131,0
DA:136,0
DA:137,0
DA:141,0
DA:142,0
DA:143,0
DA:144,0
DA:145,0
DA:150,0
DA:155,0
DA:160,0
LF:88
LH:0
BRDA:12,0,0,0
BRDA:12,0,1,0
BRDA:12,1,0,0
BRDA:12,1,1,0
BRDA:19,2,0,0
BRDA:19,2,1,0
BRDA:19,3,0,0
BRDA:19,3,1,0
BRDA:24,4,0,0
BRDA:24,4,1,0
BRDA:30,5,0,0
BRDA:30,5,1,0
BRDA:32,6,0,0
BRDA:32,6,1,0
BRDA:47,7,0,0
BRDA:47,7,1,0
BRDA:54,8,0,0
BRDA:54,8,1,0
BRDA:64,9,0,0
BRDA:64,9,1,0
BRDA:69,10,0,0
BRDA:69,10,1,0
BRDA:71,11,0,0
BRDA:71,11,1,0
BRDA:75,12,0,0
BRDA:75,12,1,0
BRDA:81,13,0,0
BRDA:81,13,1,0
BRDA:83,14,0,0
BRDA:83,14,1,0
BRDA:102,15,0,0
BRDA:102,15,1,0
BRDA:104,16,0,0
BRDA:104,16,1,0
BRDA:121,17,0,0
BRDA:121,17,1,0
BRDA:122,18,0,0
BRDA:122,18,1,0
BRDA:123,19,0,0
BRDA:123,19,1,0
BRDA:124,20,0,0
BRDA:124,20,1,0
BRDA:125,21,0,0
BRDA:125,21,1,0
BRDA:126,22,0,0
BRDA:126,22,1,0
BRDA:127,23,0,0
BRDA:127,23,1,0
BRDA:128,24,0,0
BRDA:128,24,1,0
BRDA:129,25,0,0
BRDA:129,25,1,0
BRDA:130,26,0,0
BRDA:130,26,1,0
BRDA:141,27,0,0
BRDA:141,27,1,0
BRF:56
BRH:0
end_of_record
TN:
SF:/home/sepidar/Projects/vania/src/lib/sympto/minus-8-day-rule.ts
FN:5,_default
FN:7,(anonymous_1)
FN:17,(anonymous_2)
FNF:3
FNH:0
FNDA:0,_default
FNDA:0,(anonymous_1)
FNDA:0,(anonymous_2)
DA:1,0
DA:2,0
DA:6,0
DA:8,0
DA:9,0
DA:10,0
DA:11,0
DA:12,0
DA:13,0
DA:15,0
DA:17,0
DA:19,0
DA:23,0
DA:24,0
DA:26,0
LF:15
LH:0
BRDA:9,0,0,0
BRDA:9,0,1,0
BRDA:23,1,0,0
BRDA:23,1,1,0
BRDA:24,2,0,0
BRDA:24,2,1,0
BRF:6
BRH:0
end_of_record
TN:
SF:/home/sepidar/Projects/vania/src/lib/sympto/mucus.ts
FN:4,_default
FN:6,(anonymous_1)
FN:25,(anonymous_2)
FN:40,(anonymous_3)
FN:42,(anonymous_4)
FNF:5
FNH:5
FNDA:6,_default
FNDA:90,(anonymous_1)
FNDA:27,(anonymous_2)
FNDA:15,(anonymous_3)
FNDA:8,(anonymous_4)
DA:5,6
DA:6,90
DA:7,6
DA:9,6
DA:10,56
DA:12,56
DA:13,11
DA:17,56
DA:19,30
DA:22,24
DA:23,24
DA:25,20
DA:26,27
DA:28,20
DA:30,3
DA:34,3
DA:38,3
DA:40,15
DA:42,3
DA:43,8
DA:46,3
DA:47,2
DA:55,4
LF:23
LH:23
BRDA:6,0,0,90
BRDA:6,0,1,80
BRDA:12,1,0,11
BRDA:12,1,1,45
BRDA:17,2,0,26
BRDA:17,2,1,30
BRDA:19,3,0,6
BRDA:19,3,1,24
BRDA:23,4,0,4
BRDA:23,4,1,20
BRDA:28,5,0,17
BRDA:28,5,1,3
BRDA:34,6,0,0
BRDA:34,6,1,3
BRDA:40,7,0,15
BRDA:40,7,1,15
BRDA:46,8,0,2
BRDA:46,8,1,1
BRF:18
BRH:17
end_of_record
TN:
SF:/home/sepidar/Projects/vania/src/lib/sympto/pre-ovulatory.ts
FN:6,_default
FN:14,(anonymous_1)
FN:39,getDaysUntilFertileSecondarySymptom
FN:40,(anonymous_3)
FNF:4
FNH:0
FNDA:0,_default
FNDA:0,(anonymous_1)
FNDA:0,getDaysUntilFertileSecondarySymptom
FNDA:0,(anonymous_3)
DA:1,0
DA:2,0
DA:7,0
DA:9,0
DA:10,0
DA:12,0
DA:13,0
DA:14,0
DA:15,0
DA:17,0
DA:19,0
DA:22,0
DA:23,0
DA:25,0
DA:28,0
DA:39,0
DA:40,0
DA:41,0
DA:42,0
DA:43,0
DA:44,0
DA:47,0
DA:50,0
DA:51,0
DA:53,0
LF:25
LH:0
BRDA:10,0,0,0
BRDA:10,0,1,0
BRDA:19,1,0,0
BRDA:19,1,1,0
BRDA:22,2,0,0
BRDA:22,2,1,0
BRDA:39,3,0,0
BRDA:39,3,1,0
BRDA:39,4,0,0
BRDA:39,4,1,0
BRDA:41,5,0,0
BRDA:41,5,1,0
BRDA:42,6,0,0
BRDA:42,6,1,0
BRDA:43,7,0,0
BRDA:43,7,1,0
BRDA:44,8,0,0
BRDA:44,8,1,0
BRDA:44,8,2,0
BRDA:44,8,3,0
BRDA:50,9,0,0
BRDA:50,9,1,0
BRF:22
BRH:0
end_of_record
TN:
SF:/home/sepidar/Projects/vania/src/lib/sympto/temperature.ts
FN:4,_default
FN:6,(anonymous_1)
FN:7,(anonymous_2)
FN:14,getLtl
FN:16,(anonymous_4)
FN:40,checkIfFirstHighMeasurement
FN:54,getResultForRegularRule
FN:55,(anonymous_7)
FN:66,getResultForFirstExceptionRule
FN:68,(anonymous_9)
FN:79,getResultForSecondExceptionRule
FN:95,secondOrThirdTempIsAtOrBelowLtl
FN:105,rounded
FN:118,isLessThan0Point2
FN:122,isBiggerOrEqual0Point2
FNF:15
FNH:15
FNDA:17,_default
FNDA:185,(anonymous_1)
FNDA:185,(anonymous_2)
FNDA:62,getLtl
FNDA:372,(anonymous_4)
FNDA:27,checkIfFirstHighMeasurement
FNDA:21,getResultForRegularRule
FNDA:39,(anonymous_7)
FNDA:18,getResultForFirstExceptionRule
FNDA:27,(anonymous_9)
FNDA:16,getResultForSecondExceptionRule
FNDA:11,secondOrThirdTempIsAtOrBelowLtl
FNDA:185,rounded
FNDA:9,isLessThan0Point2
FNDA:8,isBiggerOrEqual0Point2
DA:5,17
DA:6,185
DA:8,185
DA:15,62
DA:16,372
DA:17,62
DA:20,17
DA:22,163
DA:25,62
DA:26,62
DA:27,62
DA:29,27
DA:31,27
DA:32,8
DA:33,8
DA:37,9
DA:42,27
DA:43,6
DA:45,21
DA:47,21
DA:55,39
DA:56,9
DA:57,9
DA:58,3
DA:67,18
DA:68,27
DA:69,2
DA:70,2
DA:71,2
DA:80,16
DA:81,11
DA:82,8
DA:83,8
DA:84,3
DA:92,8
DA:96,11
DA:97,11
DA:98,11
DA:99,8
DA:101,3
DA:106,185
DA:108,185
DA:116,1
DA:119,9
DA:123,8
LF:45
LH:45
BRDA:6,0,0,185
BRDA:6,0,1,185
BRDA:22,1,0,101
BRDA:22,1,1,62
BRDA:27,2,0,35
BRDA:27,2,1,27
BRDA:31,3,0,8
BRDA:31,3,1,19
BRDA:42,4,0,6
BRDA:42,4,1,21
BRDA:48,5,0,21
BRDA:48,5,1,18
BRDA:48,5,2,16
BRDA:48,5,3,13
BRDA:55,6,0,12
BRDA:55,6,1,9
BRDA:57,7,0,6
BRDA:57,7,1,3
BRDA:67,8,0,5
BRDA:67,8,1,13
BRDA:68,9,0,11
BRDA:68,9,1,2
BRDA:70,10,0,0
BRDA:70,10,1,2
BRDA:80,11,0,5
BRDA:80,11,1,11
BRDA:81,12,0,8
BRDA:81,12,1,3
BRDA:83,13,0,3
BRDA:83,13,1,5
BRDA:98,14,0,8
BRDA:98,14,1,3
BRDA:98,15,0,11
BRDA:98,15,1,9
BRDA:98,15,2,10
BRDA:98,16,0,10
BRDA:98,16,1,2
BRF:37
BRH:36
end_of_record
TN:
SF:/home/sepidar/Projects/vania/src/router/index.ts
FN:13,_default
FN:15,scrollBehavior
FNF:2
FNH:0
FNDA:0,_default
FNDA:0,scrollBehavior
DA:1,0
DA:2,0
DA:4,0
DA:6,0
DA:14,0
DA:15,0
DA:25,0
LF:7
LH:0
BRF:0
BRH:0
end_of_record
TN:
SF:/home/sepidar/Projects/vania/src/router/routes.ts
FN:14,beforeEnter
FN:39,component
FNF:2
FNH:0
FNDA:0,beforeEnter
FNDA:0,component
DA:2,0
DA:3,0
DA:4,0
DA:5,0
DA:6,0
DA:7,0
DA:10,0
DA:15,0
DA:16,0
DA:17,0
DA:18,0
DA:20,0
DA:36,0
DA:37,0
DA:39,0
DA:43,0
LF:16
LH:0
BRDA:16,0,0,0
BRDA:16,0,1,0
BRDA:36,1,0,0
BRDA:36,1,1,0
BRF:4
BRH:0
end_of_record
TN:
SF:/home/sepidar/Projects/vania/src/state/cycle.ts
FN:9,moment
FN:11,calcuteCycle
FN:30,dayState
FNF:3
FNH:0
FNDA:0,moment
FNDA:0,calcuteCycle
FNDA:0,dayState
DA:2,0
DA:5,0
DA:6,0
DA:9,0
DA:11,0
DA:12,0
DA:13,0
DA:14,0
DA:15,0
DA:16,0
DA:17,0
DA:18,0
DA:19,0
DA:20,0
DA:22,0
DA:24,0
DA:25,0
DA:30,0
DA:31,0
DA:33,0
DA:39,0
DA:40,0
LF:22
LH:0
BRDA:13,0,0,0
BRDA:13,0,1,0
BRDA:16,1,0,0
BRDA:16,1,1,0
BRDA:17,2,0,0
BRDA:17,2,1,0
BRDA:19,3,0,0
BRDA:19,3,1,0
BRDA:19,4,0,0
BRDA:19,4,1,0
BRDA:24,5,0,0
BRDA:24,5,1,0
BRDA:24,6,0,0
BRDA:24,6,1,0
BRDA:25,7,0,0
BRDA:25,7,1,0
BRDA:39,8,0,0
BRDA:39,8,1,0
BRF:18
BRH:0
end_of_record
TN:
SF:/home/sepidar/Projects/vania/src/state/helper.ts
FN:8,toPersianDigit
FN:13,(anonymous_1)
FN:52,g2d
FN:59,div
FN:61,mod
FN:63,getJdHijri
FN:74,jdToHijri
FN:79,(anonymous_7)
FN:79,(anonymous_8)
FN:81,(anonymous_9)
FN:87,plus
FNF:11
FNH:0
FNDA:0,toPersianDigit
FNDA:0,(anonymous_1)
FNDA:0,g2d
FNDA:0,div
FNDA:0,mod
FNDA:0,getJdHijri
FNDA:0,jdToHijri
FNDA:0,(anonymous_7)
FNDA:0,(anonymous_8)
FNDA:0,(anonymous_9)
FNDA:0,plus
DA:1,0
DA:2,0
DA:5,0
DA:6,0
DA:8,0
DA:9,0
DA:10,0
DA:13,0
DA:14,0
DA:16,0
DA:18,0
DA:19,0
DA:23,0
DA:24,0
DA:28,0
DA:32,0
DA:33,0
DA:35,0
DA:52,0
DA:59,0
DA:61,0
DA:63,0
DA:65,0
DA:67,0
DA:71,0
DA:74,0
DA:75,0
DA:76,0
DA:79,0
DA:80,0
DA:81,0
DA:82,0
DA:83,0
DA:87,0
LF:34
LH:0
BRDA:9,0,0,0
BRDA:9,0,1,0
BRDA:25,1,0,0
BRDA:25,1,1,0
BRDA:25,2,0,0
BRDA:25,2,1,0
BRDA:67,3,0,0
BRDA:67,3,1,0
BRF:8
BRH:0
end_of_record
TN:
SF:/home/sepidar/Projects/vania/src/state/index.ts
FN:15,moment
FN:16,miladi
FN:46,present
FN:46,_callee
FN:67,importInitialCycleConfig
FN:94,getMonthList
FN:96,(anonymous_13)
FN:97,(anonymous_14)
FN:98,(anonymous_15)
FN:105,(anonymous_16)
FN:112,(anonymous_17)
FN:125,(anonymous_18)
FN:130,(anonymous_19)
FN:130,(anonymous_20)
FN:136,(anonymous_21)
FN:139,dispatch
FNF:16
FNH:0
FNDA:0,moment
FNDA:0,miladi
FNDA:0,present
FNDA:0,_callee
FNDA:0,importInitialCycleConfig
FNDA:0,getMonthList
FNDA:0,(anonymous_13)
FNDA:0,(anonymous_14)
FNDA:0,(anonymous_15)
FNDA:0,(anonymous_16)
FNDA:0,(anonymous_17)
FNDA:0,(anonymous_18)
FNDA:0,(anonymous_19)
FNDA:0,(anonymous_20)
FNDA:0,(anonymous_21)
FNDA:0,dispatch
DA:2,0
DA:3,0
DA:4,0
DA:6,0
DA:8,0
DA:9,0
DA:10,0
DA:12,0
DA:13,0
DA:15,0
DA:16,0
DA:36,0
DA:46,0
DA:49,0
DA:53,0
DA:54,0
DA:55,0
DA:56,0
DA:60,0
DA:67,0
DA:68,0
DA:69,0
DA:70,0
DA:71,0
DA:72,0
DA:73,0
DA:80,0
DA:86,0
DA:88,0
DA:94,0
DA:97,0
DA:98,0
DA:102,0
DA:105,0
DA:109,0
DA:113,0
DA:124,0
DA:125,0
DA:129,0
DA:130,0
DA:135,0
DA:136,0
DA:139,0
DA:140,0
DA:141,0
LF:45
LH:0
BRDA:46,0,0,0
BRDA:46,0,1,0
BRDA:46,0,2,0
BRDA:46,0,3,0
BRDA:46,0,4,0
BRDA:46,0,5,0
BRDA:46,0,6,0
BRDA:46,1,0,0
BRDA:46,1,1,0
BRDA:72,2,0,0
BRDA:72,2,1,0
BRDA:76,3,0,0
BRDA:76,3,1,0
BRF:13
BRH:0
end_of_record
