TN:
SF:D:\Web-Developement-Projects\quasar\vania-quasar\src\App.vue
FNF:0
FNH:0
DA:8,0
LF:1
LH:0
BRF:0
BRH:0
end_of_record
TN:
SF:D:\Web-Developement-Projects\quasar\vania-quasar\src\config.ts
FNF:0
FNH:0
DA:1,0
DA:16,0
DA:18,0
LF:3
LH:0
BRF:0
BRH:0
end_of_record
TN:
SF:D:\Web-Developement-Projects\quasar\vania-quasar\src\local-storage.ts
FN:13,(anonymous_0)
FN:22,saveTempScale
FN:32,saveTempReminder
FN:42,savePeriodReminder
FN:50,saveUseCervix
FN:58,saveEncryptionFlag
FN:63,getLicenseFlag
FN:67,saveLicenseFlag
FN:71,setObvWithInitValue
FNF:9
FNH:0
FNDA:0,(anonymous_0)
FNDA:0,saveTempScale
FNDA:0,saveTempReminder
FNDA:0,savePeriodReminder
FNDA:0,saveUseCervix
FNDA:0,saveEncryptionFlag
FNDA:0,getLicenseFlag
FNDA:0,saveLicenseFlag
FNDA:0,setObvWithInitValue
DA:1,0
DA:2,0
DA:3,0
DA:5,0
DA:6,0
DA:11,0
DA:12,0
DA:13,0
DA:14,0
DA:15,0
DA:16,0
DA:18,0
DA:22,0
DA:23,0
DA:24,0
DA:27,0
DA:28,0
DA:32,0
DA:33,0
DA:34,0
DA:37,0
DA:38,0
DA:42,0
DA:43,0
DA:44,0
DA:47,0
DA:48,0
DA:50,0
DA:51,0
DA:52,0
DA:55,0
DA:56,0
DA:58,0
DA:59,0
DA:60,0
DA:63,0
DA:64,0
DA:67,0
DA:68,0
DA:72,0
DA:74,0
DA:75,0
DA:77,0
DA:79,0
LF:44
LH:0
BRDA:15,0,0,0
BRDA:15,0,1,0
BRDA:74,1,0,0
BRDA:74,1,1,0
BRF:4
BRH:0
end_of_record
TN:
SF:D:\Web-Developement-Projects\quasar\vania-quasar\src\boot\picker.ts
FN:5,(anonymous_0)
FNF:1
FNH:0
FNDA:0,(anonymous_0)
DA:1,0
DA:2,0
DA:5,0
DA:6,0
LF:4
LH:0
BRF:0
BRH:0
end_of_record
TN:
SF:D:\Web-Developement-Projects\quasar\vania-quasar\src\boot\rx.ts
FN:6,(anonymous_0)
FNF:1
FNH:0
FNDA:0,(anonymous_0)
DA:1,0
DA:2,0
DA:6,0
DA:7,0
LF:4
LH:0
BRF:0
BRH:0
end_of_record
TN:
SF:D:\Web-Developement-Projects\quasar\vania-quasar\src\components\bleeding-dialog.vue
FN:76,(anonymous_2)
FN:73,BleedingDialogue
FN:85,(anonymous_4)
FNF:3
FNH:0
FNDA:0,(anonymous_2)
FNDA:0,BleedingDialogue
FNDA:0,(anonymous_4)
DA:59,0
DA:61,0
DA:62,0
DA:63,0
DA:73,0
DA:76,0
DA:77,0
DA:78,0
DA:80,0
DA:81,0
DA:82,0
DA:83,0
DA:85,0
DA:86,0
LF:14
LH:0
BRDA:86,0,0,0
BRDA:86,0,1,0
BRF:2
BRH:0
end_of_record
TN:
SF:D:\Web-Developement-Projects\quasar\vania-quasar\src\components\calendar-comp.vue
FN:44,(anonymous_2)
FN:41,Calendar
FN:52,(anonymous_5)
FN:56,(anonymous_6)
FN:61,(anonymous_7)
FN:62,(anonymous_8)
FN:67,(anonymous_9)
FNF:7
FNH:0
FNDA:0,(anonymous_2)
FNDA:0,Calendar
FNDA:0,(anonymous_5)
FNDA:0,(anonymous_6)
FNDA:0,(anonymous_7)
FNDA:0,(anonymous_8)
FNDA:0,(anonymous_9)
DA:31,0
DA:32,0
DA:33,0
DA:38,0
DA:39,0
DA:41,0
DA:44,0
DA:45,0
DA:46,0
DA:47,0
DA:48,0
DA:49,0
DA:51,0
DA:52,0
DA:54,0
DA:55,0
DA:56,0
DA:57,0
DA:58,0
DA:62,0
DA:63,0
DA:65,0
DA:67,0
DA:68,0
DA:69,0
LF:25
LH:0
BRDA:55,0,0,0
BRDA:55,0,1,0
BRDA:57,1,0,0
BRDA:57,1,1,0
BRDA:65,2,0,0
BRDA:65,2,1,0
BRF:6
BRH:0
end_of_record
TN:
SF:D:\Web-Developement-Projects\quasar\vania-quasar\src\components\calendar-footer.vue
FNF:0
FNH:0
DA:10,0
LF:1
LH:0
BRF:0
BRH:0
end_of_record
TN:
SF:D:\Web-Developement-Projects\quasar\vania-quasar\src\components\calendar-header.vue
FN:70,(anonymous_2)
FN:54,CalendarHeader
FN:71,_default
FNF:3
FNH:0
FNDA:0,(anonymous_2)
FNDA:0,CalendarHeader
FNDA:0,_default
DA:50,0
DA:51,0
DA:52,0
DA:54,0
DA:70,0
DA:71,0
DA:72,0
DA:73,0
DA:74,0
DA:75,0
DA:78,0
DA:79,0
DA:83,0
DA:87,0
LF:14
LH:0
BRF:0
BRH:0
end_of_record
TN:
SF:D:\Web-Developement-Projects\quasar\vania-quasar\src\components\custom-checkbox.vue
FN:22,(anonymous_2)
FN:21,CustomCheckbox
FNF:2
FNH:2
FNDA:2,(anonymous_2)
FNDA:1,CustomCheckbox
DA:18,1
DA:21,2
DA:22,5
DA:23,1
DA:24,1
DA:25,1
DA:26,1
DA:27,1
DA:28,1
DA:29,1
DA:30,1
DA:32,1
DA:36,1
DA:37,1
DA:47,0
DA:48,0
DA:49,0
LF:17
LH:14
BRF:0
BRH:0
end_of_record
TN:
SF:D:\Web-Developement-Projects\quasar\vania-quasar\src\components\custom-radio.vue
FN:24,(anonymous_2)
FNF:1
FNH:1
FNDA:4,(anonymous_2)
DA:21,1
DA:24,7
DA:25,1
DA:26,1
DA:27,1
DA:28,1
DA:29,1
DA:30,1
DA:31,1
DA:34,1
DA:37,1
LF:11
LH:11
BRF:0
BRH:0
end_of_record
TN:
SF:D:\Web-Developement-Projects\quasar\vania-quasar\src\components\day.vue
FN:31,(anonymous_2)
FN:50,(anonymous_5)
FN:52,(anonymous_6)
FN:34,_default
FNF:4
FNH:0
FNDA:0,(anonymous_2)
FNDA:0,(anonymous_5)
FNDA:0,(anonymous_6)
FNDA:0,_default
DA:25,0
DA:26,0
DA:27,0
DA:28,0
DA:31,0
DA:32,0
DA:33,0
DA:34,0
DA:35,0
DA:36,0
DA:37,0
DA:39,0
DA:48,0
DA:49,0
DA:50,0
DA:51,0
DA:54,0
DA:55,0
DA:57,0
LF:19
LH:0
BRF:0
BRH:0
end_of_record
TN:
SF:D:\Web-Developement-Projects\quasar\vania-quasar\src\components\edit-period.vue
FN:71,(anonymous_8)
FN:70,PeriodModal
FN:72,_default
FN:73,_default
FN:74,_default
FNF:5
FNH:0
FNDA:0,(anonymous_8)
FNDA:0,PeriodModal
FNDA:0,_default
FNDA:0,_default
FNDA:0,_default
DA:66,0
DA:68,0
DA:70,0
DA:71,0
DA:72,0
DA:73,0
DA:74,0
DA:75,0
DA:76,0
DA:77,0
DA:78,0
DA:79,0
DA:82,0
DA:83,0
DA:86,0
DA:87,0
DA:91,0
DA:99,0
DA:100,0
LF:19
LH:0
BRF:0
BRH:0
end_of_record
TN:
SF:D:\Web-Developement-Projects\quasar\vania-quasar\src\components\event-section.vue
FN:17,(anonymous_2)
FN:18,_default
FNF:2
FNH:0
FNDA:0,(anonymous_2)
FNDA:0,_default
DA:14,0
DA:17,0
DA:18,0
LF:3
LH:0
BRF:0
BRH:0
end_of_record
TN:
SF:D:\Web-Developement-Projects\quasar\vania-quasar\src\components\mucus-dialog.vue
FN:65,(anonymous_2)
FN:62,BleedingDialogue
FN:74,(anonymous_4)
FNF:3
FNH:0
FNDA:0,(anonymous_2)
FNDA:0,BleedingDialogue
FNDA:0,(anonymous_4)
DA:48,0
DA:50,0
DA:51,0
DA:52,0
DA:62,0
DA:65,0
DA:66,0
DA:67,0
DA:69,0
DA:70,0
DA:71,0
DA:72,0
DA:74,0
DA:75,0
LF:14
LH:0
BRDA:75,0,0,0
BRDA:75,0,1,0
BRF:2
BRH:0
end_of_record
TN:
SF:D:\Web-Developement-Projects\quasar\vania-quasar\src\components\period-handler.vue
FN:45,(anonymous_2)
FN:44,PeriodHandler
FN:58,(anonymous_6)
FNF:3
FNH:0
FNDA:0,(anonymous_2)
FNDA:0,PeriodHandler
FNDA:0,(anonymous_6)
DA:37,0
DA:39,0
DA:40,0
DA:41,0
DA:42,0
DA:44,0
DA:45,0
DA:46,0
DA:47,0
DA:48,0
DA:49,0
DA:50,0
DA:56,0
DA:57,0
DA:58,0
DA:59,0
DA:65,0
DA:70,0
DA:71,0
LF:19
LH:0
BRDA:57,0,0,0
BRDA:57,0,1,0
BRF:2
BRH:0
end_of_record
TN:
SF:D:\Web-Developement-Projects\quasar\vania-quasar\src\components\phn-modal.vue
FN:170,(anonymous_2)
FN:167,PhnModal
FN:174,(anonymous_4)
FN:175,(anonymous_5)
FN:176,(anonymous_6)
FN:177,(anonymous_7)
FN:189,(anonymous_9)
FN:171,_default
FNF:8
FNH:0
FNDA:0,(anonymous_2)
FNDA:0,PhnModal
FNDA:0,(anonymous_4)
FNDA:0,(anonymous_5)
FNDA:0,(anonymous_6)
FNDA:0,(anonymous_7)
FNDA:0,(anonymous_9)
FNDA:0,_default
DA:106,0
DA:107,0
DA:110,0
DA:112,0
DA:114,0
DA:118,0
DA:127,0
DA:167,0
DA:170,0
DA:171,0
DA:172,0
DA:174,0
DA:175,0
DA:176,0
DA:177,0
DA:179,0
DA:180,0
DA:182,0
DA:183,0
DA:184,0
DA:185,0
DA:187,0
DA:188,0
DA:192,0
DA:193,0
LF:25
LH:0
BRDA:182,0,0,0
BRDA:182,0,1,0
BRDA:183,1,0,0
BRDA:183,1,1,0
BRDA:184,2,0,0
BRDA:184,2,1,0
BRDA:185,3,0,0
BRDA:185,3,1,0
BRF:8
BRH:0
end_of_record
TN:
SF:D:\Web-Developement-Projects\quasar\vania-quasar\src\components\phn-section.vue
FN:112,(anonymous_2)
FN:102,PhnSection
FN:135,(anonymous_6)
FN:140,(anonymous_8)
FN:113,_default
FN:103,PhnModal
FN:104,subscriptions
FNF:7
FNH:0
FNDA:0,(anonymous_2)
FNDA:0,PhnSection
FNDA:0,(anonymous_6)
FNDA:0,(anonymous_8)
FNDA:0,_default
FNDA:0,PhnModal
FNDA:0,subscriptions
DA:90,0
DA:91,0
DA:94,0
DA:102,0
DA:103,0
DA:105,0
DA:112,0
DA:113,0
DA:118,0
DA:119,0
DA:120,0
DA:121,0
DA:122,0
DA:123,0
DA:124,0
DA:125,0
DA:126,0
DA:129,0
DA:134,0
DA:135,0
DA:139,0
DA:140,0
DA:144,0
DA:145,0
DA:149,0
DA:150,0
DA:154,0
DA:155,0
DA:159,0
DA:160,0
LF:30
LH:0
BRDA:135,0,0,0
BRDA:135,0,1,0
BRDA:140,1,0,0
BRDA:140,1,1,0
BRDA:145,2,0,0
BRDA:145,2,1,0
BRDA:150,3,0,0
BRDA:150,3,1,0
BRDA:155,4,0,0
BRDA:155,4,1,0
BRDA:160,5,0,0
BRDA:160,5,1,0
BRF:12
BRH:0
end_of_record
TN:
SF:D:\Web-Developement-Projects\quasar\vania-quasar\src\components\style-radio.vue
FN:47,change
FN:52,shouldBeChecked
FN:57,updateInput
FNF:3
FNH:0
FNDA:0,change
FNDA:0,shouldBeChecked
FNDA:0,updateInput
DA:48,0
DA:53,0
DA:58,0
LF:3
LH:0
BRDA:48,0,0,0
BRDA:48,0,1,0
BRF:2
BRH:0
end_of_record
TN:
SF:D:\Web-Developement-Projects\quasar\vania-quasar\src\components\temperature-dialog.vue
FN:59,range
FN:70,(anonymous_3)
FN:67,BleedingDialogue
FNF:3
FNH:0
FNDA:0,range
FNDA:0,(anonymous_3)
FNDA:0,BleedingDialogue
DA:45,0
DA:47,0
DA:48,0
DA:50,0
DA:60,0
DA:61,0
DA:62,0
DA:64,0
DA:67,0
DA:70,0
DA:71,0
DA:72,0
DA:74,0
DA:75,0
DA:76,0
DA:77,0
DA:79,0
DA:105,0
DA:106,0
DA:107,0
DA:108,0
LF:21
LH:0
BRF:0
BRH:0
end_of_record
TN:
SF:D:\Web-Developement-Projects\quasar\vania-quasar\src\db\db-unchanged.js
FN:5,(anonymous_0)
FN:6,(anonymous_1)
FNF:2
FNH:0
FNDA:0,(anonymous_0)
FNDA:0,(anonymous_1)
DA:6,0
LF:1
LH:0
BRF:0
BRH:0
end_of_record
TN:
SF:D:\Web-Developement-Projects\quasar\vania-quasar\src\events\custom-event.ts
FNF:0
FNH:0
DA:15,0
LF:1
LH:0
BRF:0
BRH:0
end_of_record
TN:
SF:D:\Web-Developement-Projects\quasar\vania-quasar\src\events\event.ts
FN:86,(anonymous_0)
FN:101,(anonymous_1)
FN:102,(anonymous_2)
FN:151,(anonymous_3)
FNF:4
FNH:0
FNDA:0,(anonymous_0)
FNDA:0,(anonymous_1)
FNDA:0,(anonymous_2)
FNDA:0,(anonymous_3)
DA:8,0
DA:13,0
DA:14,0
DA:23,0
DA:86,0
DA:87,0
DA:88,0
DA:89,0
DA:100,0
DA:101,0
DA:102,0
DA:151,0
DA:152,0
LF:13
LH:0
BRF:0
BRH:0
end_of_record
TN:
SF:D:\Web-Developement-Projects\quasar\vania-quasar\src\events\lunar.ts
FNF:0
FNH:0
DA:1,0
LF:1
LH:0
BRF:0
BRH:0
end_of_record
TN:
SF:D:\Web-Developement-Projects\quasar\vania-quasar\src\events\moon-in-scorpio.ts
FNF:0
FNH:0
DA:8,0
LF:1
LH:0
BRF:0
BRH:0
end_of_record
TN:
SF:D:\Web-Developement-Projects\quasar\vania-quasar\src\events\persian.ts
FNF:0
FNH:0
DA:1,0
LF:1
LH:0
BRF:0
BRH:0
end_of_record
TN:
SF:D:\Web-Developement-Projects\quasar\vania-quasar\src\events\solar.ts
FNF:0
FNH:0
DA:1,0
LF:1
LH:0
BRF:0
BRH:0
end_of_record
TN:
SF:D:\Web-Developement-Projects\quasar\vania-quasar\src\i18n\en\cycle-day.ts
FNF:0
FNH:0
DA:1,0
DA:2,0
DA:4,0
DA:16,0
DA:32,0
DA:45,0
DA:50,0
DA:59,0
DA:75,0
DA:89,0
DA:105,0
DA:124,0
DA:143,0
DA:145,0
LF:14
LH:0
BRF:0
BRH:0
end_of_record
TN:
SF:D:\Web-Developement-Projects\quasar\vania-quasar\src\i18n\en\labels.ts
FN:73,predictionInFuture
FN:74,predictionStartedXDaysLeft
FN:77,predictionInPast
FN:97,cycleDayKnown
FN:101,phase
FN:104,getDaysDescriptor
FN:118,postOvuText
FNF:7
FNH:0
FNDA:0,predictionInFuture
FNDA:0,predictionStartedXDaysLeft
FNDA:0,predictionInPast
FNDA:0,cycleDayKnown
FNDA:0,phase
FNDA:0,getDaysDescriptor
FNDA:0,postOvuText
DA:1,0
DA:2,0
DA:4,0
DA:23,0
DA:47,0
DA:55,0
DA:71,0
DA:73,0
DA:74,0
DA:77,0
DA:80,0
DA:92,0
DA:97,0
DA:101,0
DA:104,0
DA:105,0
DA:106,0
DA:107,0
DA:110,0
DA:119,0
LF:20
LH:0
BRDA:105,0,0,0
BRDA:105,0,1,0
BRDA:106,1,0,0
BRDA:106,1,1,0
BRF:4
BRH:0
end_of_record
TN:
SF:D:\Web-Developement-Projects\quasar\vania-quasar\src\i18n\en\settings.ts
FN:85,timeSet
FN:92,notification
FNF:2
FNH:0
FNDA:0,timeSet
FNDA:0,notification
DA:2,0
DA:20,0
DA:85,0
DA:92,0
LF:4
LH:0
BRF:0
BRH:0
end_of_record
TN:
SF:D:\Web-Developement-Projects\quasar\vania-quasar\src\i18n\en\symptom-info.ts
FNF:0
FNH:0
DA:1,0
DA:3,0
DA:14,0
LF:3
LH:0
BRF:0
BRH:0
end_of_record
TN:
SF:D:\Web-Developement-Projects\quasar\vania-quasar\src\i18n\fa\cycle-day.ts
FNF:0
FNH:0
DA:1,0
DA:2,0
DA:4,0
DA:16,0
DA:32,0
DA:45,0
DA:50,0
DA:56,0
DA:72,0
DA:95,0
DA:113,0
DA:132,0
DA:134,0
LF:13
LH:0
BRF:0
BRH:0
end_of_record
TN:
SF:D:\Web-Developement-Projects\quasar\vania-quasar\src\i18n\fa\labels.ts
FN:79,predictionInFuture
FN:80,predictionStartedXDaysLeft
FN:83,predictionInPast
FN:103,cycleDayKnown
FN:107,phase
FN:110,getDaysDescriptor
FN:124,postOvuText
FNF:7
FNH:0
FNDA:0,predictionInFuture
FNDA:0,predictionStartedXDaysLeft
FNDA:0,predictionInPast
FNDA:0,cycleDayKnown
FNDA:0,phase
FNDA:0,getDaysDescriptor
FNDA:0,postOvuText
DA:1,0
DA:2,0
DA:4,0
DA:23,0
DA:47,0
DA:55,0
DA:61,0
DA:77,0
DA:79,0
DA:80,0
DA:83,0
DA:86,0
DA:98,0
DA:103,0
DA:107,0
DA:110,0
DA:111,0
DA:112,0
DA:113,0
DA:116,0
DA:125,0
LF:21
LH:0
BRDA:111,0,0,0
BRDA:111,0,1,0
BRDA:112,1,0,0
BRDA:112,1,1,0
BRF:4
BRH:0
end_of_record
TN:
SF:D:\Web-Developement-Projects\quasar\vania-quasar\src\layouts\MyLayout.vue
FN:115,data
FNF:1
FNH:0
FNDA:0,data
DA:109,0
DA:111,0
DA:116,0
LF:3
LH:0
BRF:0
BRH:0
end_of_record
TN:
SF:D:\Web-Developement-Projects\quasar\vania-quasar\src\lib\cycle-length.ts
FN:13,getCycleLengthStats
FN:16,(anonymous_1)
FN:36,(anonymous_2)
FN:48,getSum
FN:52,throwIfArgsAreNotInRequiredFormat
FN:55,(anonymous_5)
FNF:6
FNH:0
FNDA:0,getCycleLengthStats
FNDA:0,(anonymous_1)
FNDA:0,(anonymous_2)
FNDA:0,getSum
FNDA:0,throwIfArgsAreNotInRequiredFormat
FNDA:0,(anonymous_5)
DA:2,0
DA:13,0
DA:14,0
DA:15,0
DA:16,0
DA:17,0
DA:19,0
DA:20,0
DA:21,0
DA:25,0
DA:26,0
DA:30,0
DA:31,0
DA:35,0
DA:36,0
DA:37,0
DA:39,0
DA:43,0
DA:45,0
DA:49,0
DA:53,0
DA:54,0
DA:55,0
DA:56,0
DA:57,0
LF:25
LH:0
BRDA:25,0,0,0
BRDA:25,0,1,0
BRDA:35,1,0,0
BRDA:35,1,1,0
BRF:4
BRH:0
end_of_record
TN:
SF:D:\Web-Developement-Projects\quasar\vania-quasar\src\lib\nfp-mucus.ts
FN:1,default_1
FNF:1
FNH:0
FNDA:0,default_1
DA:1,0
DA:3,0
DA:5,0
DA:11,0
DA:16,0
DA:17,0
DA:18,0
LF:7
LH:0
BRDA:3,0,0,0
BRDA:3,0,1,0
BRDA:3,1,0,0
BRDA:3,1,1,0
BRF:4
BRH:0
end_of_record
TN:
SF:D:\Web-Developement-Projects\quasar\vania-quasar\src\lib\import-export\export-to-csv.js
FN:4,transformToCsv
FN:7,(anonymous_1)
FN:8,(anonymous_2)
FN:13,(anonymous_3)
FN:18,csvify
FNF:5
FNH:0
FNDA:0,transformToCsv
FNDA:0,(anonymous_1)
FNDA:0,(anonymous_2)
FNDA:0,(anonymous_3)
FNDA:0,csvify
DA:5,0
DA:6,0
DA:8,0
DA:9,0
DA:10,0
DA:13,0
DA:14,0
DA:15,0
DA:21,0
DA:23,0
DA:25,0
DA:33,0
LF:12
LH:0
BRDA:10,0,0,0
BRDA:10,0,1,0
BRDA:25,1,0,0
BRDA:25,1,1,0
BRDA:25,1,2,0
BRDA:25,1,3,0
BRDA:25,1,4,0
BRDA:25,1,5,0
BRDA:33,2,0,0
BRDA:33,2,1,0
BRF:10
BRH:0
end_of_record
TN:
SF:D:\Web-Developement-Projects\quasar\vania-quasar\src\lib\import-export\get-csv-column-names.js
FN:3,getColumnNamesForCsv
FN:6,getPrefixedKeys
FN:9,(anonymous_2)
FNF:3
FNH:0
FNDA:0,getColumnNamesForCsv
FNDA:0,getPrefixedKeys
FNDA:0,(anonymous_2)
DA:4,0
DA:7,0
DA:8,0
DA:9,0
DA:12,0
DA:13,0
DA:14,0
DA:15,0
DA:16,0
DA:17,0
DA:19,0
DA:20,0
LF:12
LH:0
BRDA:12,0,0,0
BRDA:12,0,1,0
BRDA:13,1,0,0
BRDA:13,1,1,0
BRDA:15,2,0,0
BRDA:15,2,1,0
BRF:6
BRH:0
end_of_record
TN:
SF:D:\Web-Developement-Projects\quasar\vania-quasar\src\lib\import-export\import-from-csv.js
FN:13,importCsv
FN:15,(anonymous_1)
FN:23,(anonymous_2)
FN:26,parseNumberIfPossible
FN:36,(anonymous_4)
FN:39,(anonymous_5)
FN:63,validateHeaders
FN:65,(anonymous_7)
FN:73,putNullForEmptySymptoms
FN:76,replaceWithNullIfAllPropertiesAreNull
FN:77,(anonymous_10)
FN:79,(anonymous_11)
FN:88,getDbType
FN:95,throwIfFutureData
FN:100,(anonymous_14)
FNF:15
FNH:0
FNDA:0,importCsv
FNDA:0,(anonymous_1)
FNDA:0,(anonymous_2)
FNDA:0,parseNumberIfPossible
FNDA:0,(anonymous_4)
FNDA:0,(anonymous_5)
FNDA:0,validateHeaders
FNDA:0,(anonymous_7)
FNDA:0,putNullForEmptySymptoms
FNDA:0,replaceWithNullIfAllPropertiesAreNull
FNDA:0,(anonymous_10)
FNDA:0,(anonymous_11)
FNDA:0,getDbType
FNDA:0,throwIfFutureData
FNDA:0,(anonymous_14)
DA:14,0
DA:16,0
DA:17,0
DA:18,0
DA:23,0
DA:29,0
DA:30,0
DA:33,0
DA:34,0
DA:37,0
DA:38,0
DA:39,0
DA:40,0
DA:41,0
DA:43,0
DA:47,0
DA:52,0
DA:53,0
DA:55,0
DA:56,0
DA:58,0
DA:60,0
DA:64,0
DA:65,0
DA:66,0
DA:68,0
DA:69,0
DA:74,0
DA:77,0
DA:78,0
DA:79,0
DA:80,0
DA:81,0
DA:83,0
DA:89,0
DA:90,0
DA:91,0
DA:92,0
DA:96,0
DA:97,0
DA:98,0
DA:100,0
DA:101,0
LF:43
LH:0
BRDA:16,0,0,0
BRDA:16,0,1,0
BRDA:17,1,0,0
BRDA:17,1,1,0
BRDA:29,2,0,0
BRDA:29,2,1,0
BRDA:29,3,0,0
BRDA:29,3,1,0
BRDA:40,4,0,0
BRDA:40,4,1,0
BRDA:55,5,0,0
BRDA:55,5,1,0
BRDA:65,6,0,0
BRDA:65,6,1,0
BRDA:78,7,0,0
BRDA:78,7,1,0
BRDA:79,8,0,0
BRDA:79,8,1,0
BRDA:90,9,0,0
BRDA:90,9,1,0
BRDA:100,10,0,0
BRDA:100,10,1,0
BRDA:100,11,0,0
BRDA:100,11,1,0
BRDA:100,12,0,0
BRDA:100,12,1,0
BRF:26
BRH:0
end_of_record
TN:
SF:D:\Web-Developement-Projects\quasar\vania-quasar\src\lib\sympto\cervix.ts
FN:4,default_1
FN:7,(anonymous_1)
FN:8,(anonymous_2)
FN:26,(anonymous_3)
FN:41,(anonymous_4)
FN:43,(anonymous_5)
FN:59,isClosedAndHard
FNF:7
FNH:0
FNDA:0,default_1
FNDA:0,(anonymous_1)
FNDA:0,(anonymous_2)
FNDA:0,(anonymous_3)
FNDA:0,(anonymous_4)
FNDA:0,(anonymous_5)
FNDA:0,isClosedAndHard
DA:4,0
DA:5,0
DA:6,0
DA:7,0
DA:8,0
DA:18,0
DA:19,0
DA:20,0
DA:23,0
DA:24,0
DA:26,0
DA:27,0
DA:29,0
DA:31,0
DA:35,0
DA:39,0
DA:41,0
DA:43,0
DA:44,0
DA:47,0
DA:48,0
DA:56,0
DA:60,0
LF:23
LH:0
BRDA:7,0,0,0
BRDA:7,0,1,0
BRDA:8,1,0,0
BRDA:8,1,1,0
BRDA:20,2,0,0
BRDA:20,2,1,0
BRDA:24,3,0,0
BRDA:24,3,1,0
BRDA:29,4,0,0
BRDA:29,4,1,0
BRDA:35,5,0,0
BRDA:35,5,1,0
BRDA:41,6,0,0
BRDA:41,6,1,0
BRDA:47,7,0,0
BRDA:47,7,1,0
BRDA:60,8,0,0
BRDA:60,8,1,0
BRF:18
BRH:0
end_of_record
TN:
SF:D:\Web-Developement-Projects\quasar\vania-quasar\src\lib\sympto\mucus.ts
FN:4,default_1
FN:6,(anonymous_1)
FN:25,(anonymous_2)
FN:40,(anonymous_3)
FN:42,(anonymous_4)
FNF:5
FNH:0
FNDA:0,default_1
FNDA:0,(anonymous_1)
FNDA:0,(anonymous_2)
FNDA:0,(anonymous_3)
FNDA:0,(anonymous_4)
DA:4,0
DA:5,0
DA:6,0
DA:7,0
DA:9,0
DA:10,0
DA:12,0
DA:13,0
DA:17,0
DA:19,0
DA:22,0
DA:23,0
DA:25,0
DA:26,0
DA:28,0
DA:30,0
DA:34,0
DA:38,0
DA:40,0
DA:42,0
DA:43,0
DA:46,0
DA:47,0
DA:55,0
LF:24
LH:0
BRDA:6,0,0,0
BRDA:6,0,1,0
BRDA:12,1,0,0
BRDA:12,1,1,0
BRDA:17,2,0,0
BRDA:17,2,1,0
BRDA:19,3,0,0
BRDA:19,3,1,0
BRDA:23,4,0,0
BRDA:23,4,1,0
BRDA:28,5,0,0
BRDA:28,5,1,0
BRDA:34,6,0,0
BRDA:34,6,1,0
BRDA:40,7,0,0
BRDA:40,7,1,0
BRDA:46,8,0,0
BRDA:46,8,1,0
BRF:18
BRH:0
end_of_record
TN:
SF:D:\Web-Developement-Projects\quasar\vania-quasar\src\lib\sympto\temperature.ts
FN:4,default_1
FN:6,(anonymous_1)
FN:7,(anonymous_2)
FN:14,getLtl
FN:16,(anonymous_4)
FN:40,checkIfFirstHighMeasurement
FN:54,getResultForRegularRule
FN:55,(anonymous_7)
FN:66,getResultForFirstExceptionRule
FN:68,(anonymous_9)
FN:79,getResultForSecondExceptionRule
FN:95,secondOrThirdTempIsAtOrBelowLtl
FN:105,rounded
FN:118,isLessThan0Point2
FN:122,isBiggerOrEqual0Point2
FNF:15
FNH:0
FNDA:0,default_1
FNDA:0,(anonymous_1)
FNDA:0,(anonymous_2)
FNDA:0,getLtl
FNDA:0,(anonymous_4)
FNDA:0,checkIfFirstHighMeasurement
FNDA:0,getResultForRegularRule
FNDA:0,(anonymous_7)
FNDA:0,getResultForFirstExceptionRule
FNDA:0,(anonymous_9)
FNDA:0,getResultForSecondExceptionRule
FNDA:0,secondOrThirdTempIsAtOrBelowLtl
FNDA:0,rounded
FNDA:0,isLessThan0Point2
FNDA:0,isBiggerOrEqual0Point2
DA:4,0
DA:5,0
DA:6,0
DA:8,0
DA:15,0
DA:16,0
DA:17,0
DA:20,0
DA:22,0
DA:25,0
DA:26,0
DA:27,0
DA:29,0
DA:31,0
DA:32,0
DA:33,0
DA:37,0
DA:42,0
DA:43,0
DA:45,0
DA:47,0
DA:55,0
DA:56,0
DA:57,0
DA:58,0
DA:67,0
DA:68,0
DA:69,0
DA:70,0
DA:71,0
DA:80,0
DA:81,0
DA:82,0
DA:83,0
DA:84,0
DA:92,0
DA:96,0
DA:97,0
DA:98,0
DA:99,0
DA:101,0
DA:106,0
DA:108,0
DA:116,0
DA:119,0
DA:123,0
LF:46
LH:0
BRDA:6,0,0,0
BRDA:6,0,1,0
BRDA:22,1,0,0
BRDA:22,1,1,0
BRDA:27,2,0,0
BRDA:27,2,1,0
BRDA:31,3,0,0
BRDA:31,3,1,0
BRDA:42,4,0,0
BRDA:42,4,1,0
BRDA:48,5,0,0
BRDA:48,5,1,0
BRDA:48,5,2,0
BRDA:48,5,3,0
BRDA:55,6,0,0
BRDA:55,6,1,0
BRDA:57,7,0,0
BRDA:57,7,1,0
BRDA:67,8,0,0
BRDA:67,8,1,0
BRDA:68,9,0,0
BRDA:68,9,1,0
BRDA:70,10,0,0
BRDA:70,10,1,0
BRDA:80,11,0,0
BRDA:80,11,1,0
BRDA:81,12,0,0
BRDA:81,12,1,0
BRDA:83,13,0,0
BRDA:83,13,1,0
BRDA:98,14,0,0
BRDA:98,14,1,0
BRDA:98,15,0,0
BRDA:98,15,1,0
BRDA:98,15,2,0
BRDA:98,16,0,0
BRDA:98,16,1,0
BRF:37
BRH:0
end_of_record
TN:
SF:D:\Web-Developement-Projects\quasar\vania-quasar\src\pages\Error404.vue
FNF:0
FNH:0
DA:19,0
LF:1
LH:0
BRF:0
BRH:0
end_of_record
TN:
SF:D:\Web-Developement-Projects\quasar\vania-quasar\src\pages\Index.vue
FNF:0
FNH:0
DA:11,0
LF:1
LH:0
BRF:0
BRH:0
end_of_record
TN:
SF:D:\Web-Developement-Projects\quasar\vania-quasar\src\pages\calendar.vue
FN:113,(anonymous_2)
FN:86,CalendarPage
FN:126,(anonymous_5)
FN:98,subscriptions
FN:101,(anonymous_10)
FNF:5
FNH:0
FNDA:0,(anonymous_2)
FNDA:0,CalendarPage
FNDA:0,(anonymous_5)
FNDA:0,subscriptions
FNDA:0,(anonymous_10)
DA:55,0
DA:66,0
DA:67,0
DA:68,0
DA:69,0
DA:70,0
DA:71,0
DA:72,0
DA:73,0
DA:74,0
DA:77,0
DA:79,0
DA:82,0
DA:86,0
DA:99,0
DA:100,0
DA:101,0
DA:102,0
DA:113,0
DA:114,0
DA:115,0
DA:116,0
DA:117,0
DA:118,0
DA:119,0
DA:120,0
DA:121,0
DA:122,0
DA:126,0
DA:130,0
DA:131,0
DA:141,0
DA:142,0
LF:33
LH:0
BRF:0
BRH:0
end_of_record
TN:
SF:D:\Web-Developement-Projects\quasar\vania-quasar\src\pages\home.vue
FN:46,(anonymous_2)
FN:45,Home
FN:77,(anonymous_5)
FN:84,(anonymous_6)
FN:87,(anonymous_7)
FN:94,determinePredictionText
FN:123,getBleedingPredictionRange
FNF:7
FNH:0
FNDA:0,(anonymous_2)
FNDA:0,Home
FNDA:0,(anonymous_5)
FNDA:0,(anonymous_6)
FNDA:0,(anonymous_7)
FNDA:0,determinePredictionText
FNDA:0,getBleedingPredictionRange
DA:37,0
DA:38,0
DA:39,0
DA:40,0
DA:41,0
DA:42,0
DA:45,0
DA:46,0
DA:47,0
DA:48,0
DA:49,0
DA:50,0
DA:51,0
DA:52,0
DA:53,0
DA:54,0
DA:57,0
DA:77,0
DA:78,0
DA:79,0
DA:80,0
DA:81,0
DA:82,0
DA:84,0
DA:85,0
DA:87,0
DA:88,0
DA:89,0
DA:95,0
DA:96,0
DA:97,0
DA:98,0
DA:101,0
DA:102,0
DA:108,0
DA:109,0
DA:113,0
DA:114,0
DA:115,0
DA:116,0
DA:117,0
DA:119,0
DA:124,0
DA:125,0
DA:126,0
DA:127,0
DA:128,0
DA:129,0
DA:131,0
DA:132,0
DA:134,0
LF:51
LH:0
BRDA:95,0,0,0
BRDA:95,0,1,0
BRDA:101,1,0,0
BRDA:101,1,1,0
BRDA:108,2,0,0
BRDA:108,2,1,0
BRDA:114,3,0,0
BRDA:114,3,1,0
BRDA:116,4,0,0
BRDA:116,4,1,0
BRDA:124,5,0,0
BRDA:124,5,1,0
BRDA:128,6,0,0
BRDA:128,6,1,0
BRDA:131,7,0,0
BRDA:131,7,1,0
BRF:16
BRH:0
end_of_record
TN:
SF:D:\Web-Developement-Projects\quasar\vania-quasar\src\pages\me.vue
FN:61,(anonymous_2)
FN:58,Me
FN:67,(anonymous_5)
FNF:3
FNH:0
FNDA:0,(anonymous_2)
FNDA:0,Me
FNDA:0,(anonymous_5)
DA:52,0
DA:53,0
DA:54,0
DA:55,0
DA:56,0
DA:58,0
DA:61,0
DA:62,0
DA:63,0
DA:64,0
DA:66,0
DA:67,0
DA:69,0
DA:70,0
LF:14
LH:0
BRF:0
BRH:0
end_of_record
TN:
SF:D:\Web-Developement-Projects\quasar\vania-quasar\src\router\index.ts
FN:13,default_1
FN:15,scrollBehavior
FNF:2
FNH:0
FNDA:0,default_1
FNDA:0,scrollBehavior
DA:1,0
DA:2,0
DA:4,0
DA:6,0
DA:13,0
DA:14,0
DA:15,0
DA:25,0
LF:8
LH:0
BRF:0
BRH:0
end_of_record
TN:
SF:D:\Web-Developement-Projects\quasar\vania-quasar\src\router\routes.ts
FN:5,component
FN:5,(anonymous_1)
FN:7,component
FN:7,(anonymous_3)
FN:8,component
FN:8,(anonymous_5)
FN:17,component
FN:17,(anonymous_7)
FNF:8
FNH:0
FNDA:0,component
FNDA:0,(anonymous_1)
FNDA:0,component
FNDA:0,(anonymous_3)
FNDA:0,component
FNDA:0,(anonymous_5)
FNDA:0,component
FNDA:0,(anonymous_7)
DA:2,0
DA:5,0
DA:7,0
DA:8,0
DA:14,0
DA:15,0
DA:17,0
DA:21,0
LF:8
LH:0
BRDA:14,0,0,0
BRDA:14,0,1,0
BRF:2
BRH:0
end_of_record
TN:
SF:D:\Web-Developement-Projects\quasar\vania-quasar\src\state\cycle.ts
FN:9,moment
FN:11,calcuteCycle
FN:30,(anonymous_2)
FNF:3
FNH:0
FNDA:0,moment
FNDA:0,calcuteCycle
FNDA:0,(anonymous_2)
DA:2,0
DA:5,0
DA:6,0
DA:9,0
DA:11,0
DA:12,0
DA:13,0
DA:14,0
DA:15,0
DA:16,0
DA:17,0
DA:18,0
DA:19,0
DA:20,0
DA:22,0
DA:24,0
DA:25,0
DA:30,0
DA:31,0
DA:33,0
DA:39,0
DA:40,0
LF:22
LH:0
BRDA:13,0,0,0
BRDA:13,0,1,0
BRDA:16,1,0,0
BRDA:16,1,1,0
BRDA:17,2,0,0
BRDA:17,2,1,0
BRDA:19,3,0,0
BRDA:19,3,1,0
BRDA:19,4,0,0
BRDA:19,4,1,0
BRDA:24,5,0,0
BRDA:24,5,1,0
BRDA:24,6,0,0
BRDA:24,6,1,0
BRDA:25,7,0,0
BRDA:25,7,1,0
BRDA:39,8,0,0
BRDA:39,8,1,0
BRF:18
BRH:0
end_of_record
TN:
SF:D:\Web-Developement-Projects\quasar\vania-quasar\src\state\helper.ts
FN:8,(anonymous_0)
FN:13,(anonymous_1)
FN:52,g2d
FN:59,div
FN:61,mod
FN:63,getJdHijri
FN:74,(anonymous_6)
FN:79,(anonymous_7)
FN:79,(anonymous_8)
FN:81,(anonymous_9)
FN:87,(anonymous_10)
FNF:11
FNH:0
FNDA:0,(anonymous_0)
FNDA:0,(anonymous_1)
FNDA:0,g2d
FNDA:0,div
FNDA:0,mod
FNDA:0,getJdHijri
FNDA:0,(anonymous_6)
FNDA:0,(anonymous_7)
FNDA:0,(anonymous_8)
FNDA:0,(anonymous_9)
FNDA:0,(anonymous_10)
DA:1,0
DA:2,0
DA:5,0
DA:6,0
DA:8,0
DA:9,0
DA:10,0
DA:13,0
DA:14,0
DA:16,0
DA:18,0
DA:19,0
DA:23,0
DA:24,0
DA:28,0
DA:32,0
DA:33,0
DA:35,0
DA:52,0
DA:59,0
DA:61,0
DA:63,0
DA:65,0
DA:67,0
DA:71,0
DA:74,0
DA:75,0
DA:76,0
DA:79,0
DA:80,0
DA:81,0
DA:82,0
DA:83,0
DA:87,0
LF:34
LH:0
BRDA:9,0,0,0
BRDA:9,0,1,0
BRDA:25,1,0,0
BRDA:25,1,1,0
BRDA:25,2,0,0
BRDA:25,2,1,0
BRDA:67,3,0,0
BRDA:67,3,1,0
BRF:8
BRH:0
end_of_record
TN:
SF:D:\Web-Developement-Projects\quasar\vania-quasar\src\state\index.ts
FN:18,moment
FN:19,miladi
FN:41,(anonymous_8)
FN:41,_callee
FN:106,(anonymous_11)
FN:132,(anonymous_12)
FN:133,(anonymous_13)
FN:135,(anonymous_14)
FN:136,(anonymous_15)
FN:137,(anonymous_16)
FN:141,(anonymous_17)
FN:142,(anonymous_18)
FN:143,(anonymous_19)
FN:158,(anonymous_20)
FN:161,(anonymous_21)
FN:163,(anonymous_22)
FN:172,(anonymous_23)
FN:179,(anonymous_24)
FN:200,(anonymous_25)
FN:201,(anonymous_26)
FN:219,(anonymous_27)
FNF:21
FNH:0
FNDA:0,moment
FNDA:0,miladi
FNDA:0,(anonymous_8)
FNDA:0,_callee
FNDA:0,(anonymous_11)
FNDA:0,(anonymous_12)
FNDA:0,(anonymous_13)
FNDA:0,(anonymous_14)
FNDA:0,(anonymous_15)
FNDA:0,(anonymous_16)
FNDA:0,(anonymous_17)
FNDA:0,(anonymous_18)
FNDA:0,(anonymous_19)
FNDA:0,(anonymous_20)
FNDA:0,(anonymous_21)
FNDA:0,(anonymous_22)
FNDA:0,(anonymous_23)
FNDA:0,(anonymous_24)
FNDA:0,(anonymous_25)
FNDA:0,(anonymous_26)
FNDA:0,(anonymous_27)
DA:5,0
DA:7,0
DA:8,0
DA:10,0
DA:11,0
DA:14,0
DA:18,0
DA:19,0
DA:31,0
DA:41,0
DA:44,0
DA:45,0
DA:49,0
DA:50,0
DA:51,0
DA:52,0
DA:56,0
DA:57,0
DA:58,0
DA:59,0
DA:60,0
DA:64,0
DA:65,0
DA:66,0
DA:67,0
DA:68,0
DA:72,0
DA:73,0
DA:74,0
DA:75,0
DA:79,0
DA:80,0
DA:84,0
DA:86,0
DA:87,0
DA:91,0
DA:92,0
DA:93,0
DA:97,0
DA:98,0
DA:106,0
DA:107,0
DA:108,0
DA:111,0
DA:112,0
DA:114,0
DA:125,0
DA:127,0
DA:132,0
DA:133,0
DA:136,0
DA:137,0
DA:141,0
DA:142,0
DA:144,0
DA:145,0
DA:146,0
DA:147,0
DA:148,0
DA:149,0
DA:156,0
DA:158,0
DA:161,0
DA:163,0
DA:169,0
DA:172,0
DA:176,0
DA:180,0
DA:191,0
DA:195,0
DA:199,0
DA:200,0
DA:201,0
DA:219,0
DA:220,0
DA:221,0
LF:76
LH:0
BRDA:41,0,0,0
BRDA:41,0,1,0
BRDA:41,0,2,0
BRDA:41,0,3,0
BRDA:41,0,4,0
BRDA:41,0,5,0
BRDA:41,0,6,0
BRDA:41,0,7,0
BRDA:41,0,8,0
BRDA:41,0,9,0
BRDA:41,0,10,0
BRDA:41,0,11,0
BRDA:41,0,12,0
BRDA:41,1,0,0
BRDA:41,1,1,0
BRDA:148,2,0,0
BRDA:148,2,1,0
BRDA:152,3,0,0
BRDA:152,3,1,0
BRF:19
BRH:0
end_of_record
